#
# A fatal error has been detected by the Java Runtime Environment:
#
#  SIGSEGV (0xb) at pc=0x00000001122e7a4e, pid=6940, tid=37379
#
# JRE version: OpenJDK Runtime Environment Temurin-17.0.8.1+1 (17.0.8.1+1) (build 17.0.8.1+1)
# Java VM: OpenJDK 64-Bit Server VM Temurin-17.0.8.1+1 (17.0.8.1+1, mixed mode, tiered, compressed oops, compressed class ptrs, parallel gc, bsd-amd64)
# Problematic frame:
# J 1552 c1 java.util.concurrent.locks.AbstractQueuedSynchronizer.signalNext(Ljava/util/concurrent/locks/AbstractQueuedSynchronizer$Node;)V java.base@17.0.8.1 (34 bytes) @ 0x00000001122e7a4e [0x00000001122e79e0+0x000000000000006e]
#
# No core dump will be written. Core dumps have been disabled. To enable core dumping, try "ulimit -c unlimited" before starting Java again
#
# If you would like to submit a bug report, please visit:
#   https://github.com/adoptium/adoptium-support/issues
#

---------------  S U M M A R Y ------------

Command Line: --add-modules=ALL-SYSTEM --add-opens=java.base/java.util=ALL-UNNAMED --add-opens=java.base/java.lang=ALL-UNNAMED --add-opens=java.base/sun.nio.fs=ALL-UNNAMED -Declipse.application=org.eclipse.jdt.ls.core.id1 -Dosgi.bundles.defaultStartLevel=4 -Declipse.product=org.eclipse.jdt.ls.core.product -Djava.import.generatesMetadataFilesAtProjectRoot=false -DDetectVMInstallationsJob.disabled=true -Dfile.encoding=utf8 -XX:+UseParallelGC -XX:GCTimeRatio=4 -XX:AdaptiveSizePolicyWeight=90 -Dsun.zip.disableMemoryMapping=true -Xmx1G -Xms100m -Xlog:disable -javaagent:/Users/carpediem/.vscode/extensions/redhat.java-1.23.0-darwin-x64/lombok/lombok-1.18.30.jar -XX:+HeapDumpOnOutOfMemoryError -XX:HeapDumpPath=/Users/carpediem/Library/Application Support/Code/User/workspaceStorage/5a4e84b38b8fdc59893cc827d908d4bb/redhat.java -Daether.dependencyCollector.impl=bf /Users/carpediem/.vscode/extensions/redhat.java-1.23.0-darwin-x64/server/plugins/org.eclipse.equinox.launcher_1.6.500.v20230717-2134.jar -configuration /Users/carpediem/Library/Application Support/Code/User/globalStorage/redhat.java/1.23.0/config_mac -data /Users/carpediem/Library/Application Support/Code/User/workspaceStorage/5a4e84b38b8fdc59893cc827d908d4bb/redhat.java/jdt_ws

Host: "MacBookPro16,1" x86_64 2600 MHz, 12 cores, 32G, Darwin 19.6.0, macOS 10.15.7 (19H15)
Time: Sat Oct 21 16:23:49 2023 CEST elapsed time: 0.908596 seconds (0d 0h 0m 0s)

---------------  T H R E A D  ---------------

Current thread (0x00007fa881039000):  JavaThread "Start Level: Equinox Container: 3a6577b1-78e8-4194-864d-ae9960395865" daemon [_thread_in_Java, id=37379, stack(0x000070000b137000,0x000070000b237000)]

Stack: [0x000070000b137000,0x000070000b237000],  sp=0x000070000b234e30,  free space=1015k
Native frames: (J=compiled Java code, j=interpreted, Vv=VM code, C=native code)
J 1552 c1 java.util.concurrent.locks.AbstractQueuedSynchronizer.signalNext(Ljava/util/concurrent/locks/AbstractQueuedSynchronizer$Node;)V java.base@17.0.8.1 (34 bytes) @ 0x00000001122e7a4e [0x00000001122e79e0+0x000000000000006e]
J 1748 c1 org.eclipse.osgi.storage.bundlefile.CloseableBundleFile.lockOpen()Z (113 bytes) @ 0x000000011232cc7c [0x000000011232c780+0x00000000000004fc]
j  org.eclipse.osgi.storage.bundlefile.CloseableBundleFile.getEntry(Ljava/lang/String;)Lorg/eclipse/osgi/storage/bundlefile/BundleEntry;+1
j  org.eclipse.osgi.internal.loader.classpath.ClasspathEntry.loadManifest(Lorg/eclipse/osgi/storage/bundlefile/BundleFile;Lorg/eclipse/osgi/storage/BundleInfo$Generation;)Ljava/util/jar/Manifest;+21
j  org.eclipse.osgi.internal.loader.classpath.ClasspathEntry.<init>(Lorg/eclipse/osgi/storage/bundlefile/BundleFile;Ljava/security/ProtectionDomain;Lorg/eclipse/osgi/storage/BundleInfo$Generation;)V+46
j  org.eclipse.osgi.internal.loader.ModuleClassLoader.createClassPathEntry(Lorg/eclipse/osgi/storage/bundlefile/BundleFile;Lorg/eclipse/osgi/storage/BundleInfo$Generation;)Lorg/eclipse/osgi/internal/loader/classpath/ClasspathEntry;+12
j  org.eclipse.osgi.internal.loader.classpath.ClasspathManager.createClassPathEntry(Lorg/eclipse/osgi/storage/bundlefile/BundleFile;Lorg/eclipse/osgi/storage/BundleInfo$Generation;)Lorg/eclipse/osgi/internal/loader/classpath/ClasspathEntry;+13
j  org.eclipse.osgi.internal.loader.classpath.ClasspathManager.getClasspath(Ljava/lang/String;Lorg/eclipse/osgi/storage/BundleInfo$Generation;)Lorg/eclipse/osgi/internal/loader/classpath/ClasspathEntry;+69
j  org.eclipse.osgi.internal.loader.classpath.ClasspathManager.addStandardClassPathEntry(Ljava/util/ArrayList;Ljava/lang/String;Lorg/eclipse/osgi/internal/loader/classpath/ClasspathManager;Lorg/eclipse/osgi/storage/BundleInfo$Generation;)Z+28
j  org.eclipse.osgi.internal.loader.classpath.ClasspathManager.addClassPathEntry(Ljava/util/ArrayList;Ljava/lang/String;Lorg/eclipse/osgi/internal/loader/classpath/ClasspathManager;Lorg/eclipse/osgi/storage/BundleInfo$Generation;)Z+5
j  org.eclipse.osgi.internal.loader.classpath.ClasspathManager.findClassPathEntry(Ljava/util/ArrayList;Ljava/lang/String;Lorg/eclipse/osgi/internal/loader/classpath/ClasspathManager;Lorg/eclipse/osgi/storage/BundleInfo$Generation;)V+67
j  org.eclipse.osgi.internal.loader.classpath.ClasspathManager.buildClasspath([Ljava/lang/String;Lorg/eclipse/osgi/internal/loader/classpath/ClasspathManager;Lorg/eclipse/osgi/storage/BundleInfo$Generation;)[Lorg/eclipse/osgi/internal/loader/classpath/ClasspathEntry;+38
j  org.eclipse.osgi.internal.loader.classpath.ClasspathManager.<init>(Lorg/eclipse/osgi/storage/BundleInfo$Generation;Lorg/eclipse/osgi/internal/loader/ModuleClassLoader;)V+88
j  org.eclipse.osgi.internal.loader.EquinoxClassLoader.<init>(Ljava/lang/ClassLoader;Lorg/eclipse/osgi/internal/framework/EquinoxConfiguration;Lorg/eclipse/osgi/internal/loader/BundleLoader;Lorg/eclipse/osgi/storage/BundleInfo$Generation;)V+37
j  org.eclipse.osgi.internal.loader.BundleLoader.createClassLoaderPrivledged(Ljava/lang/ClassLoader;Lorg/eclipse/osgi/internal/framework/EquinoxConfiguration;Lorg/eclipse/osgi/internal/loader/BundleLoader;Lorg/eclipse/osgi/storage/BundleInfo$Generation;Ljava/util/List;)Lorg/eclipse/osgi/internal/loader/ModuleClassLoader;+61
j  org.eclipse.osgi.internal.loader.BundleLoader.getModuleClassLoader()Lorg/eclipse/osgi/internal/loader/ModuleClassLoader;+62
j  org.eclipse.osgi.internal.loader.BundleLoader.findEntries(Ljava/lang/String;Ljava/lang/String;I)Ljava/util/List;+1
j  org.eclipse.osgi.container.ModuleWiring.findEntries(Ljava/lang/String;Ljava/lang/String;I)Ljava/util/List;+38
j  org.eclipse.osgi.storage.ManifestLocalization.findResource(Ljava/lang/String;)Ljava/net/URL;+174
j  org.eclipse.osgi.storage.ManifestLocalization.lookupResourceBundle(Ljava/lang/String;)Lorg/eclipse/osgi/storage/ManifestLocalization$BundleResourceBundle;+144
j  org.eclipse.osgi.storage.ManifestLocalization.getResourceBundle(Ljava/lang/String;Z)Ljava/util/ResourceBundle;+2
j  org.eclipse.osgi.storage.ManifestLocalization.getHeaders(Ljava/lang/String;)Ljava/util/Dictionary;+88
j  org.eclipse.osgi.storage.BundleInfo$Generation.getHeaders(Ljava/lang/String;)Ljava/util/Dictionary;+7
j  org.eclipse.osgi.internal.framework.EquinoxBundle.privGetHeaders(Ljava/lang/String;)Ljava/util/Dictionary;+16
j  org.eclipse.osgi.internal.framework.EquinoxBundle.getHeaders(Ljava/lang/String;)Ljava/util/Dictionary;+12
j  org.eclipse.osgi.internal.framework.EquinoxBundle.getHeaders()Ljava/util/Dictionary;+2
j  org.apache.aries.spifly.BaseActivator.getAllHeaders(Ljava/lang/String;Lorg/osgi/framework/Bundle;)Ljava/util/List;+154
j  org.apache.aries.spifly.BaseActivator.addConsumerWeavingData(Lorg/osgi/framework/Bundle;Ljava/lang/String;)V+36
j  org.apache.aries.spifly.ConsumerBundleTrackerCustomizer.addingBundle(Lorg/osgi/framework/Bundle;Lorg/osgi/framework/BundleEvent;)Ljava/lang/Object;+9
j  org.osgi.util.tracker.BundleTracker$Tracked.customizerAdding(Lorg/osgi/framework/Bundle;Lorg/osgi/framework/BundleEvent;)Ljava/lang/Object;+9
j  org.osgi.util.tracker.BundleTracker$Tracked.customizerAdding(Ljava/lang/Object;Ljava/lang/Object;)Ljava/lang/Object;+9
j  org.osgi.util.tracker.AbstractTracked.trackAdding(Ljava/lang/Object;Ljava/lang/Object;)V+8
j  org.osgi.util.tracker.AbstractTracked.trackInitial()V+90
j  org.osgi.util.tracker.BundleTracker.open()V+130
j  org.apache.aries.spifly.BaseActivator.start(Lorg/osgi/framework/BundleContext;Ljava/lang/String;)V+135
j  org.apache.aries.spifly.dynamic.DynamicWeavingActivator.start(Lorg/osgi/framework/BundleContext;)V+31
j  org.eclipse.osgi.internal.framework.BundleContextImpl$2.run()Ljava/lang/Void;+23
j  org.eclipse.osgi.internal.framework.BundleContextImpl$2.run()Ljava/lang/Object;+1
J 1097 c1 java.security.AccessController.executePrivileged(Ljava/security/PrivilegedExceptionAction;Ljava/security/AccessControlContext;Ljava/lang/Class;)Ljava/lang/Object; java.base@17.0.8.1 (65 bytes) @ 0x000000011220efbc [0x000000011220ee60+0x000000000000015c]
j  java.security.AccessController.doPrivileged(Ljava/security/PrivilegedExceptionAction;)Ljava/lang/Object;+9 java.base@17.0.8.1
j  org.eclipse.osgi.internal.framework.BundleContextImpl.startActivator(Lorg/osgi/framework/BundleActivator;)V+9
j  org.eclipse.osgi.internal.framework.BundleContextImpl.start()V+134
j  org.eclipse.osgi.internal.framework.EquinoxBundle.startWorker0()V+35
j  org.eclipse.osgi.internal.framework.EquinoxBundle$EquinoxModule.startWorker()V+4
j  org.eclipse.osgi.container.Module.doStart([Lorg/eclipse/osgi/container/Module$StartOptions;)Lorg/eclipse/osgi/container/ModuleContainerAdaptor$ModuleEvent;+190
j  org.eclipse.osgi.container.Module.start([Lorg/eclipse/osgi/container/Module$StartOptions;)V+460
j  org.eclipse.osgi.container.ModuleContainer$ContainerStartLevel$2.run()V+71
j  org.eclipse.osgi.internal.framework.EquinoxContainerAdaptor$1$1.execute(Ljava/lang/Runnable;)V+1
j  org.eclipse.osgi.container.ModuleContainer$ContainerStartLevel.incStartLevel(ILjava/util/List;Z)V+192
j  org.eclipse.osgi.container.ModuleContainer$ContainerStartLevel.incStartLevel(ILjava/util/List;Ljava/util/List;Ljava/util/List;Ljava/util/List;)V+19
j  org.eclipse.osgi.container.ModuleContainer$ContainerStartLevel.doContainerStartLevel(Lorg/eclipse/osgi/container/Module;I[Lorg/osgi/framework/FrameworkListener;)V+349
j  org.eclipse.osgi.container.ModuleContainer$ContainerStartLevel.dispatchEvent(Lorg/eclipse/osgi/container/Module;[Lorg/osgi/framework/FrameworkListener;ILjava/lang/Integer;)V+32
j  org.eclipse.osgi.container.ModuleContainer$ContainerStartLevel.dispatchEvent(Ljava/lang/Object;Ljava/lang/Object;ILjava/lang/Object;)V+15
j  org.eclipse.osgi.framework.eventmgr.EventManager.dispatchEvent(Ljava/util/Set;Lorg/eclipse/osgi/framework/eventmgr/EventDispatcher;ILjava/lang/Object;)V+48
j  org.eclipse.osgi.framework.eventmgr.EventManager$EventThread.run()V+26
v  ~StubRoutines::call_stub
V  [libjvm.dylib+0x520e26]  JavaCalls::call_helper(JavaValue*, methodHandle const&, JavaCallArguments*, JavaThread*)+0x2b6
V  [libjvm.dylib+0x51fe87]  JavaCalls::call_virtual(JavaValue*, Klass*, Symbol*, Symbol*, JavaCallArguments*, JavaThread*)+0x147
V  [libjvm.dylib+0x51ff53]  JavaCalls::call_virtual(JavaValue*, Handle, Klass*, Symbol*, Symbol*, JavaThread*)+0x63
V  [libjvm.dylib+0x5ca794]  thread_entry(JavaThread*, JavaThread*)+0xb4
V  [libjvm.dylib+0xaacaef]  JavaThread::thread_main_inner()+0x14f
V  [libjvm.dylib+0xaaae5f]  Thread::call_run()+0xcf
V  [libjvm.dylib+0x8b3e8b]  thread_native_entry(Thread*)+0x14b
C  [libsystem_pthread.dylib+0x6109]  _pthread_start+0x94
C  [libsystem_pthread.dylib+0x1b8b]  thread_start+0xf


siginfo: si_signo: 11 (SIGSEGV), si_code: 1 (SEGV_MAPERR), si_addr: 0x0000000000010014

Register to memory mapping:

RAX=0x00000001122e79e0 is at entry_point+0 in (nmethod*)0x00000001122e7810
RBX=0x0000000000000003 is an unknown value
RCX=0x0000000122b8a788 is pointing into metadata
RDX=0x0000000122b7ce18 is pointing into metadata
RSP=0x000070000b234e30 is pointing into the stack for thread: 0x00007fa881039000
RBP=0x000070000b234fa8 is pointing into the stack for thread: 0x00007fa881039000
RSI=65536 is a compressed pointer to class: 0x0000000800010000
java.util.stream.FindOps$FindSink$OfRef {0x0000000800010000}
 - instance size:     3
 - klass size:        95
 - access:            final synchronized 
 - state:             fully_initialized
 - name:              'java/util/stream/FindOps$FindSink$OfRef'
 - super:             'java/util/stream/FindOps$FindSink'
 - sub:               
 - arrays:            NULL
 - methods:           Array<T>(0x00000001223b2998)
 - method ordering:   Array<T>(0x0000000122000018)
 - default_methods:   Array<T>(0x00000001223b34d0)
 - default vtable indices:   Array<T>(0x00000001223b3508)
 - local interfaces:  Array<T>(0x0000000122000058)
 - trans. interfaces: Array<T>(0x00000001223b3118)
 - constants:         constant pool [97]/operands[14] {0x00000001223b25d0} for 'java/util/stream/FindOps$FindSink$OfRef' cache=0x00000001223b35e0
 - class loader data:  loader data: 0x00007fa8d0e0a1f0 of 'bootstrap'
 - class annotations:       Array<T>(0x0000000000000000)
 - class type annotations:  Array<T>(0x0000000000000000)
 - field annotations:       Array<T>(0x0000000000000000)
 - field type annotations:  Array<T>(0x0000000000000000)
 - generic signature: '<T:Ljava/lang/Object;>Ljava/util/stream/FindOps$FindSink<TT;Ljava/util/Optional<TT;>;>;'
 - inner classes:     Array<T>(0x00000001223b2c68)
 - nest members:     Array<T>(0x0000000122000028)
 - permitted subclasses:     Array<T>(0x0000000122000028)
 - java mirror:       a 'java/lang/Class'{0x00000007ec8d41d0} = 'java/util/stream/FindOps$FindSink$OfRef'
 - vtable length      14  (start addr: 0x00000008000101d0)
 - itable length      22 (start addr: 0x0000000800010240)
 - ---- static fields (1 words):
 - static final 'OP_FIND_FIRST' 'Ljava/util/stream/TerminalOp;' @112 
 - static final 'OP_FIND_ANY' 'Ljava/util/stream/TerminalOp;' @116 
 - ---- non-static fields (2 words):
 - 'hasValue' 'Z' @12 
 - 'value' 'Ljava/lang/Object;' @16 
 - non-static oop maps: 16-16 
RDI=0x0000000000000100 is an unknown value
R8 =0x000000011232c490 is at entry_point+-752 in (nmethod*)0x000000011232c490
R9 =0x000000010a96d000 points into unknown readable memory: 0x0006050403020100 | 00 01 02 03 04 05 06 00
R10=0x0000000800000000 is pointing into metadata
R11=0x000000011232def0 is at entry_point+6000 in (nmethod*)0x000000011232c490
R12=0x0 is NULL
R13=0x00000001228c32f0 is pointing into metadata
R14=0x000070000b234e78 is pointing into the stack for thread: 0x00007fa881039000
R15=0x00007fa881039000 is a thread


Registers:
RAX=0x00000001122e79e0, RBX=0x0000000000000003, RCX=0x0000000122b8a788, RDX=0x0000000122b7ce18
RSP=0x000070000b234e30, RBP=0x000070000b234fa8, RSI=0x0000000000010000, RDI=0x0000000000000100
R8 =0x000000011232c490, R9 =0x000000010a96d000, R10=0x0000000800000000, R11=0x000000011232def0
R12=0x0000000000000000, R13=0x00000001228c32f0, R14=0x000070000b234e78, R15=0x00007fa881039000
RIP=0x00000001122e7a4e, EFLAGS=0x0000000000010206, ERR=0x0000000000000004
  TRAPNO=0x000000000000000e

Top of Stack: (sp=0x000070000b234e30)
0x000070000b234e30:   000070000b234e70 000000011232d964
0x000070000b234e40:   00000001227a2288 0000000000000001
0x000070000b234e50:   0000000122b8a788 00000001122e79e0
0x000070000b234e60:   000070000b234e70 0000000000000206
0x000070000b234e70:   000070000b234fa8 000000011232cc7c
0x000070000b234e80:   000070000b234ed0 00000001070fe7cc
0x000070000b234e90:   0000000000000008 0000000000000002
0x000070000b234ea0:   0100000000000001 000070000b234ee8
0x000070000b234eb0:   000000012202b9e8 00007fa881039000
0x000070000b234ec0:   0000000000000000 000000080007d108
0x000070000b234ed0:   000070000b234f20 0000000107116bbe
0x000070000b234ee0:   00000007eca3def0 000000012202b9e8
0x000070000b234ef0:   00000007eb16d6e8 00000007eb16d6a0
0x000070000b234f00:   00000007eb16d6e8 00000007eb16d918
0x000070000b234f10:   000070000b234fb0 00007fa881039000
0x000070000b234f20:   000070000b234f90 000000011958b91c
0x000070000b234f30:   000070000b234f90 000000011958b8e2
0x000070000b234f40:   000070000b234fa8 000000011957a317
0x000070000b234f50:   000000011957a317 00000007eb16d6a0
0x000070000b234f60:   000070000b234f60 00000001228c3c71
0x000070000b234f70:   000070000b234fd0 0000000122af7090
0x000070000b234f80:   0000000000000000 00000007ec81e760
0x000070000b234f90:   00000001228c3cc0 000070000b234f58
0x000070000b234fa0:   000070000b234fc8 000070000b235020
0x000070000b234fb0:   000000011957a23e 0000000000000000
0x000070000b234fc0:   0000000000000000 00000007c00068b8
0x000070000b234fd0:   00000007eb16d6a0 000070000b234fd8
0x000070000b234fe0:   0000000122c2e8dd 000070000b235058
0x000070000b234ff0:   0000000122c2ec48 0000000000000000
0x000070000b235000:   00000007ec818b38 0000000122c2e978
0x000070000b235010:   000070000b234fc8 000070000b235050
0x000070000b235020:   000070000b2350a8 000000011957a23e 

Instructions: (pc=0x00000001122e7a4e)
0x00000001122e794e:   00 00 00 00 00 00 00 00 00 00 00 00 00 00 00 00
0x00000001122e795e:   00 00 e0 01 00 00 02 00 00 00 ff ff ff ff ff ff
0x00000001122e796e:   ff ff 0c c0 2c c0 41 c0 3c c0 39 c0 21 34 11 c0
0x00000001122e797e:   12 c0 2c c0 36 10 0d c0 16 34 0a b0 0e c0 17 64
0x00000001122e798e:   0a 64 05 64 05 c0 17 64 5a f0 0a 80 11 64 29 64
0x00000001122e799e:   0b 00 01 f8 f1 fe 05 50 00 c0 0a 64 01 f8 49 fe
0x00000001122e79ae:   06 50 00 c0 0a 64 05 64 03 f8 7a 07 77 eb 01 00
0x00000001122e79be:   05 70 0e 64 01 f8 0e ff 06 90 0c 64 00 00 00 00
0x00000001122e79ce:   00 00 00 00 00 00 00 00 00 00 00 00 00 00 00 00
0x00000001122e79de:   00 00 89 84 24 00 c0 fe ff 55 48 83 ec 40 48 ba
0x00000001122e79ee:   18 ce b7 22 01 00 00 00 8b ba ac 00 00 00 83 c7
0x00000001122e79fe:   02 89 ba ac 00 00 00 81 e7 fe 07 00 00 83 ff 00
0x00000001122e7a0e:   0f 84 9b 01 00 00 48 83 fe 00 48 ba 18 ce b7 22
0x00000001122e7a1e:   01 00 00 00 48 bf f0 00 00 00 00 00 00 00 0f 84
0x00000001122e7a2e:   0a 00 00 00 48 bf 00 01 00 00 00 00 00 00 48 8b
0x00000001122e7a3e:   1c 3a 48 8d 5b 01 48 89 1c 3a 0f 84 4e 01 00 00
0x00000001122e7a4e:   8b 7e 14 48 c1 e7 03 48 83 ff 00 48 ba 18 ce b7
0x00000001122e7a5e:   22 01 00 00 00 48 be 10 01 00 00 00 00 00 00 0f
0x00000001122e7a6e:   84 0a 00 00 00 48 be 20 01 00 00 00 00 00 00 48
0x00000001122e7a7e:   8b 1c 32 48 8d 5b 01 48 89 1c 32 0f 84 0d 01 00
0x00000001122e7a8e:   00 8b 57 0c 83 fa 00 48 ba 18 ce b7 22 01 00 00
0x00000001122e7a9e:   00 48 be 30 01 00 00 00 00 00 00 0f 84 0a 00 00
0x00000001122e7aae:   00 48 be 40 01 00 00 00 00 00 00 48 8b 1c 32 48
0x00000001122e7abe:   8d 5b 01 48 89 1c 32 0f 84 d1 00 00 00 48 8b d7
0x00000001122e7ace:   48 be 18 ce b7 22 01 00 00 00 48 83 86 50 01 00
0x00000001122e7ade:   00 01 ba 01 00 00 00 48 8b f7 48 89 7c 24 30 66
0x00000001122e7aee:   90 e8 8c a2 2d 07 48 8b 7c 24 30 8b 57 18 48 c1
0x00000001122e7afe:   e2 03 48 be 18 ce b7 22 01 00 00 00 48 83 86 88
0x00000001122e7b0e:   01 00 00 01 48 be 70 77 b8 22 01 00 00 00 8b be
0x00000001122e7b1e:   ac 00 00 00 83 c7 02 89 be ac 00 00 00 81 e7 fe
0x00000001122e7b2e:   ff 1f 00 83 ff 00 0f 84 a0 00 00 00 48 83 fa 00
0x00000001122e7b3e:   48 be 70 77 b8 22 01 00 00 00 48 bf f0 00 00 00 


Stack slot to memory mapping:
stack at sp + 0 slots: 0x000070000b234e70 is pointing into the stack for thread: 0x00007fa881039000
stack at sp + 1 slots: 0x000000011232d964 is at entry_point+4580 in (nmethod*)0x000000011232c490
stack at sp + 2 slots: {method} {0x00000001227a2288} 'signalNext' '(Ljava/util/concurrent/locks/AbstractQueuedSynchronizer$Node;)V' in 'java/util/concurrent/locks/AbstractQueuedSynchronizer'
stack at sp + 3 slots: 0x0000000000000001 is an unknown value
stack at sp + 4 slots: 0x0000000122b8a788 is pointing into metadata
stack at sp + 5 slots: 0x00000001122e79e0 is at entry_point+0 in (nmethod*)0x00000001122e7810
stack at sp + 6 slots: 0x000070000b234e70 is pointing into the stack for thread: 0x00007fa881039000
stack at sp + 7 slots: 0x0000000000000206 is an unknown value

--------------------------------------------------------------------------------
[Constant Pool (empty)]

--------------------------------------------------------------------------------

[MachCode]
  0x00000001122e79e0: 8984 2400 | c0fe ff55 | 4883 ec40 | 48ba 18ce | b722 0100 | 0000 8bba | ac00 0000 | 83c7 0289 
  0x00000001122e7a00: baac 0000 | 0081 e7fe | 0700 0083 | ff00 0f84 | 9b01 0000 | 4883 fe00 | 48ba 18ce | b722 0100 
  0x00000001122e7a20: 0000 48bf | f000 0000 | 0000 0000 | 0f84 0a00 | 0000 48bf | 0001 0000 | 0000 0000 | 488b 1c3a 
  0x00000001122e7a40: 488d 5b01 | 4889 1c3a | 0f84 4e01 | 0000 8b7e | 1448 c1e7 | 0348 83ff | 0048 ba18 | ceb7 2201 
  0x00000001122e7a60: 0000 0048 | be10 0100 | 0000 0000 | 000f 840a | 0000 0048 | be20 0100 | 0000 0000 | 0048 8b1c 
  0x00000001122e7a80: 3248 8d5b | 0148 891c | 320f 840d | 0100 008b | 570c 83fa | 0048 ba18 | ceb7 2201 | 0000 0048 
  0x00000001122e7aa0: be30 0100 | 0000 0000 | 000f 840a | 0000 0048 | be40 0100 | 0000 0000 | 0048 8b1c | 3248 8d5b 
  0x00000001122e7ac0: 0148 891c | 320f 84d1 | 0000 0048 | 8bd7 48be | 18ce b722 | 0100 0000 | 4883 8650 | 0100 0001 
  0x00000001122e7ae0: ba01 0000 | 0048 8bf7 | 4889 7c24 | 3066 90e8 | 8ca2 2d07 | 488b 7c24 | 308b 5718 | 48c1 e203 
  0x00000001122e7b00: 48be 18ce | b722 0100 | 0000 4883 | 8688 0100 | 0001 48be | 7077 b822 | 0100 0000 | 8bbe ac00 
  0x00000001122e7b20: 0000 83c7 | 0289 beac | 0000 0081 | e7fe ff1f | 0083 ff00 | 0f84 a000 | 0000 4883 | fa00 48be 
  0x00000001122e7b40: 7077 b822 | 0100 0000 | 48bf f000 | 0000 0000 | 0000 0f84 | 0a00 0000 | 48bf 0001 | 0000 0000 
  0x00000001122e7b60: 0000 488b | 1c3e 488d | 5b01 4889 | 1c3e 0f84 | 2800 0000 | 48be c000 | 00c0 0700 | 0000 488b 
  0x00000001122e7b80: fe48 bb70 | 77b8 2201 | 0000 0048 | 8383 1001 | 0000 010f | 1f40 00e8 | e4a1 2d07 | 4883 c440 
  0x00000001122e7ba0: 5d49 3ba7 | 4803 0000 | 0f87 4d00 | 0000 c349 | ba88 227a | 2201 0000 | 004c 8954 | 2408 48c7 
  0x00000001122e7bc0: 0424 ffff | ffff e8b5 | fe37 07e9 | 44fe ffff | e8cb ad37 | 07e8 c6ad | 3707 49ba | f06e 1622 
  0x00000001122e7be0: 0100 0000 | 4c89 5424 | 0848 c704 | 24ff ffff | ffe8 8afe | 3707 e93f | ffff ff49 | baa1 7b2e 
  0x00000001122e7c00: 1201 0000 | 004d 8997 | 6003 0000 | e9ef 072e | 0790 9049 | 8b87 d803 | 0000 49c7 | 87d8 0300 
  0x00000001122e7c20: 0000 0000 | 0049 c787 | e003 0000 | 0000 0000 | 4883 c440 | 5de9 c6cd | 2e07 f4f4 | f4f4 f4f4 
  0x00000001122e7c40: 0f1f 4400 | 0048 bb00 | 0000 0000 | 0000 00e9 | fbff ffff | 9048 bb00 | 0000 0000 | 0000 00e9 
  0x00000001122e7c60: fbff ffff | e817 cb37 | 0748 bf77 | eb7a 0701 | 0000 0048 | 83e4 f0e8 | 5473 0cf5 | f449 ba7d 
  0x00000001122e7c80: 7c2e 1201 | 0000 0041 | 52e9 12fa | 2d07 f4f4 
[/MachCode]
--------------------------------------------------------------------------------


---------------  P R O C E S S  ---------------

Threads class SMR info:
_java_thread_list=0x00007fa8d0eaa640, length=17, elements={
0x00007fa8d1809200, 0x00007fa8f100b800, 0x00007fa8d1809e00, 0x00007fa8f100be00,
0x00007fa8d201ae00, 0x00007fa8d201b400, 0x00007fa8d201ba00, 0x00007fa8d2024400,
0x00007fa8d2024a00, 0x00007fa8d2039a00, 0x00007fa8d1809800, 0x00007fa8c100c200,
0x00007fa8f100da00, 0x00007fa8f105f600, 0x00007fa8e1012600, 0x00007fa8d2015a00,
0x00007fa881039000
}

Java Threads: ( => current thread )
  0x00007fa8d1809200 JavaThread "main" [_thread_blocked, id=6147, stack(0x00007000098c5000,0x00007000099c5000)]
  0x00007fa8f100b800 JavaThread "Reference Handler" daemon [_thread_blocked, id=17667, stack(0x0000700009bce000,0x0000700009cce000)]
  0x00007fa8d1809e00 JavaThread "Finalizer" daemon [_thread_blocked, id=13571, stack(0x0000700009cd1000,0x0000700009dd1000)]
  0x00007fa8f100be00 JavaThread "Signal Dispatcher" daemon [_thread_blocked, id=15619, stack(0x0000700009eda000,0x0000700009fda000)]
  0x00007fa8d201ae00 JavaThread "Service Thread" daemon [_thread_blocked, id=15875, stack(0x0000700009fdd000,0x000070000a0dd000)]
  0x00007fa8d201b400 JavaThread "Monitor Deflation Thread" daemon [_thread_blocked, id=21763, stack(0x000070000a0e0000,0x000070000a1e0000)]
  0x00007fa8d201ba00 JavaThread "C2 CompilerThread0" daemon [_thread_blocked, id=22019, stack(0x000070000a1e3000,0x000070000a2e3000)]
  0x00007fa8d2024400 JavaThread "C1 CompilerThread0" daemon [_thread_blocked, id=42755, stack(0x000070000a2e6000,0x000070000a3e6000)]
  0x00007fa8d2024a00 JavaThread "Sweeper thread" daemon [_thread_blocked, id=42499, stack(0x000070000a3e9000,0x000070000a4e9000)]
  0x00007fa8d2039a00 JavaThread "Common-Cleaner" daemon [_thread_blocked, id=42243, stack(0x000070000a4ec000,0x000070000a5ec000)]
  0x00007fa8d1809800 JavaThread "C2 CompilerThread1" daemon [_thread_blocked, id=22787, stack(0x000070000a5ef000,0x000070000a6ef000)]
  0x00007fa8c100c200 JavaThread "Notification Thread" daemon [_thread_blocked, id=23043, stack(0x000070000a6f2000,0x000070000a7f2000)]
  0x00007fa8f100da00 JavaThread "C2 CompilerThread2" daemon [_thread_blocked, id=40963, stack(0x000070000a8f8000,0x000070000a9f8000)]
  0x00007fa8f105f600 JavaThread "process reaper" daemon [_thread_blocked, id=40451, stack(0x000070000a9fb000,0x000070000aa1f000)]
  0x00007fa8e1012600 JavaThread "Active Thread: Equinox Container: 3a6577b1-78e8-4194-864d-ae9960395865" [_thread_blocked, id=37891, stack(0x000070000af31000,0x000070000b031000)]
  0x00007fa8d2015a00 JavaThread "Framework Event Dispatcher: Equinox Container: 3a6577b1-78e8-4194-864d-ae9960395865" daemon [_thread_blocked, id=24067, stack(0x000070000b034000,0x000070000b134000)]
=>0x00007fa881039000 JavaThread "Start Level: Equinox Container: 3a6577b1-78e8-4194-864d-ae9960395865" daemon [_thread_in_Java, id=37379, stack(0x000070000b137000,0x000070000b237000)]

Other Threads:
  0x00007fa8d0c0f050 VMThread "VM Thread" [stack: 0x0000700009acb000,0x0000700009bcb000] [id=18179]
  0x00007fa8c0c2f600 WatcherThread [stack: 0x000070000a7f5000,0x000070000a8f5000] [id=41475]
  0x00007fa8d0e05cb0 GCTaskThread "GC Thread#0" [stack: 0x00007000099c8000,0x0000700009ac8000] [id=19971]
  0x00007fa8c0c568b0 GCTaskThread "GC Thread#1" [stack: 0x000070000aa22000,0x000070000ab22000] [id=39939]
  0x00007fa8f0c620b0 GCTaskThread "GC Thread#2" [stack: 0x000070000ab25000,0x000070000ac25000] [id=23811]
  0x00007fa8a0d098d0 GCTaskThread "GC Thread#3" [stack: 0x000070000ac28000,0x000070000ad28000] [id=39427]
  0x00007fa8a0d0a150 GCTaskThread "GC Thread#4" [stack: 0x000070000ad2b000,0x000070000ae2b000] [id=38915]
  0x00007fa8f0c628c0 GCTaskThread "GC Thread#5" [stack: 0x000070000ae2e000,0x000070000af2e000] [id=38403]
  0x00007fa8f0c85dc0 GCTaskThread "GC Thread#6" [stack: 0x000070000b23a000,0x000070000b33a000] [id=45623]
  0x00007fa8c0c95730 GCTaskThread "GC Thread#7" [stack: 0x000070000b33d000,0x000070000b43d000] [id=84487]

Threads with active compile tasks:

VM state: not at safepoint (normal execution)

VM Mutex/Monitor currently owned by a thread: None

Heap address: 0x00000007c0000000, size: 1024 MB, Compressed Oops mode: Zero based, Oop shift amount: 3

CDS archive(s) not mapped
Compressed class space mapped at: 0x0000000800000000-0x0000000840000000, reserved size: 1073741824
Narrow klass base: 0x0000000800000000, Narrow klass shift: 0, Narrow klass range: 0x40000000

GC Precious Log:
 CPUs: 12 total, 12 available
 Memory: 32768M
 Large Page Support: Disabled
 NUMA Support: Disabled
 Compressed Oops: Enabled (Zero based)
 Alignments: Space 512K, Generation 512K, Heap 2M
 Heap Min Capacity: 100M
 Heap Initial Capacity: 100M
 Heap Max Capacity: 1G
 Pre-touch: Disabled
 Parallel Workers: 10

Heap:
 PSYoungGen      total 29696K, used 10695K [0x00000007eab00000, 0x00000007ecc00000, 0x0000000800000000)
  eden space 25600K, 25% used [0x00000007eab00000,0x00000007eb173f10,0x00000007ec400000)
  from space 4096K, 99% used [0x00000007ec800000,0x00000007ecbfe028,0x00000007ecc00000)
  to   space 4096K, 0% used [0x00000007ec400000,0x00000007ec400000,0x00000007ec800000)
 ParOldGen       total 68608K, used 1444K [0x00000007c0000000, 0x00000007c4300000, 0x00000007eab00000)
  object space 68608K, 2% used [0x00000007c0000000,0x00000007c0169370,0x00000007c4300000)
 Metaspace       used 15884K, committed 16192K, reserved 1114112K
  class space    used 1642K, committed 1792K, reserved 1048576K

Card table byte_map: [0x000000010ab43000,0x000000010ad44000] _byte_map_base: 0x0000000106d43000

Marking Bits: (ParMarkBitMap*) 0x0000000107985900
 Begin Bits: [0x000000010ae9a000, 0x000000010be9a000)
 End Bits:   [0x000000010be9a000, 0x000000010ce9a000)

Polling page: 0x0000000105299000

Metaspace:

Usage:
  Non-class:     13.91 MB used.
      Class:      1.60 MB used.
       Both:     15.51 MB used.

Virtual space:
  Non-class space:       64.00 MB reserved,      14.06 MB ( 22%) committed,  1 nodes.
      Class space:        1.00 GB reserved,       1.75 MB ( <1%) committed,  1 nodes.
             Both:        1.06 GB reserved,      15.81 MB (  1%) committed. 

Chunk freelists:
   Non-Class:  1.97 MB
       Class:  14.12 MB
        Both:  16.09 MB

MaxMetaspaceSize: unlimited
CompressedClassSpaceSize: 1.00 GB
Initial GC threshold: 21.00 MB
Current GC threshold: 21.00 MB
CDS: off
MetaspaceReclaimPolicy: balanced
 - commit_granule_bytes: 65536.
 - commit_granule_words: 8192.
 - virtual_space_node_default_size: 8388608.
 - enlarge_chunks_in_place: 1.
 - new_chunks_are_fully_committed: 0.
 - uncommit_free_chunks: 1.
 - use_allocation_guard: 0.
 - handle_deallocations: 1.


Internal statistics:

num_allocs_failed_limit: 0.
num_arena_births: 114.
num_arena_deaths: 0.
num_vsnodes_births: 2.
num_vsnodes_deaths: 0.
num_space_committed: 253.
num_space_uncommitted: 0.
num_chunks_returned_to_freelist: 0.
num_chunks_taken_from_freelist: 323.
num_chunk_merges: 0.
num_chunk_splits: 213.
num_chunks_enlarged: 159.
num_inconsistent_stats: 0.

CodeHeap 'non-profiled nmethods': size=120028Kb used=749Kb max_used=749Kb free=119279Kb
 bounds [0x0000000119b03000, 0x0000000119d73000, 0x000000012103a000]
CodeHeap 'profiled nmethods': size=120028Kb used=3032Kb max_used=3032Kb free=116995Kb
 bounds [0x000000011203a000, 0x000000011233a000, 0x0000000119571000]
CodeHeap 'non-nmethods': size=5704Kb used=1166Kb max_used=1198Kb free=4537Kb
 bounds [0x0000000119571000, 0x00000001197e1000, 0x0000000119b03000]
 total_blobs=2212 nmethods=1751 adapters=376
 compilation: enabled
              stopped_count=0, restarted_count=0
 full_count=0

Compilation events (20 events):
Event: 0.904 Thread 0x00007fa8d2024400 1748   !   3       org.eclipse.osgi.storage.bundlefile.CloseableBundleFile::lockOpen (113 bytes)
Event: 0.905 Thread 0x00007fa8f100da00 nmethod 1727 0x0000000119bb6d10 code [0x0000000119bb6ec0, 0x0000000119bb76c8]
Event: 0.905 Thread 0x00007fa8f100da00 1736  s    4       java.io.BufferedInputStream::mark (14 bytes)
Event: 0.905 Thread 0x00007fa8f100da00 nmethod 1736 0x0000000119bb7d90 code [0x0000000119bb7f20, 0x0000000119bb80d8]
Event: 0.905 Thread 0x00007fa8f100da00 1747       4       java.io.BufferedInputStream::getBufIfOpen (21 bytes)
Event: 0.905 Thread 0x00007fa8d2024400 nmethod 1748 0x000000011232c490 code [0x000000011232c780, 0x000000011232d990]
Event: 0.905 Thread 0x00007fa8d2024400 1749   !   3       org.eclipse.osgi.storage.bundlefile.CloseableBundleFile::internalOpen (112 bytes)
Event: 0.907 Thread 0x00007fa8f100da00 nmethod 1747 0x0000000119bb8190 code [0x0000000119bb8320, 0x0000000119bb83b8]
Event: 0.907 Thread 0x00007fa8f100da00 1730       4       java.util.zip.ZipFile$Source::nextEntryPos (22 bytes)
Event: 0.907 Thread 0x00007fa8d2024400 nmethod 1749 0x000000011232e010 code [0x000000011232e3c0, 0x000000011232fa50]
Event: 0.907 Thread 0x00007fa8d2024400 1750       1       sun.nio.fs.UnixFileSystem::provider (5 bytes)
Event: 0.907 Thread 0x00007fa8d2024400 nmethod 1750 0x0000000119bb8490 code [0x0000000119bb8620, 0x0000000119bb86f0]
Event: 0.907 Thread 0x00007fa8d2024400 1751       1       sun.nio.fs.UnixFileSystem::needToResolveAgainstDefaultDirectory (5 bytes)
Event: 0.907 Thread 0x00007fa8d2024400 nmethod 1751 0x0000000119bb8790 code [0x0000000119bb8920, 0x0000000119bb89f0]
Event: 0.907 Thread 0x00007fa8d2024400 1752       1       sun.nio.fs.NativeBuffer::setOwner (6 bytes)
Event: 0.907 Thread 0x00007fa8d2024400 nmethod 1752 0x0000000119bb8a90 code [0x0000000119bb8c20, 0x0000000119bb8cf0]
Event: 0.907 Thread 0x00007fa8d2024400 1753       1       sun.nio.fs.NativeBuffer::size (5 bytes)
Event: 0.907 Thread 0x00007fa8d2024400 nmethod 1753 0x0000000119bb8d90 code [0x0000000119bb8f20, 0x0000000119bb8ff0]
Event: 0.907 Thread 0x00007fa8d2024400 1754       1       sun.nio.fs.NativeBuffer::owner (5 bytes)
Event: 0.907 Thread 0x00007fa8d2024400 nmethod 1754 0x0000000119bb9090 code [0x0000000119bb9220, 0x0000000119bb92f0]

GC Heap History (4 events):
Event: 0.469 GC heap before
{Heap before GC invocations=1 (full 0):
 PSYoungGen      total 29696K, used 25600K [0x00000007eab00000, 0x00000007ecc00000, 0x0000000800000000)
  eden space 25600K, 100% used [0x00000007eab00000,0x00000007ec400000,0x00000007ec400000)
  from space 4096K, 0% used [0x00000007ec800000,0x00000007ec800000,0x00000007ecc00000)
  to   space 4096K, 0% used [0x00000007ec400000,0x00000007ec400000,0x00000007ec800000)
 ParOldGen       total 68608K, used 0K [0x00000007c0000000, 0x00000007c4300000, 0x00000007eab00000)
  object space 68608K, 0% used [0x00000007c0000000,0x00000007c0000000,0x00000007c4300000)
 Metaspace       used 11074K, committed 11136K, reserved 1114112K
  class space    used 1120K, committed 1152K, reserved 1048576K
}
Event: 0.473 GC heap after
{Heap after GC invocations=1 (full 0):
 PSYoungGen      total 29696K, used 3091K [0x00000007eab00000, 0x00000007ecc00000, 0x0000000800000000)
  eden space 25600K, 0% used [0x00000007eab00000,0x00000007eab00000,0x00000007ec400000)
  from space 4096K, 75% used [0x00000007ec400000,0x00000007ec704c38,0x00000007ec800000)
  to   space 4096K, 0% used [0x00000007ec800000,0x00000007ec800000,0x00000007ecc00000)
 ParOldGen       total 68608K, used 16K [0x00000007c0000000, 0x00000007c4300000, 0x00000007eab00000)
  object space 68608K, 0% used [0x00000007c0000000,0x00000007c0004000,0x00000007c4300000)
 Metaspace       used 11074K, committed 11136K, reserved 1114112K
  class space    used 1120K, committed 1152K, reserved 1048576K
}
Event: 0.835 GC heap before
{Heap before GC invocations=2 (full 0):
 PSYoungGen      total 29696K, used 28691K [0x00000007eab00000, 0x00000007ecc00000, 0x0000000800000000)
  eden space 25600K, 100% used [0x00000007eab00000,0x00000007ec400000,0x00000007ec400000)
  from space 4096K, 75% used [0x00000007ec400000,0x00000007ec704c38,0x00000007ec800000)
  to   space 4096K, 0% used [0x00000007ec800000,0x00000007ec800000,0x00000007ecc00000)
 ParOldGen       total 68608K, used 16K [0x00000007c0000000, 0x00000007c4300000, 0x00000007eab00000)
  object space 68608K, 0% used [0x00000007c0000000,0x00000007c0004000,0x00000007c4300000)
 Metaspace       used 14859K, committed 15104K, reserved 1114112K
  class space    used 1520K, committed 1600K, reserved 1048576K
}
Event: 0.840 GC heap after
{Heap after GC invocations=2 (full 0):
 PSYoungGen      total 29696K, used 4088K [0x00000007eab00000, 0x00000007ecc00000, 0x0000000800000000)
  eden space 25600K, 0% used [0x00000007eab00000,0x00000007eab00000,0x00000007ec400000)
  from space 4096K, 99% used [0x00000007ec800000,0x00000007ecbfe028,0x00000007ecc00000)
  to   space 4096K, 0% used [0x00000007ec400000,0x00000007ec400000,0x00000007ec800000)
 ParOldGen       total 68608K, used 1444K [0x00000007c0000000, 0x00000007c4300000, 0x00000007eab00000)
  object space 68608K, 2% used [0x00000007c0000000,0x00000007c0169370,0x00000007c4300000)
 Metaspace       used 14859K, committed 15104K, reserved 1114112K
  class space    used 1520K, committed 1600K, reserved 1048576K
}

Dll operation events (9 events):
Event: 0.006 Loaded shared library /Users/carpediem/.vscode/extensions/redhat.java-1.23.0-darwin-x64/jre/17.0.8.1-macosx-x86_64/lib/libjava.dylib
Event: 0.107 Loaded shared library /Users/carpediem/.vscode/extensions/redhat.java-1.23.0-darwin-x64/jre/17.0.8.1-macosx-x86_64/lib/libzip.dylib
Event: 0.108 Loaded shared library /Users/carpediem/.vscode/extensions/redhat.java-1.23.0-darwin-x64/jre/17.0.8.1-macosx-x86_64/lib/libinstrument.dylib
Event: 0.114 Loaded shared library /Users/carpediem/.vscode/extensions/redhat.java-1.23.0-darwin-x64/jre/17.0.8.1-macosx-x86_64/lib/libnio.dylib
Event: 0.121 Loaded shared library /Users/carpediem/.vscode/extensions/redhat.java-1.23.0-darwin-x64/jre/17.0.8.1-macosx-x86_64/lib/libzip.dylib
Event: 0.133 Loaded shared library /Users/carpediem/.vscode/extensions/redhat.java-1.23.0-darwin-x64/jre/17.0.8.1-macosx-x86_64/lib/libjimage.dylib
Event: 0.164 Loaded shared library /Users/carpediem/.vscode/extensions/redhat.java-1.23.0-darwin-x64/jre/17.0.8.1-macosx-x86_64/lib/libverify.dylib
Event: 0.495 Loaded shared library /Users/carpediem/.vscode/extensions/redhat.java-1.23.0-darwin-x64/jre/17.0.8.1-macosx-x86_64/lib/libnet.dylib
Event: 0.780 Loaded shared library /Users/carpediem/Library/Application Support/Code/User/globalStorage/redhat.java/1.23.0/config_mac/org.eclipse.equinox.launcher/org.eclipse.equinox.launcher.cocoa.macosx.x86_64_1.2.700.v20221108-1024/eclipse_11801.so

Deoptimization events (20 events):
Event: 0.846 Thread 0x00007fa881039000 Uncommon trap: trap_request=0xffffffde fr.pc=0x0000000119b6ca04 relative=0x0000000000000a04
Event: 0.846 Thread 0x00007fa881039000 Uncommon trap: reason=class_check action=maybe_recompile pc=0x0000000119b6ca04 method=java.io.DataInputStream.readInt()I @ 4 c2
Event: 0.846 Thread 0x00007fa881039000 DEOPT PACKING pc=0x0000000119b6ca04 sp=0x000070000b235330
Event: 0.846 Thread 0x00007fa881039000 DEOPT UNPACKING pc=0x00000001195c7399 sp=0x000070000b2352f0 mode 2
Event: 0.868 Thread 0x00007fa881039000 Uncommon trap: trap_request=0xffffff45 fr.pc=0x0000000119b4af9c relative=0x000000000000007c
Event: 0.868 Thread 0x00007fa881039000 Uncommon trap: reason=unstable_if action=reinterpret pc=0x0000000119b4af9c method=jdk.internal.misc.Unsafe.convEndian(ZJ)J @ 4 c2
Event: 0.868 Thread 0x00007fa881039000 DEOPT PACKING pc=0x0000000119b4af9c sp=0x000070000b234080
Event: 0.868 Thread 0x00007fa881039000 DEOPT UNPACKING pc=0x00000001195c7399 sp=0x000070000b233fc8 mode 2
Event: 0.877 Thread 0x00007fa881039000 Uncommon trap: trap_request=0xffffff45 fr.pc=0x0000000119b10cfc relative=0x000000000000005c
Event: 0.877 Thread 0x00007fa881039000 Uncommon trap: reason=unstable_if action=reinterpret pc=0x0000000119b10cfc method=java.lang.String.isLatin1()Z @ 10 c2
Event: 0.877 Thread 0x00007fa881039000 DEOPT PACKING pc=0x0000000119b10cfc sp=0x000070000b234f50
Event: 0.877 Thread 0x00007fa881039000 DEOPT UNPACKING pc=0x00000001195c7399 sp=0x000070000b234f00 mode 2
Event: 0.877 Thread 0x00007fa881039000 Uncommon trap: trap_request=0xffffff45 fr.pc=0x0000000119b2b5e8 relative=0x0000000000000048
Event: 0.877 Thread 0x00007fa881039000 Uncommon trap: reason=unstable_if action=reinterpret pc=0x0000000119b2b5e8 method=java.lang.CharacterData.of(I)Ljava/lang/CharacterData; @ 4 c2
Event: 0.877 Thread 0x00007fa881039000 DEOPT PACKING pc=0x0000000119b2b5e8 sp=0x000070000b234a90
Event: 0.877 Thread 0x00007fa881039000 DEOPT UNPACKING pc=0x00000001195c7399 sp=0x000070000b234a48 mode 2
Event: 0.888 Thread 0x00007fa881039000 Uncommon trap: trap_request=0xffffff45 fr.pc=0x0000000119ba614c relative=0x0000000000000c2c
Event: 0.888 Thread 0x00007fa881039000 Uncommon trap: reason=unstable_if action=reinterpret pc=0x0000000119ba614c method=java.util.concurrent.ConcurrentHashMap.putVal(Ljava/lang/Object;Ljava/lang/Object;Z)Ljava/lang/Object; @ 148 c2
Event: 0.888 Thread 0x00007fa881039000 DEOPT PACKING pc=0x0000000119ba614c sp=0x000070000b235b40
Event: 0.888 Thread 0x00007fa881039000 DEOPT UNPACKING pc=0x00000001195c7399 sp=0x000070000b235ac0 mode 2

Classes unloaded (0 events):
No events

Classes redefined (0 events):
No events

Internal exceptions (20 events):
Event: 0.349 Thread 0x00007fa8d1809200 Exception <a 'java/lang/NoSuchMethodError'{0x00000007eb923958}: 'java.lang.Object java.lang.invoke.DirectMethodHandle$Holder.newInvokeSpecial(java.lang.Object, java.lang.Object, java.lang.Object, int)'> (0x00000007eb923958) 
thrown [src/hotspot/share/interpreter/linkResolver.cpp, line 759]
Event: 0.350 Thread 0x00007fa8d1809200 Exception <a 'java/lang/NoSuchMethodError'{0x00000007eb92b2c8}: 'java.lang.Object java.lang.invoke.Invokers$Holder.linkToTargetMethod(java.lang.Object, java.lang.Object, int, java.lang.Object)'> (0x00000007eb92b2c8) 
thrown [src/hotspot/share/interpreter/linkResolver.cpp, line 759]
Event: 0.441 Thread 0x00007fa8d1809200 Exception <a 'java/io/FileNotFoundException'{0x00000007ec1fd170}> (0x00000007ec1fd170) 
thrown [src/hotspot/share/prims/jni.cpp, line 516]
Event: 0.459 Thread 0x00007fa8d1809200 Implicit null exception at 0x0000000119b57100 to 0x0000000119b57b20
Event: 0.459 Thread 0x00007fa8d1809200 Implicit null exception at 0x0000000119b4f06f to 0x0000000119b4f270
Event: 0.459 Thread 0x00007fa8d1809200 Implicit null exception at 0x0000000119b5016f to 0x0000000119b50364
Event: 0.459 Thread 0x00007fa8d1809200 Implicit null exception at 0x0000000119b4762f to 0x0000000119b476a9
Event: 0.485 Thread 0x00007fa8d1809200 Exception <a 'java/lang/NoSuchMethodError'{0x00000007eac03e40}: 'int java.lang.invoke.DirectMethodHandle$Holder.invokeStaticInit(java.lang.Object, java.lang.Object, java.lang.Object, java.lang.Object)'> (0x00000007eac03e40) 
thrown [src/hotspot/share/interpreter/linkResolver.cpp, line 759]
Event: 0.486 Thread 0x00007fa8d1809200 Exception <a 'java/lang/NoSuchMethodError'{0x00000007eac0e268}: 'java.lang.Object java.lang.invoke.DirectMethodHandle$Holder.invokeInterface(java.lang.Object, java.lang.Object)'> (0x00000007eac0e268) 
thrown [src/hotspot/share/interpreter/linkResolver.cpp, line 759]
Event: 0.487 Thread 0x00007fa8d1809200 Exception <a 'java/lang/IncompatibleClassChangeError'{0x00000007eac11a60}: Found class java.lang.Object, but interface was expected> (0x00000007eac11a60) 
thrown [src/hotspot/share/interpreter/linkResolver.cpp, line 826]
Event: 0.487 Thread 0x00007fa8d1809200 Exception <a 'java/lang/NoSuchMethodError'{0x00000007eac15f58}: 'void java.lang.invoke.DirectMethodHandle$Holder.invokeStatic(java.lang.Object, java.lang.Object)'> (0x00000007eac15f58) 
thrown [src/hotspot/share/interpreter/linkResolver.cpp, line 759]
Event: 0.487 Thread 0x00007fa8d1809200 Exception <a 'java/lang/NoSuchMethodError'{0x00000007eac19758}: 'void java.lang.invoke.DirectMethodHandle$Holder.invokeStaticInit(java.lang.Object, java.lang.Object)'> (0x00000007eac19758) 
thrown [src/hotspot/share/interpreter/linkResolver.cpp, line 759]
Event: 0.488 Thread 0x00007fa8d1809200 Exception <a 'java/lang/NoSuchMethodError'{0x00000007eac22510}: 'int java.lang.invoke.DirectMethodHandle$Holder.invokeStaticInit(java.lang.Object, java.lang.Object)'> (0x00000007eac22510) 
thrown [src/hotspot/share/interpreter/linkResolver.cpp, line 759]
Event: 0.514 Thread 0x00007fa8d1809200 Exception <a 'java/lang/NoSuchMethodError'{0x00000007ead59d10}: 'void java.lang.invoke.DirectMethodHandle$Holder.invokeSpecial(java.lang.Object, java.lang.Object, java.lang.Object)'> (0x00000007ead59d10) 
thrown [src/hotspot/share/interpreter/linkResolver.cpp, line 759]
Event: 0.708 Thread 0x00007fa8d1809200 Exception <a 'java/lang/NoSuchMethodError'{0x00000007eba44b40}: 'java.lang.Object java.lang.invoke.DirectMethodHandle$Holder.newInvokeSpecial(java.lang.Object, int, java.lang.Object)'> (0x00000007eba44b40) 
thrown [src/hotspot/share/interpreter/linkResolver.cpp, line 759]
Event: 0.779 Thread 0x00007fa8d1809200 Exception <a 'java/lang/UnsatisfiedLinkError'{0x00000007ebf6cd30}: 'void org.eclipse.equinox.launcher.JNIBridge._update_splash()'> (0x00000007ebf6cd30) 
thrown [src/hotspot/share/prims/nativeLookup.cpp, line 543]
Event: 0.827 Thread 0x00007fa881039000 Exception <a 'java/lang/NoSuchMethodError'{0x00000007ec364848}: 'java.lang.Object java.lang.invoke.DirectMethodHandle$Holder.newInvokeSpecial(java.lang.Object, java.lang.Object, int, java.lang.Object)'> (0x00000007ec364848) 
thrown [src/hotspot/share/interpreter/linkResolver.cpp, line 759]
Event: 0.827 Thread 0x00007fa881039000 Exception <a 'java/lang/NoSuchMethodError'{0x00000007ec368950}: 'java.lang.Object java.lang.invoke.DirectMethodHandle$Holder.invokeSpecial(java.lang.Object, java.lang.Object, java.lang.Object, int, java.lang.Object)'> (0x00000007ec368950) 
thrown [src/hotspot/share/interpreter/linkResolver.cpp, line 759]
Event: 0.851 Thread 0x00007fa881039000 Exception <a 'java/lang/NoSuchMethodError'{0x00000007eabff960}: 'java.lang.Object java.lang.invoke.DirectMethodHandle$Holder.invokeStatic(java.lang.Object, int, java.lang.Object)'> (0x00000007eabff960) 
thrown [src/hotspot/share/interpreter/linkResolver.cpp, line 759]
Event: 0.861 Thread 0x00007fa881039000 Exception <a 'java/lang/ClassNotFoundException'{0x00000007eacec7c0}: sun/util/logging/resources/spi/loggingProvider> (0x00000007eacec7c0) 
thrown [src/hotspot/share/classfile/systemDictionary.cpp, line 256]

VM Operations (20 events):
Event: 0.692 Executing VM operation: HandshakeAllThreads
Event: 0.692 Executing VM operation: HandshakeAllThreads done
Event: 0.696 Executing VM operation: HandshakeAllThreads
Event: 0.696 Executing VM operation: HandshakeAllThreads done
Event: 0.705 Executing VM operation: HandshakeAllThreads
Event: 0.705 Executing VM operation: HandshakeAllThreads done
Event: 0.785 Executing VM operation: ICBufferFull
Event: 0.785 Executing VM operation: ICBufferFull done
Event: 0.809 Executing VM operation: HandshakeAllThreads
Event: 0.809 Executing VM operation: HandshakeAllThreads done
Event: 0.835 Executing VM operation: ParallelGCFailedAllocation
Event: 0.840 Executing VM operation: ParallelGCFailedAllocation done
Event: 0.847 Executing VM operation: HandshakeAllThreads
Event: 0.847 Executing VM operation: HandshakeAllThreads done
Event: 0.868 Executing VM operation: HandshakeAllThreads
Event: 0.868 Executing VM operation: HandshakeAllThreads done
Event: 0.878 Executing VM operation: HandshakeAllThreads
Event: 0.878 Executing VM operation: HandshakeAllThreads done
Event: 0.887 Executing VM operation: HandshakeAllThreads
Event: 0.887 Executing VM operation: HandshakeAllThreads done

Events (20 events):
Event: 0.876 loading class java/util/stream/FindOps$FindSink$OfInt
Event: 0.876 loading class java/util/stream/Sink$OfInt
Event: 0.876 loading class java/util/function/IntConsumer
Event: 0.876 loading class java/util/function/IntConsumer done
Event: 0.876 loading class java/util/stream/Sink$OfInt done
Event: 0.876 loading class java/util/stream/FindOps$FindSink$OfInt done
Event: 0.876 loading class java/util/OptionalInt
Event: 0.876 loading class java/util/OptionalInt done
Event: 0.877 loading class java/util/stream/IntPipeline$10$1
Event: 0.877 loading class java/util/stream/Sink$ChainedInt
Event: 0.877 loading class java/util/stream/Sink$ChainedInt done
Event: 0.877 loading class java/util/stream/IntPipeline$10$1 done
Event: 0.877 loading class java/lang/StringUTF16$CharsSpliterator
Event: 0.877 loading class java/lang/StringUTF16$CharsSpliterator done
Event: 0.877 loading class java/lang/CharacterData00
Event: 0.877 loading class java/lang/CharacterData00 done
Event: 0.879 loading class java/time/LocalTime$1
Event: 0.879 loading class java/time/LocalTime$1 done
Event: 0.879 loading class java/util/Formattable
Event: 0.879 loading class java/util/Formattable done


Dynamic libraries:
0x00007fff722e5000 	/usr/lib/libz.1.dylib
0x0000000105257000 	/Users/carpediem/.vscode/extensions/redhat.java-1.23.0-darwin-x64/jre/17.0.8.1-macosx-x86_64/lib/libjli.dylib
0x00007fff37fca000 	/System/Library/Frameworks/Cocoa.framework/Versions/A/Cocoa
0x00007fff457c1000 	/System/Library/Frameworks/Security.framework/Versions/A/Security
0x00007fff36f2f000 	/System/Library/Frameworks/ApplicationServices.framework/Versions/A/ApplicationServices
0x00007fff6fda9000 	/usr/lib/libSystem.B.dylib
0x00007fff72ba6000 	/usr/lib/system/libcache.dylib
0x00007fff72bac000 	/usr/lib/system/libcommonCrypto.dylib
0x00007fff72bb8000 	/usr/lib/system/libcompiler_rt.dylib
0x00007fff72bc0000 	/usr/lib/system/libcopyfile.dylib
0x00007fff72bca000 	/usr/lib/system/libcorecrypto.dylib
0x00007fff72d69000 	/usr/lib/system/libdispatch.dylib
0x00007fff72daa000 	/usr/lib/system/libdyld.dylib
0x00007fff72de1000 	/usr/lib/system/libkeymgr.dylib
0x00007fff72def000 	/usr/lib/system/liblaunch.dylib
0x00007fff72df0000 	/usr/lib/system/libmacho.dylib
0x00007fff72df6000 	/usr/lib/system/libquarantine.dylib
0x00007fff72df9000 	/usr/lib/system/libremovefile.dylib
0x00007fff72dfb000 	/usr/lib/system/libsystem_asl.dylib
0x00007fff72e13000 	/usr/lib/system/libsystem_blocks.dylib
0x00007fff72e14000 	/usr/lib/system/libsystem_c.dylib
0x00007fff72e9c000 	/usr/lib/system/libsystem_configuration.dylib
0x00007fff72ea0000 	/usr/lib/system/libsystem_coreservices.dylib
0x00007fff72ea4000 	/usr/lib/system/libsystem_darwin.dylib
0x00007fff72ead000 	/usr/lib/system/libsystem_dnssd.dylib
0x00007fff72eb5000 	/usr/lib/system/libsystem_featureflags.dylib
0x00007fff72eb7000 	/usr/lib/system/libsystem_info.dylib
0x00007fff72f32000 	/usr/lib/system/libsystem_m.dylib
0x00007fff72f7a000 	/usr/lib/system/libsystem_malloc.dylib
0x00007fff72fa2000 	/usr/lib/system/libsystem_networkextension.dylib
0x00007fff72fb0000 	/usr/lib/system/libsystem_notify.dylib
0x00007fff72fce000 	/usr/lib/system/libsystem_sandbox.dylib
0x00007fff72fd3000 	/usr/lib/system/libsystem_secinit.dylib
0x00007fff72f05000 	/usr/lib/system/libsystem_kernel.dylib
0x00007fff72fba000 	/usr/lib/system/libsystem_platform.dylib
0x00007fff72fc3000 	/usr/lib/system/libsystem_pthread.dylib
0x00007fff72fd6000 	/usr/lib/system/libsystem_symptoms.dylib
0x00007fff72fde000 	/usr/lib/system/libsystem_trace.dylib
0x00007fff72ff6000 	/usr/lib/system/libunwind.dylib
0x00007fff72ffc000 	/usr/lib/system/libxpc.dylib
0x00007fff71c09000 	/usr/lib/libobjc.A.dylib
0x00007fff700e2000 	/usr/lib/libc++abi.dylib
0x00007fff7008f000 	/usr/lib/libc++.1.dylib
0x00007fff38e6c000 	/System/Library/Frameworks/CoreFoundation.framework/Versions/A/CoreFoundation
0x00007fff3b529000 	/System/Library/Frameworks/Foundation.framework/Versions/C/Foundation
0x00007fff3611f000 	/System/Library/Frameworks/AppKit.framework/Versions/C/AppKit
0x00007fff3894e000 	/System/Library/Frameworks/CoreData.framework/Versions/A/CoreData
0x00007fff69dbe000 	/System/Library/PrivateFrameworks/UIFoundation.framework/Versions/A/UIFoundation
0x00007fff64e52000 	/System/Library/PrivateFrameworks/RemoteViewServices.framework/Versions/A/RemoteViewServices
0x00007fff6c919000 	/System/Library/PrivateFrameworks/XCTTargetBootstrap.framework/Versions/A/XCTTargetBootstrap
0x00007fff38d39000 	/System/Library/Frameworks/CoreDisplay.framework/Versions/A/CoreDisplay
0x00007fff3e3e4000 	/System/Library/Frameworks/Metal.framework/Versions/A/Metal
0x00007fff52e55000 	/System/Library/PrivateFrameworks/DesktopServicesPriv.framework/Versions/A/DesktopServicesPriv
0x00007fff70ee4000 	/usr/lib/liblangid.dylib
0x00007fff520ea000 	/System/Library/PrivateFrameworks/CoreSVG.framework/Versions/A/CoreSVG
0x00007fff67fae000 	/System/Library/PrivateFrameworks/SkyLight.framework/Versions/A/SkyLight
0x00007fff392ed000 	/System/Library/Frameworks/CoreGraphics.framework/Versions/A/CoreGraphics
0x00007fff34af3000 	/System/Library/Frameworks/Accelerate.framework/Versions/A/Accelerate
0x00007fff721d6000 	/usr/lib/libxml2.2.dylib
0x00007fff5dddd000 	/System/Library/PrivateFrameworks/IconServices.framework/Versions/A/IconServices
0x00007fff3bd08000 	/System/Library/Frameworks/IOSurface.framework/Versions/A/IOSurface
0x00007fff6f8d3000 	/usr/lib/libDiagnosticMessagesClient.dylib
0x00007fff52caf000 	/System/Library/PrivateFrameworks/DFRFoundation.framework/Versions/A/DFRFoundation
0x00007fff70c73000 	/usr/lib/libicucore.A.dylib
0x00007fff37261000 	/System/Library/Frameworks/AudioToolbox.framework/Versions/A/AudioToolbox
0x00007fff37344000 	/System/Library/Frameworks/AudioUnit.framework/Versions/A/AudioUnit
0x00007fff6ffab000 	/usr/lib/libauto.dylib
0x00007fff52d51000 	/System/Library/PrivateFrameworks/DataDetectorsCore.framework/Versions/A/DataDetectorsCore
0x00007fff37aeb000 	/System/Library/Frameworks/Carbon.framework/Versions/A/Frameworks/HIToolbox.framework/Versions/A/HIToolbox
0x00007fff449bd000 	/System/Library/Frameworks/QuartzCore.framework/Versions/A/QuartzCore
0x00007fff37e2a000 	/System/Library/Frameworks/Carbon.framework/Versions/A/Frameworks/SpeechRecognition.framework/Versions/A/SpeechRecognition
0x00007fff527c3000 	/System/Library/PrivateFrameworks/CoreUI.framework/Versions/A/CoreUI
0x00007fff383b9000 	/System/Library/Frameworks/CoreAudio.framework/Versions/A/CoreAudio
0x00007fff3b1e8000 	/System/Library/Frameworks/DiskArbitration.framework/Versions/A/DiskArbitration
0x00007fff5fe2d000 	/System/Library/PrivateFrameworks/MultitouchSupport.framework/Versions/A/MultitouchSupport
0x00007fff70b3a000 	/usr/lib/libenergytrace.dylib
0x00007fff3bc62000 	/System/Library/Frameworks/IOKit.framework/Versions/A/IOKit
0x00007fff3a254000 	/System/Library/Frameworks/CoreServices.framework/Versions/A/CoreServices
0x00007fff61fe5000 	/System/Library/PrivateFrameworks/PerformanceAnalysis.framework/Versions/A/PerformanceAnalysis
0x00007fff439f0000 	/System/Library/Frameworks/OpenGL.framework/Versions/A/OpenGL
0x00007fff37fd8000 	/System/Library/Frameworks/ColorSync.framework/Versions/A/ColorSync
0x00007fff39970000 	/System/Library/Frameworks/CoreImage.framework/Versions/A/CoreImage
0x00007fff3acc7000 	/System/Library/Frameworks/CoreText.framework/Versions/A/CoreText
0x00007fff3bd98000 	/System/Library/Frameworks/ImageIO.framework/Versions/A/ImageIO
0x00007fff7010b000 	/usr/lib/libcompression.dylib
0x00007fff6fc17000 	/usr/lib/libMobileGestalt.dylib
0x00007fff69b28000 	/System/Library/PrivateFrameworks/TextureIO.framework/Versions/A/TextureIO
0x00007fff6ff0e000 	/usr/lib/libate.dylib
0x00007fff5dfe6000 	/System/Library/PrivateFrameworks/InternationalSupport.framework/Versions/A/InternationalSupport
0x00007fff70ee6000 	/usr/lib/liblzma.5.dylib
0x00007fff70b61000 	/usr/lib/libfakelink.dylib
0x00007fff6fe9b000 	/usr/lib/libarchive.2.dylib
0x00007fff46872000 	/System/Library/Frameworks/SystemConfiguration.framework/Versions/A/SystemConfiguration
0x00007fff6f806000 	/usr/lib/libCRFSuite.dylib
0x00007fff376db000 	/System/Library/Frameworks/CFNetwork.framework/Versions/A/CFNetwork
0x00007fff70071000 	/usr/lib/libbsm.0.dylib
0x00007fff72de2000 	/usr/lib/system/libkxld.dylib
0x00007fff4c62c000 	/System/Library/PrivateFrameworks/AppleFSCompression.framework/Versions/A/AppleFSCompression
0x00007fff703fc000 	/usr/lib/libcoretls.dylib
0x00007fff70413000 	/usr/lib/libcoretls_cfhelpers.dylib
0x00007fff71c4f000 	/usr/lib/libpam.2.dylib
0x00007fff71d84000 	/usr/lib/libsqlite3.dylib
0x00007fff721c3000 	/usr/lib/libxar.1.dylib
0x00007fff70082000 	/usr/lib/libbz2.1.0.dylib
0x00007fff70b82000 	/usr/lib/libiconv.2.dylib
0x00007fff700f8000 	/usr/lib/libcharset.1.dylib
0x00007fff716ec000 	/usr/lib/libnetwork.dylib
0x00007fff71c56000 	/usr/lib/libpcap.A.dylib
0x00007fff6fe50000 	/usr/lib/libapple_nghttp2.dylib
0x00007fff3a60b000 	/System/Library/Frameworks/CoreServices.framework/Versions/A/Frameworks/FSEvents.framework/Versions/A/FSEvents
0x00007fff3a2db000 	/System/Library/Frameworks/CoreServices.framework/Versions/A/Frameworks/CarbonCore.framework/Versions/A/CarbonCore
0x00007fff3a84f000 	/System/Library/Frameworks/CoreServices.framework/Versions/A/Frameworks/Metadata.framework/Versions/A/Metadata
0x00007fff3a8e8000 	/System/Library/Frameworks/CoreServices.framework/Versions/A/Frameworks/OSServices.framework/Versions/A/OSServices
0x00007fff3a916000 	/System/Library/Frameworks/CoreServices.framework/Versions/A/Frameworks/SearchKit.framework/Versions/A/SearchKit
0x00007fff3a255000 	/System/Library/Frameworks/CoreServices.framework/Versions/A/Frameworks/AE.framework/Versions/A/AE
0x00007fff3a614000 	/System/Library/Frameworks/CoreServices.framework/Versions/A/Frameworks/LaunchServices.framework/Versions/A/LaunchServices
0x00007fff3a5bd000 	/System/Library/Frameworks/CoreServices.framework/Versions/A/Frameworks/DictionaryServices.framework/Versions/A/DictionaryServices
0x00007fff3a97e000 	/System/Library/Frameworks/CoreServices.framework/Versions/A/Frameworks/SharedFileList.framework/Versions/A/SharedFileList
0x00007fff3f80f000 	/System/Library/Frameworks/NetFS.framework/Versions/A/NetFS
0x00007fff6035d000 	/System/Library/PrivateFrameworks/NetAuth.framework/Versions/A/NetAuth
0x00007fff6cce6000 	/System/Library/PrivateFrameworks/login.framework/Versions/A/Frameworks/loginsupport.framework/Versions/A/loginsupport
0x00007fff695f3000 	/System/Library/PrivateFrameworks/TCC.framework/Versions/A/TCC
0x00007fff5125d000 	/System/Library/PrivateFrameworks/CoreNLP.framework/Versions/A/CoreNLP
0x00007fff5f85a000 	/System/Library/PrivateFrameworks/MetadataUtilities.framework/Versions/A/MetadataUtilities
0x00007fff70fbe000 	/usr/lib/libmecabra.dylib
0x00007fff70f16000 	/usr/lib/libmecab.dylib
0x00007fff70b72000 	/usr/lib/libgermantok.dylib
0x00007fff6fe37000 	/usr/lib/libThaiTokenizer.dylib
0x00007fff6f83d000 	/usr/lib/libChineseTokenizer.dylib
0x00007fff34b0b000 	/System/Library/Frameworks/Accelerate.framework/Versions/A/Frameworks/vImage.framework/Versions/A/vImage
0x00007fff35f75000 	/System/Library/Frameworks/Accelerate.framework/Versions/A/Frameworks/vecLib.framework/Versions/A/vecLib
0x00007fff35eb2000 	/System/Library/Frameworks/Accelerate.framework/Versions/A/Frameworks/vecLib.framework/Versions/A/libvMisc.dylib
0x00007fff35cda000 	/System/Library/Frameworks/Accelerate.framework/Versions/A/Frameworks/vecLib.framework/Versions/A/libvDSP.dylib
0x00007fff35162000 	/System/Library/Frameworks/Accelerate.framework/Versions/A/Frameworks/vecLib.framework/Versions/A/libBLAS.dylib
0x00007fff3589e000 	/System/Library/Frameworks/Accelerate.framework/Versions/A/Frameworks/vecLib.framework/Versions/A/libLAPACK.dylib
0x00007fff35c3a000 	/System/Library/Frameworks/Accelerate.framework/Versions/A/Frameworks/vecLib.framework/Versions/A/libLinearAlgebra.dylib
0x00007fff35cc7000 	/System/Library/Frameworks/Accelerate.framework/Versions/A/Frameworks/vecLib.framework/Versions/A/libSparseBLAS.dylib
0x00007fff35c50000 	/System/Library/Frameworks/Accelerate.framework/Versions/A/Frameworks/vecLib.framework/Versions/A/libQuadrature.dylib
0x00007fff353ca000 	/System/Library/Frameworks/Accelerate.framework/Versions/A/Frameworks/vecLib.framework/Versions/A/libBNNS.dylib
0x00007fff35c56000 	/System/Library/Frameworks/Accelerate.framework/Versions/A/Frameworks/vecLib.framework/Versions/A/libSparse.dylib
0x00007fff5e3ce000 	/System/Library/PrivateFrameworks/LanguageModeling.framework/Versions/A/LanguageModeling
0x00007fff50c0d000 	/System/Library/PrivateFrameworks/CoreEmoji.framework/Versions/A/CoreEmoji
0x00007fff5e4ec000 	/System/Library/PrivateFrameworks/LinguisticData.framework/Versions/A/LinguisticData
0x00007fff5e49d000 	/System/Library/PrivateFrameworks/Lexicon.framework/Versions/A/Lexicon
0x00007fff700f9000 	/usr/lib/libcmph.dylib
0x00007fff423fe000 	/System/Library/Frameworks/OpenDirectory.framework/Versions/A/Frameworks/CFOpenDirectory.framework/Versions/A/CFOpenDirectory
0x00007fff4241b000 	/System/Library/Frameworks/OpenDirectory.framework/Versions/A/OpenDirectory
0x00007fff4a85c000 	/System/Library/PrivateFrameworks/APFS.framework/Versions/A/APFS
0x00007fff45b0b000 	/System/Library/Frameworks/SecurityFoundation.framework/Versions/A/SecurityFoundation
0x00007fff721bf000 	/usr/lib/libutil.dylib
0x00007fff52142000 	/System/Library/PrivateFrameworks/CoreServicesStore.framework/Versions/A/CoreServicesStore
0x00007fff45bc2000 	/System/Library/Frameworks/ServiceManagement.framework/Versions/A/ServiceManagement
0x00007fff4ddfc000 	/System/Library/PrivateFrameworks/BackgroundTaskManagement.framework/Versions/A/BackgroundTaskManagement
0x00007fff722bc000 	/usr/lib/libxslt.1.dylib
0x00007fff4cc9f000 	/System/Library/PrivateFrameworks/AppleSystemInfo.framework/Versions/A/AppleSystemInfo
0x00007fff3bfb3000 	/System/Library/Frameworks/ImageIO.framework/Versions/A/Resources/libJPEG.dylib
0x00007fff3c272000 	/System/Library/Frameworks/ImageIO.framework/Versions/A/Resources/libTIFF.dylib
0x00007fff3c255000 	/System/Library/Frameworks/ImageIO.framework/Versions/A/Resources/libPng.dylib
0x00007fff3bef5000 	/System/Library/Frameworks/ImageIO.framework/Versions/A/Resources/libGIF.dylib
0x00007fff3bef9000 	/System/Library/Frameworks/ImageIO.framework/Versions/A/Resources/libJP2.dylib
0x00007fff3c270000 	/System/Library/Frameworks/ImageIO.framework/Versions/A/Resources/libRadiance.dylib
0x00007fff70b3b000 	/usr/lib/libexpat.1.dylib
0x00007fff4c787000 	/System/Library/PrivateFrameworks/AppleJPEG.framework/Versions/A/AppleJPEG
0x00007fff55442000 	/System/Library/PrivateFrameworks/FontServices.framework/libFontParser.dylib
0x00007fff6bce8000 	/System/Library/PrivateFrameworks/WatchdogClient.framework/Versions/A/WatchdogClient
0x00007fff5da29000 	/System/Library/PrivateFrameworks/IOAccelerator.framework/Versions/A/IOAccelerator
0x00007fff3e77f000 	/System/Library/Frameworks/MetalPerformanceShaders.framework/Versions/A/MetalPerformanceShaders
0x00007fff5a1bf000 	/System/Library/PrivateFrameworks/GPUWrangler.framework/Versions/A/GPUWrangler
0x00007fff5da3e000 	/System/Library/PrivateFrameworks/IOPresentment.framework/Versions/A/IOPresentment
0x00007fff52cc2000 	/System/Library/PrivateFrameworks/DSExternalDisplay.framework/Versions/A/DSExternalDisplay
0x00007fff42d8f000 	/System/Library/Frameworks/OpenGL.framework/Versions/A/Libraries/libCoreFSCache.dylib
0x00007fff3e4cb000 	/System/Library/Frameworks/MetalPerformanceShaders.framework/Frameworks/MPSCore.framework/Versions/A/MPSCore
0x00007fff3e509000 	/System/Library/Frameworks/MetalPerformanceShaders.framework/Frameworks/MPSImage.framework/Versions/A/MPSImage
0x00007fff3e5d0000 	/System/Library/Frameworks/MetalPerformanceShaders.framework/Frameworks/MPSNeuralNetwork.framework/Versions/A/MPSNeuralNetwork
0x00007fff3e594000 	/System/Library/Frameworks/MetalPerformanceShaders.framework/Frameworks/MPSMatrix.framework/Versions/A/MPSMatrix
0x00007fff3e72f000 	/System/Library/Frameworks/MetalPerformanceShaders.framework/Frameworks/MPSRayIntersector.framework/Versions/A/MPSRayIntersector
0x00007fff3e5ba000 	/System/Library/Frameworks/MetalPerformanceShaders.framework/Frameworks/MPSNDArray.framework/Versions/A/MPSNDArray
0x00007fff5f8a7000 	/System/Library/PrivateFrameworks/MetalTools.framework/Versions/A/MetalTools
0x00007fff4ba36000 	/System/Library/PrivateFrameworks/AggregateDictionary.framework/Versions/A/AggregateDictionary
0x00007fff50655000 	/System/Library/PrivateFrameworks/CoreAnalytics.framework/Versions/A/CoreAnalytics
0x00007fff4cbbe000 	/System/Library/PrivateFrameworks/AppleSauce.framework/Versions/A/AppleSauce
0x00007fff6faf9000 	/usr/lib/libIOReport.dylib
0x00007fff3ae7f000 	/System/Library/Frameworks/CoreVideo.framework/Versions/A/CoreVideo
0x00007fff5b638000 	/System/Library/PrivateFrameworks/GraphVisualizer.framework/Versions/A/GraphVisualizer
0x00007fff54988000 	/System/Library/PrivateFrameworks/FaceCore.framework/Versions/A/FaceCore
0x00007fff423a5000 	/System/Library/Frameworks/OpenCL.framework/Versions/A/OpenCL
0x00007fff6f91b000 	/usr/lib/libFosl_dynamic.dylib
0x00007fff60d7d000 	/System/Library/PrivateFrameworks/OTSVG.framework/Versions/A/OTSVG
0x00007fff37034000 	/System/Library/Frameworks/ApplicationServices.framework/Versions/A/Frameworks/ATS.framework/Versions/A/Resources/libFontRegistry.dylib
0x00007fff55613000 	/System/Library/PrivateFrameworks/FontServices.framework/libhvf.dylib
0x00007fff42d9a000 	/System/Library/Frameworks/OpenGL.framework/Versions/A/Libraries/libGFXShared.dylib
0x00007fff42f78000 	/System/Library/Frameworks/OpenGL.framework/Versions/A/Libraries/libGLU.dylib
0x00007fff42da3000 	/System/Library/Frameworks/OpenGL.framework/Versions/A/Libraries/libGL.dylib
0x00007fff42dae000 	/System/Library/Frameworks/OpenGL.framework/Versions/A/Libraries/libGLImage.dylib
0x00007fff42d8c000 	/System/Library/Frameworks/OpenGL.framework/Versions/A/Libraries/libCVMSPluginSupport.dylib
0x00007fff42d95000 	/System/Library/Frameworks/OpenGL.framework/Versions/A/Libraries/libCoreVMClient.dylib
0x00007fff7158d000 	/usr/lib/libncurses.5.4.dylib
0x00007fff36f30000 	/System/Library/Frameworks/ApplicationServices.framework/Versions/A/Frameworks/ATS.framework/Versions/A/ATS
0x00007fff370fd000 	/System/Library/Frameworks/ApplicationServices.framework/Versions/A/Frameworks/ColorSyncLegacy.framework/Versions/A/ColorSyncLegacy
0x00007fff3719b000 	/System/Library/Frameworks/ApplicationServices.framework/Versions/A/Frameworks/HIServices.framework/Versions/A/HIServices
0x00007fff371f3000 	/System/Library/Frameworks/ApplicationServices.framework/Versions/A/Frameworks/LangAnalysis.framework/Versions/A/LangAnalysis
0x00007fff37202000 	/System/Library/Frameworks/ApplicationServices.framework/Versions/A/Frameworks/PrintCore.framework/Versions/A/PrintCore
0x00007fff37248000 	/System/Library/Frameworks/ApplicationServices.framework/Versions/A/Frameworks/QD.framework/Versions/A/QD
0x00007fff37253000 	/System/Library/Frameworks/ApplicationServices.framework/Versions/A/Frameworks/SpeechSynthesis.framework/Versions/A/SpeechSynthesis
0x00007fff370cd000 	/System/Library/Frameworks/ApplicationServices.framework/Versions/A/Frameworks/ATSUI.framework/Versions/A/ATSUI
0x00007fff709d1000 	/usr/lib/libcups.2.dylib
0x00007fff3d81a000 	/System/Library/Frameworks/Kerberos.framework/Versions/A/Kerberos
0x00007fff3b95b000 	/System/Library/Frameworks/GSS.framework/Versions/A/GSS
0x00007fff71d10000 	/usr/lib/libresolv.9.dylib
0x00007fff5b7e5000 	/System/Library/PrivateFrameworks/Heimdal.framework/Versions/A/Heimdal
0x00007fff3d82d000 	/System/Library/Frameworks/Kerberos.framework/Versions/A/Libraries/libHeimdalProxy.dylib
0x00007fff70b78000 	/usr/lib/libheimdal-asn1.dylib
0x00007fff4faed000 	/System/Library/PrivateFrameworks/CommonAuth.framework/Versions/A/CommonAuth
0x00007fff4cd3c000 	/System/Library/PrivateFrameworks/AssertionServices.framework/Versions/A/AssertionServices
0x00007fff4d8df000 	/System/Library/PrivateFrameworks/AudioToolboxCore.framework/Versions/A/AudioToolboxCore
0x00007fff6c996000 	/System/Library/PrivateFrameworks/caulk.framework/Versions/A/caulk
0x00007fff4dea8000 	/System/Library/PrivateFrameworks/BaseBoard.framework/Versions/A/BaseBoard
0x00007fff64fe0000 	/System/Library/PrivateFrameworks/RunningBoardServices.framework/Versions/A/RunningBoardServices
0x00007fff61ff1000 	/System/Library/PrivateFrameworks/PersistentConnection.framework/Versions/A/PersistentConnection
0x00007fff649d9000 	/System/Library/PrivateFrameworks/ProtocolBuffer.framework/Versions/A/ProtocolBuffer
0x00007fff4fb11000 	/System/Library/PrivateFrameworks/CommonUtilities.framework/Versions/A/CommonUtilities
0x00007fff4e036000 	/System/Library/PrivateFrameworks/Bom.framework/Versions/A/Bom
0x00007fff6f7cc000 	/usr/lib/libAudioToolboxUtility.dylib
0x00007fff4de06000 	/System/Library/PrivateFrameworks/Backup.framework/Versions/A/Backup
0x00007fff52be3000 	/System/Library/PrivateFrameworks/CrashReporterSupport.framework/Versions/A/CrashReporterSupport
0x00007fff66a72000 	/System/Library/PrivateFrameworks/Sharing.framework/Versions/A/Sharing
0x00007fff4c34a000 	/System/Library/PrivateFrameworks/Apple80211.framework/Versions/A/Apple80211
0x00007fff4db23000 	/System/Library/PrivateFrameworks/AuthKit.framework/Versions/A/AuthKit
0x00007fff528f0000 	/System/Library/PrivateFrameworks/CoreUtils.framework/Versions/A/CoreUtils
0x00007fff3aec4000 	/System/Library/Frameworks/CoreWLAN.framework/Versions/A/CoreWLAN
0x00007fff3bae8000 	/System/Library/Frameworks/IOBluetooth.framework/Versions/A/IOBluetooth
0x00007fff5fbac000 	/System/Library/PrivateFrameworks/MobileKeyBag.framework/Versions/A/MobileKeyBag
0x00007fff516f5000 	/System/Library/PrivateFrameworks/CorePhoneNumbers.framework/Versions/A/CorePhoneNumbers
0x00007fff4c73a000 	/System/Library/PrivateFrameworks/AppleIDAuthSupport.framework/Versions/A/AppleIDAuthSupport
0x00007fff3f81c000 	/System/Library/Frameworks/Network.framework/Versions/A/Network
0x00007fff5e27a000 	/System/Library/PrivateFrameworks/KeychainCircle.framework/Versions/A/KeychainCircle
0x00007fff38915000 	/System/Library/Frameworks/CoreBluetooth.framework/Versions/A/CoreBluetooth
0x00007fff68af1000 	/System/Library/PrivateFrameworks/SpeechRecognitionCore.framework/Versions/A/SpeechRecognitionCore
0x0000000106c00000 	/Users/carpediem/.vscode/extensions/redhat.java-1.23.0-darwin-x64/jre/17.0.8.1-macosx-x86_64/lib/server/libjvm.dylib
0x000000010528d000 	/Users/carpediem/.vscode/extensions/redhat.java-1.23.0-darwin-x64/jre/17.0.8.1-macosx-x86_64/lib/libjimage.dylib
0x000000010529b000 	/Users/carpediem/.vscode/extensions/redhat.java-1.23.0-darwin-x64/jre/17.0.8.1-macosx-x86_64/lib/libinstrument.dylib
0x00000001052ab000 	/Users/carpediem/.vscode/extensions/redhat.java-1.23.0-darwin-x64/jre/17.0.8.1-macosx-x86_64/lib/libjava.dylib
0x000000010533e000 	/Users/carpediem/.vscode/extensions/redhat.java-1.23.0-darwin-x64/jre/17.0.8.1-macosx-x86_64/lib/libzip.dylib
0x000000010535b000 	/Users/carpediem/.vscode/extensions/redhat.java-1.23.0-darwin-x64/jre/17.0.8.1-macosx-x86_64/lib/libnio.dylib
0x0000000105370000 	/Users/carpediem/.vscode/extensions/redhat.java-1.23.0-darwin-x64/jre/17.0.8.1-macosx-x86_64/lib/libnet.dylib
0x000000010538a000 	/Users/carpediem/.vscode/extensions/redhat.java-1.23.0-darwin-x64/jre/17.0.8.1-macosx-x86_64/lib/libverify.dylib
0x000000010539c000 	/Users/carpediem/Library/Application Support/Code/User/globalStorage/redhat.java/1.23.0/config_mac/org.eclipse.equinox.launcher/org.eclipse.equinox.launcher.cocoa.macosx.x86_64_1.2.700.v20221108-1024/eclipse_11801.so
0x00007fff5210e000 	/System/Library/PrivateFrameworks/CoreServicesInternal.framework/Versions/A/CoreServicesInternal
0x00007fff3b3e3000 	/System/Library/Frameworks/FileProvider.framework/Versions/A/FileProvider
0x00007fff35f76000 	/System/Library/Frameworks/Accounts.framework/Versions/A/Accounts
0x00007fff5a4e4000 	/System/Library/PrivateFrameworks/GenerationalStorage.framework/Versions/A/GenerationalStorage
0x00007fff52695000 	/System/Library/PrivateFrameworks/CoreSymbolication.framework/Versions/A/CoreSymbolication
0x00007fff69333000 	/System/Library/PrivateFrameworks/SymptomDiagnosticReporter.framework/Versions/A/SymptomDiagnosticReporter
0x00007fff4be4e000 	/System/Library/PrivateFrameworks/AppContainer.framework/Versions/A/AppContainer
0x00007fff71d2a000 	/usr/lib/libsandbox.1.dylib
0x00007fff6ac8c000 	/System/Library/PrivateFrameworks/UserManagement.framework/Versions/A/UserManagement
0x00007fff4ebf2000 	/System/Library/PrivateFrameworks/ChunkingLibrary.framework/Versions/A/ChunkingLibrary
0x00007fff52e17000 	/System/Library/PrivateFrameworks/DebugSymbols.framework/Versions/A/DebugSymbols
0x00007fff4bec0000 	/System/Library/PrivateFrameworks/AppSandbox.framework/Versions/A/AppSandbox
0x00007fff668fc000 	/System/Library/PrivateFrameworks/SecCodeWrapper.framework/Versions/A/SecCodeWrapper
0x00007fff6fbe1000 	/usr/lib/libMatch.1.dylib
0x00007fff6ba58000 	/System/Library/PrivateFrameworks/ViewBridge.framework/Versions/A/ViewBridge


VM Arguments:
jvm_args: --add-modules=ALL-SYSTEM --add-opens=java.base/java.util=ALL-UNNAMED --add-opens=java.base/java.lang=ALL-UNNAMED --add-opens=java.base/sun.nio.fs=ALL-UNNAMED -Declipse.application=org.eclipse.jdt.ls.core.id1 -Dosgi.bundles.defaultStartLevel=4 -Declipse.product=org.eclipse.jdt.ls.core.product -Djava.import.generatesMetadataFilesAtProjectRoot=false -DDetectVMInstallationsJob.disabled=true -Dfile.encoding=utf8 -XX:+UseParallelGC -XX:GCTimeRatio=4 -XX:AdaptiveSizePolicyWeight=90 -Dsun.zip.disableMemoryMapping=true -Xmx1G -Xms100m -Xlog:disable -javaagent:/Users/carpediem/.vscode/extensions/redhat.java-1.23.0-darwin-x64/lombok/lombok-1.18.30.jar -XX:+HeapDumpOnOutOfMemoryError -XX:HeapDumpPath=/Users/carpediem/Library/Application Support/Code/User/workspaceStorage/5a4e84b38b8fdc59893cc827d908d4bb/redhat.java -Daether.dependencyCollector.impl=bf 
java_command: /Users/carpediem/.vscode/extensions/redhat.java-1.23.0-darwin-x64/server/plugins/org.eclipse.equinox.launcher_1.6.500.v20230717-2134.jar -configuration /Users/carpediem/Library/Application Support/Code/User/globalStorage/redhat.java/1.23.0/config_mac -data /Users/carpediem/Library/Application Support/Code/User/workspaceStorage/5a4e84b38b8fdc59893cc827d908d4bb/redhat.java/jdt_ws
java_class_path (initial): /Users/carpediem/.vscode/extensions/redhat.java-1.23.0-darwin-x64/server/plugins/org.eclipse.equinox.launcher_1.6.500.v20230717-2134.jar
Launcher Type: SUN_STANDARD

[Global flags]
    uintx AdaptiveSizePolicyWeight                 = 90                                        {product} {command line}
     intx CICompilerCount                          = 4                                         {product} {ergonomic}
    uintx GCTimeRatio                              = 4                                         {product} {command line}
     bool HeapDumpOnOutOfMemoryError               = true                                   {manageable} {command line}
    ccstr HeapDumpPath                             = /Users/carpediem/Library/Application Support/Code/User/workspaceStorage/5a4e84b38b8fdc59893cc827d908d4bb/redhat.java         {manageable} {command line}
   size_t InitialHeapSize                          = 104857600                                 {product} {command line}
   size_t MaxHeapSize                              = 1073741824                                {product} {command line}
   size_t MaxNewSize                               = 357564416                                 {product} {ergonomic}
   size_t MinHeapDeltaBytes                        = 524288                                    {product} {ergonomic}
   size_t MinHeapSize                              = 104857600                                 {product} {command line}
   size_t NewSize                                  = 34603008                                  {product} {ergonomic}
    uintx NonNMethodCodeHeapSize                   = 5839372                                {pd product} {ergonomic}
    uintx NonProfiledCodeHeapSize                  = 122909434                              {pd product} {ergonomic}
   size_t OldSize                                  = 70254592                                  {product} {ergonomic}
    uintx ProfiledCodeHeapSize                     = 122909434                              {pd product} {ergonomic}
    uintx ReservedCodeCacheSize                    = 251658240                              {pd product} {ergonomic}
     bool SegmentedCodeCache                       = true                                      {product} {ergonomic}
   size_t SoftMaxHeapSize                          = 1073741824                             {manageable} {ergonomic}
     bool UseCompressedClassPointers               = true                           {product lp64_product} {ergonomic}
     bool UseCompressedOops                        = true                           {product lp64_product} {ergonomic}
     bool UseNUMA                                  = false                                     {product} {ergonomic}
     bool UseNUMAInterleaving                      = false                                     {product} {ergonomic}
     bool UseParallelGC                            = true                                      {product} {command line}

Logging:
Log output configuration:
 #0: stdout all=off uptime,level,tags
 #1: stderr all=off uptime,level,tags

Environment Variables:
PATH=/usr/local/apache-ant/bin:/usr/local/apache-ant/bin:/usr/local/bin:/usr/bin:/bin:/usr/sbin:/sbin:/opt/local/bin:/opt/local/sbin
SHELL=/bin/bash
TMPDIR=/var/folders/bw/c4k0c9qs67gfjpq8q6hs8z4m0000gn/T/

Active Locale:
LC_ALL=C
LC_COLLATE=C
LC_CTYPE=C
LC_MESSAGES=C
LC_MONETARY=C
LC_NUMERIC=C
LC_TIME=C

Signal Handlers:
   SIGSEGV: crash_handler in libjvm.dylib, mask=11100110000111110111111111111111, flags=SA_RESTART|SA_SIGINFO, unblocked
    SIGBUS: crash_handler in libjvm.dylib, mask=11100110000111110111111111111111, flags=SA_RESTART|SA_SIGINFO, unblocked
    SIGFPE: crash_handler in libjvm.dylib, mask=11100110000111110111111111111111, flags=SA_RESTART|SA_SIGINFO, unblocked
   SIGPIPE: javaSignalHandler in libjvm.dylib, mask=11100110000111110111111111111111, flags=SA_RESTART|SA_SIGINFO, blocked
   SIGXFSZ: javaSignalHandler in libjvm.dylib, mask=11100110000111110111111111111111, flags=SA_RESTART|SA_SIGINFO, blocked
    SIGILL: crash_handler in libjvm.dylib, mask=11100110000111110111111111111111, flags=SA_RESTART|SA_SIGINFO, unblocked
   SIGUSR2: SR_handler in libjvm.dylib, mask=00000000000000000000000000000000, flags=SA_RESTART|SA_SIGINFO, blocked
    SIGHUP: UserHandler in libjvm.dylib, mask=11100110000111110111111111111111, flags=SA_RESTART|SA_SIGINFO, blocked
    SIGINT: UserHandler in libjvm.dylib, mask=11100110000111110111111111111111, flags=SA_RESTART|SA_SIGINFO, blocked
   SIGTERM: UserHandler in libjvm.dylib, mask=11100110000111110111111111111111, flags=SA_RESTART|SA_SIGINFO, blocked
   SIGQUIT: UserHandler in libjvm.dylib, mask=11100110000111110111111111111111, flags=SA_RESTART|SA_SIGINFO, blocked
   SIGTRAP: crash_handler in libjvm.dylib, mask=11100110000111110111111111111111, flags=SA_RESTART|SA_SIGINFO, unblocked


---------------  S Y S T E M  ---------------

OS:
uname: Darwin 19.6.0 Darwin Kernel Version 19.6.0: Thu Oct 29 22:56:45 PDT 2020; root:xnu-6153.141.2.2~1/RELEASE_X86_64 x86_64
OS uptime: 4 days 6:02 hours
rlimit (soft/hard): STACK 8192k/65532k , CORE 0k/infinity , NPROC 5568/8352 , NOFILE 10240/infinity , AS infinity/infinity , CPU infinity/infinity , DATA infinity/infinity , FSIZE infinity/infinity , MEMLOCK infinity/infinity , RSS infinity/infinity
load average: 2.05 1.30 1.23

CPU: total 12 (initial active 12) (6 cores per cpu, 2 threads per core) family 6 model 158 stepping 10 microcode 0xf4, cx8, cmov, fxsr, ht, mmx, 3dnowpref, sse, sse2, sse3, ssse3, sse4.1, sse4.2, popcnt, lzcnt, tsc, tscinvbit, avx, avx2, aes, erms, clmul, bmi1, bmi2, adx, fma, vzeroupper, clflush, clflushopt
machdep.cpu.brand_string:Intel(R) Core(TM) i7-9750H CPU @ 2.60GHz
hw.cpufrequency:2600000000
hw.cpufrequency_min:2600000000
hw.cpufrequency_max:2600000000
hw.cachelinesize:64
hw.l1icachesize:32768
hw.l1dcachesize:32768
hw.l2cachesize:262144
hw.l3cachesize:12582912

Memory: 4k page, physical 33554432k(2984132k free), swap 2097152k(1754368k free)

vm_info: OpenJDK 64-Bit Server VM (17.0.8.1+1) for bsd-amd64 JRE (17.0.8.1+1), built on Aug 23 2023 15:17:19 by "admin" with clang 4.2.1 Compatible Apple LLVM 10.0.1 (clang-1001.0.46.4)

END.
