#
# A fatal error has been detected by the Java Runtime Environment:
#
#  SIGSEGV (0xb) at pc=0x0000000106ef9dbd, pid=5001, tid=22275
#
# JRE version: OpenJDK Runtime Environment Temurin-17.0.8.1+1 (17.0.8.1+1) (build 17.0.8.1+1)
# Java VM: OpenJDK 64-Bit Server VM Temurin-17.0.8.1+1 (17.0.8.1+1, mixed mode, tiered, compressed oops, compressed class ptrs, parallel gc, bsd-amd64)
# Problematic frame:
# V  [libjvm.dylib+0x4f9dbd]  IndexSet::IndexSet(IndexSet*)+0x14d
#
# No core dump will be written. Core dumps have been disabled. To enable core dumping, try "ulimit -c unlimited" before starting Java again
#
# If you would like to submit a bug report, please visit:
#   https://github.com/adoptium/adoptium-support/issues
#

---------------  S U M M A R Y ------------

Command Line: --add-modules=ALL-SYSTEM --add-opens=java.base/java.util=ALL-UNNAMED --add-opens=java.base/java.lang=ALL-UNNAMED --add-opens=java.base/sun.nio.fs=ALL-UNNAMED -Declipse.application=org.eclipse.jdt.ls.core.id1 -Dosgi.bundles.defaultStartLevel=4 -Declipse.product=org.eclipse.jdt.ls.core.product -Djava.import.generatesMetadataFilesAtProjectRoot=false -DDetectVMInstallationsJob.disabled=true -Dfile.encoding=utf8 -XX:+UseParallelGC -XX:GCTimeRatio=4 -XX:AdaptiveSizePolicyWeight=90 -Dsun.zip.disableMemoryMapping=true -Xmx1G -Xms100m -Xlog:disable -javaagent:/Users/carpediem/.vscode/extensions/redhat.java-1.24.0-darwin-x64/lombok/lombok-1.18.30.jar -XX:+HeapDumpOnOutOfMemoryError -XX:HeapDumpPath=/Users/carpediem/Library/Application Support/Code/User/workspaceStorage/28c69493a07e2aaa387a038720acef32/redhat.java -Daether.dependencyCollector.impl=bf /Users/carpediem/.vscode/extensions/redhat.java-1.24.0-darwin-x64/server/plugins/org.eclipse.equinox.launcher_1.6.500.v20230717-2134.jar -configuration /Users/carpediem/Library/Application Support/Code/User/globalStorage/redhat.java/1.24.0/config_mac -data /Users/carpediem/Library/Application Support/Code/User/workspaceStorage/28c69493a07e2aaa387a038720acef32/redhat.java/jdt_ws --stdio

Host: "MacBookPro16,1" x86_64 2600 MHz, 12 cores, 32G, Darwin 19.6.0, macOS 10.15.7 (19H15)
Time: Mon Nov  6 10:06:12 2023 CET elapsed time: 76.651782 seconds (0d 0h 1m 16s)

---------------  T H R E A D  ---------------

Current thread (0x00007fe302809400):  JavaThread "C2 CompilerThread0" daemon [_thread_in_native, id=22275, stack(0x000070000f6a4000,0x000070000f7a4000)]


Current CompileTask:
C2:  76651 8458       4       org.eclipse.jdt.internal.compiler.parser.Parser::consumeRule (7847 bytes)

Stack: [0x000070000f6a4000,0x000070000f7a4000],  sp=0x000070000f7a0710,  free space=1009k
Native frames: (J=compiled Java code, j=interpreted, Vv=VM code, C=native code)
V  [libjvm.dylib+0x4f9dbd]  IndexSet::IndexSet(IndexSet*)+0x14d
V  [libjvm.dylib+0x2ac671]  PhaseChaitin::stretch_base_pointer_live_ranges(ResourceArea*)+0x101
V  [libjvm.dylib+0x2aaf4e]  PhaseChaitin::Register_Allocate()+0x18e
V  [libjvm.dylib+0x32d175]  Compile::Code_Gen()+0x565
V  [libjvm.dylib+0x329533]  Compile::Compile(ciEnv*, ciMethod*, int, bool, bool, bool, bool, bool, DirectiveSet*)+0x1263
V  [libjvm.dylib+0x28a966]  C2Compiler::compile_method(ciEnv*, ciMethod*, int, bool, DirectiveSet*)+0xb6
V  [libjvm.dylib+0x33dc2e]  CompileBroker::invoke_compiler_on_method(CompileTask*)+0x62e
V  [libjvm.dylib+0x33d4de]  CompileBroker::compiler_thread_loop()+0x4de
V  [libjvm.dylib+0xaacaef]  JavaThread::thread_main_inner()+0x14f
V  [libjvm.dylib+0xaaae5f]  Thread::call_run()+0xcf
V  [libjvm.dylib+0x8b3e8b]  thread_native_entry(Thread*)+0x14b
C  [libsystem_pthread.dylib+0x6109]  _pthread_start+0x94
C  [libsystem_pthread.dylib+0x1b8b]  thread_start+0xf


siginfo: si_signo: 11 (SIGSEGV), si_code: 1 (SEGV_MAPERR), si_addr: 0x00000003077727b0

Register to memory mapping:

RAX=0x00007fe3134a2180 points into unknown readable memory: 0x00007fe3129f29a0 | a0 29 9f 12 e3 7f 00 00
RBX=0x0000000000000001 is an unknown value
RCX=0x00007fe3129f29a0 points into unknown readable memory: 0x00007fe3129f2800 | 00 28 9f 12 e3 7f 00 00
RDX=0x0 is NULL
RSP=0x000070000f7a0710 is pointing into the stack for thread: 0x00007fe302809400
RBP=0x000070000f7a0740 is pointing into the stack for thread: 0x00007fe302809400
RSI=0x00007fe31899adb0 points into unknown readable memory: 0x0000000100000002 | 02 00 00 00 01 00 00 00
RDI=0x0000000107761c00: _ZN6Thread12_thr_currentE+0 in /Users/carpediem/.vscode/extensions/redhat.java-1.24.0-darwin-x64/jre/17.0.8.1-macosx-x86_64/lib/server/libjvm.dylib at 0x0000000106a00000
R8 =0x0000000107772798: _ZN8IndexSet12_empty_blockE+0 in /Users/carpediem/.vscode/extensions/redhat.java-1.24.0-darwin-x64/jre/17.0.8.1-macosx-x86_64/lib/server/libjvm.dylib at 0x0000000106a00000
R9 =0x0000000107772798: _ZN8IndexSet12_empty_blockE+0 in /Users/carpediem/.vscode/extensions/redhat.java-1.24.0-darwin-x64/jre/17.0.8.1-macosx-x86_64/lib/server/libjvm.dylib at 0x0000000106a00000
R10=0x000070000f7a0828 is pointing into the stack for thread: 0x00007fe302809400
R11=0x00007fe318000000 points into unknown readable memory: 0x0000000000000000 | 00 00 00 00 00 00 00 00
R12=0x0000000307772798 is an unknown value
R13=0x000070000f7a0758 is pointing into the stack for thread: 0x00007fe302809400
R14=0x000070000f7a30b8 is pointing into the stack for thread: 0x00007fe302809400
R15=0x0000000000000006 is an unknown value


Registers:
RAX=0x00007fe3134a2180, RBX=0x0000000000000001, RCX=0x00007fe3129f29a0, RDX=0x0000000000000000
RSP=0x000070000f7a0710, RBP=0x000070000f7a0740, RSI=0x00007fe31899adb0, RDI=0x0000000107761c00
R8 =0x0000000107772798, R9 =0x0000000107772798, R10=0x000070000f7a0828, R11=0x00007fe318000000
R12=0x0000000307772798, R13=0x000070000f7a0758, R14=0x000070000f7a30b8, R15=0x0000000000000006
RIP=0x0000000106ef9dbd, EFLAGS=0x0000000000010202, ERR=0x0000000000000004
  TRAPNO=0x000000000000000e

Top of Stack: (sp=0x000070000f7a0710)
0x000070000f7a0710:   000070000f7a0758 0000000000000001
0x000070000f7a0720:   00007fe2f2aea218 0000000000000000
0x000070000f7a0730:   000070000f7a22c0 00007fe283b58e20
0x000070000f7a0740:   000070000f7a08a0 0000000106cac671
0x000070000f7a0750:   0000000000007fd8 0000000100000002
0x000070000f7a0760:   000070000f7a0768 00007fe3129f2920
0x000070000f7a0770:   0000000107772798 0000000107772798
0x000070000f7a0780:   0000000107772798 0000000107772798
0x000070000f7a0790:   0000000107772798 0000000000000000
0x000070000f7a07a0:   00007fe2f2e5cc00 0000000107772798
0x000070000f7a07b0:   000070000f7a07d0 0000000106b5f9d8
0x000070000f7a07c0:   00007fe313a0b8f0 00007fe2f2e5cc00
0x000070000f7a07d0:   000070000f7a08a0 000000010713d1ed
0x000070000f7a07e0:   00007fe2f2e5cc00 00007fe200000006
0x000070000f7a07f0:   0000000000000080 00007fe3189f8010
0x000070000f7a0800:   0000000000000020 00007fe313a0b8f0
0x000070000f7a0810:   0000000000000000 0000000000000001
0x000070000f7a0820:   0000000107672730 0000000000000000
0x000070000f7a0830:   0000000100000003 0000000100000001
0x000070000f7a0840:   00007fe3129f2920 000070000f7a0768
0x000070000f7a0850:   000070000f7a0758 0000000100000001
0x000070000f7a0860:   00007fe283b58f78 0000052e1374cb60
0x000070000f7a0870:   0000000000000000 000070000f7a08b8
0x000070000f7a0880:   000070000f7a0ac8 000070000f7a22c0
0x000070000f7a0890:   00007fe282bc8bd0 00007fe282bc8be0
0x000070000f7a08a0:   000070000f7a0b30 0000000106caaf4e
0x000070000f7a08b0:   000070000f7a2220 00007fe30000000a
0x000070000f7a08c0:   000070000f7a30b8 00007fe318948010
0x000070000f7a08d0:   0000000000000000 00007fe3189a0010
0x000070000f7a08e0:   00007fe313748810 00007fe31374cb60
0x000070000f7a08f0:   00007fe313589c10 000070000f7a2220
0x000070000f7a0900:   000070000f7a23c0 000000000000052e 

Instructions: (pc=0x0000000106ef9dbd)
0x0000000106ef9cbd:   17 48 8b 00 48 8b 80 48 05 00 00 48 8b 80 80 00
0x0000000106ef9ccd:   00 00 4c 8b a0 c8 08 00 00 49 c1 e7 03 4c 89 f9
0x0000000106ef9cdd:   48 f7 d1 49 8b 44 24 18 48 39 c8 76 1d 48 8d 15
0x0000000106ef9ced:   6b 15 6b 00 4c 89 e7 48 89 f3 4c 89 fe e8 01 67
0x0000000106ef9cfd:   c6 ff 48 89 de 49 8b 44 24 18 4a 8d 0c 38 49 3b
0x0000000106ef9d0d:   4c 24 20 76 28 31 d2 4c 89 e7 48 89 f3 4c 89 fe
0x0000000106ef9d1d:   e8 0e 67 c6 ff 48 89 de 49 89 45 08 45 8b bd 90
0x0000000106ef9d2d:   00 00 00 45 85 ff 75 1e e9 e1 00 00 00 49 89 4c
0x0000000106ef9d3d:   24 18 49 89 45 08 45 8b bd 90 00 00 00 45 85 ff
0x0000000106ef9d4d:   0f 84 c8 00 00 00 31 db 4c 8d 05 3c 8a 87 00 4c
0x0000000106ef9d5d:   89 6d d0 48 8b 46 08 4c 8b 24 d8 4d 39 c4 0f 84
0x0000000106ef9d6d:   8f 00 00 00 48 8d 3d 88 7e 86 00 ff 17 48 8b 00
0x0000000106ef9d7d:   48 8b 80 48 05 00 00 4c 8b b0 80 00 00 00 49 8b
0x0000000106ef9d8d:   86 d0 08 00 00 48 85 c0 75 1c 49 89 f7 4d 89 c5
0x0000000106ef9d9d:   e8 ae f4 ff ff 4d 89 e8 4c 8b 6d d0 4c 89 fe 49
0x0000000106ef9dad:   8b 86 d0 08 00 00 48 8b 08 49 89 8e d0 08 00 00
0x0000000106ef9dbd:   49 8b 4c 24 18 48 89 48 18 49 8b 4c 24 10 48 89
0x0000000106ef9dcd:   48 10 49 8b 0c 24 49 8b 54 24 08 48 89 50 08 48
0x0000000106ef9ddd:   89 08 49 8b 4d 08 48 89 04 d9 48 ff c3 41 8b 85
0x0000000106ef9ded:   90 00 00 00 48 39 c3 0f 82 66 ff ff ff eb 1f 0f
0x0000000106ef9dfd:   1f 40 00 49 8b 45 08 4c 89 04 d8 48 ff c3 41 8b
0x0000000106ef9e0d:   85 90 00 00 00 48 39 c3 0f 82 45 ff ff ff 48 83
0x0000000106ef9e1d:   c4 08 5b 41 5c 41 5d 41 5e 41 5f 5d c3 66 0f 1f
0x0000000106ef9e2d:   44 00 00 55 48 89 e5 5d e9 36 fe ff ff 66 0f 1f
0x0000000106ef9e3d:   44 00 00 55 48 89 e5 41 57 41 56 53 50 48 89 fb
0x0000000106ef9e4d:   48 c7 07 00 00 00 00 81 c6 ff 00 00 00 41 89 f6
0x0000000106ef9e5d:   41 c1 ee 08 44 89 b7 90 00 00 00 81 fe ff 10 00
0x0000000106ef9e6d:   00 77 4b 48 8d 43 10 48 89 43 08 45 85 f6 0f 84
0x0000000106ef9e7d:   c9 00 00 00 48 8d 0d 10 89 87 00 48 89 08 83 bb
0x0000000106ef9e8d:   90 00 00 00 02 0f 82 b2 00 00 00 b8 01 00 00 00
0x0000000106ef9e9d:   0f 1f 00 48 8b 53 08 48 89 0c c2 48 ff c0 8b 93
0x0000000106ef9ead:   90 00 00 00 48 39 d0 72 ea e9 8f 00 00 00 48 8d 


Stack slot to memory mapping:
stack at sp + 0 slots: 0x000070000f7a0758 is pointing into the stack for thread: 0x00007fe302809400
stack at sp + 1 slots: 0x0000000000000001 is an unknown value
stack at sp + 2 slots: 0x00007fe2f2aea218 points into unknown readable memory: 0x00000001076b24b0 | b0 24 6b 07 01 00 00 00
stack at sp + 3 slots: 0x0 is NULL
stack at sp + 4 slots: 0x000070000f7a22c0 is pointing into the stack for thread: 0x00007fe302809400
stack at sp + 5 slots: 0x00007fe283b58e20 points into unknown readable memory: 0x00000001076e3f58 | 58 3f 6e 07 01 00 00 00
stack at sp + 6 slots: 0x000070000f7a08a0 is pointing into the stack for thread: 0x00007fe302809400
stack at sp + 7 slots: 0x0000000106cac671: _ZN12PhaseChaitin32stretch_base_pointer_live_rangesEP12ResourceArea+0x101 in /Users/carpediem/.vscode/extensions/redhat.java-1.24.0-darwin-x64/jre/17.0.8.1-macosx-x86_64/lib/server/libjvm.dylib at 0x0000000106a00000


---------------  P R O C E S S  ---------------

Threads class SMR info:
_java_thread_list=0x00007fe282f4c190, length=39, elements={
0x00007fe2f2808800, 0x00007fe302808800, 0x00007fe2d2808200, 0x00007fe31400a600,
0x00007fe31301e800, 0x00007fe302808e00, 0x00007fe302809400, 0x00007fe2d280ae00,
0x00007fe2d280b400, 0x00007fe30280c800, 0x00007fe2d3808200, 0x00007fe312817600,
0x00007fe31302a400, 0x00007fe30280bc00, 0x00007fe313037000, 0x00007fe312818e00,
0x00007fe2d3914c00, 0x00007fe2d38bb600, 0x00007fe31400f800, 0x00007fe2e283a400,
0x00007fe2e2811200, 0x00007fe2d303b200, 0x00007fe3029e4a00, 0x00007fe3132a1400,
0x00007fe314229e00, 0x00007fe302abc200, 0x00007fe2c280c400, 0x00007fe2d38be200,
0x00007fe2e31da200, 0x00007fe2a2809200, 0x00007fe2f28a8000, 0x00007fe2f28b8000,
0x00007fe31280ee00, 0x00007fe2d29c0e00, 0x00007fe2a2931e00, 0x00007fe2d280a200,
0x00007fe3135bdc00, 0x00007fe312e90c00, 0x00007fe2f2ce3c00
}

Java Threads: ( => current thread )
  0x00007fe2f2808800 JavaThread "main" [_thread_blocked, id=6147, stack(0x000070000ed86000,0x000070000ee86000)]
  0x00007fe302808800 JavaThread "Reference Handler" daemon [_thread_blocked, id=13571, stack(0x000070000f08f000,0x000070000f18f000)]
  0x00007fe2d2808200 JavaThread "Finalizer" daemon [_thread_blocked, id=13827, stack(0x000070000f192000,0x000070000f292000)]
  0x00007fe31400a600 JavaThread "Signal Dispatcher" daemon [_thread_blocked, id=16387, stack(0x000070000f39b000,0x000070000f49b000)]
  0x00007fe31301e800 JavaThread "Service Thread" daemon [_thread_blocked, id=15875, stack(0x000070000f49e000,0x000070000f59e000)]
  0x00007fe302808e00 JavaThread "Monitor Deflation Thread" daemon [_thread_blocked, id=21763, stack(0x000070000f5a1000,0x000070000f6a1000)]
=>0x00007fe302809400 JavaThread "C2 CompilerThread0" daemon [_thread_in_native, id=22275, stack(0x000070000f6a4000,0x000070000f7a4000)]
  0x00007fe2d280ae00 JavaThread "C1 CompilerThread0" daemon [_thread_blocked, id=43011, stack(0x000070000f7a7000,0x000070000f8a7000)]
  0x00007fe2d280b400 JavaThread "Sweeper thread" daemon [_thread_blocked, id=42755, stack(0x000070000f8aa000,0x000070000f9aa000)]
  0x00007fe30280c800 JavaThread "Common-Cleaner" daemon [_thread_blocked, id=42499, stack(0x000070000f9ad000,0x000070000faad000)]
  0x00007fe2d3808200 JavaThread "Notification Thread" daemon [_thread_blocked, id=23555, stack(0x000070000fbb3000,0x000070000fcb3000)]
  0x00007fe312817600 JavaThread "Active Thread: Equinox Container: 786426e5-bfb9-4a42-8d73-c8cd68fa9198" [_thread_blocked, id=25091, stack(0x00007000103f2000,0x00007000104f2000)]
  0x00007fe31302a400 JavaThread "Framework Event Dispatcher: Equinox Container: 786426e5-bfb9-4a42-8d73-c8cd68fa9198" daemon [_thread_blocked, id=25603, stack(0x00007000104f5000,0x00007000105f5000)]
  0x00007fe30280bc00 JavaThread "Start Level: Equinox Container: 786426e5-bfb9-4a42-8d73-c8cd68fa9198" daemon [_thread_blocked, id=38915, stack(0x00007000105f8000,0x00007000106f8000)]
  0x00007fe313037000 JavaThread "Bundle File Closer" daemon [_thread_blocked, id=84483, stack(0x0000700010901000,0x0000700010a01000)]
  0x00007fe312818e00 JavaThread "SCR Component Actor" daemon [_thread_blocked, id=46595, stack(0x0000700010a04000,0x0000700010b04000)]
  0x00007fe2d3914c00 JavaThread "Worker-JM" [_thread_blocked, id=83203, stack(0x0000700010e10000,0x0000700010f10000)]
  0x00007fe2d38bb600 JavaThread "Worker-0" [_thread_blocked, id=47619, stack(0x0000700010f13000,0x0000700011013000)]
  0x00007fe31400f800 JavaThread "Worker-1" [_thread_blocked, id=47875, stack(0x0000700011016000,0x0000700011116000)]
  0x00007fe2e283a400 JavaThread "Java indexing" daemon [_thread_blocked, id=48131, stack(0x0000700011119000,0x0000700011219000)]
  0x00007fe2e2811200 JavaThread "pool-2-thread-1" [_thread_blocked, id=48643, stack(0x000070001121c000,0x000070001131c000)]
  0x00007fe2d303b200 JavaThread "WorkspaceEventsHandler" [_thread_blocked, id=82179, stack(0x000070001131f000,0x000070001141f000)]
  0x00007fe3029e4a00 JavaThread "pool-1-thread-1" [_thread_in_native, id=81923, stack(0x0000700011422000,0x0000700011522000)]
  0x00007fe3132a1400 JavaThread "Worker-2" [_thread_blocked, id=81667, stack(0x0000700011525000,0x0000700011625000)]
  0x00007fe314229e00 JavaThread "Worker-3" [_thread_blocked, id=49667, stack(0x0000700011628000,0x0000700011728000)]
  0x00007fe302abc200 JavaThread "ForkJoinPool.commonPool-worker-1" daemon [_thread_in_vm, id=50179, stack(0x000070001172b000,0x000070001182b000)]
  0x00007fe2c280c400 JavaThread "ForkJoinPool.commonPool-worker-2" daemon [_thread_blocked, id=50691, stack(0x000070001182e000,0x000070001192e000)]
  0x00007fe2d38be200 JavaThread "ForkJoinPool.commonPool-worker-3" daemon [_thread_blocked, id=50947, stack(0x0000700011931000,0x0000700011a31000)]
  0x00007fe2e31da200 JavaThread "ForkJoinPool.commonPool-worker-4" daemon [_thread_blocked, id=51459, stack(0x0000700011a34000,0x0000700011b34000)]
  0x00007fe2a2809200 JavaThread "ForkJoinPool.commonPool-worker-5" daemon [_thread_blocked, id=51971, stack(0x0000700011b37000,0x0000700011c37000)]
  0x00007fe2f28a8000 JavaThread "ForkJoinPool.commonPool-worker-6" daemon [_thread_blocked, id=80899, stack(0x0000700011c3a000,0x0000700011d3a000)]
  0x00007fe2f28b8000 JavaThread "ForkJoinPool.commonPool-worker-7" daemon [_thread_blocked, id=80643, stack(0x0000700011d3d000,0x0000700011e3d000)]
  0x00007fe31280ee00 JavaThread "ForkJoinPool.commonPool-worker-8" daemon [_thread_blocked, id=52739, stack(0x0000700011e40000,0x0000700011f40000)]
  0x00007fe2d29c0e00 JavaThread "ForkJoinPool.commonPool-worker-9" daemon [_thread_blocked, id=80131, stack(0x0000700011f43000,0x0000700012043000)]
  0x00007fe2a2931e00 JavaThread "ForkJoinPool.commonPool-worker-10" daemon [_thread_blocked, id=79619, stack(0x0000700012046000,0x0000700012146000)]
  0x00007fe2d280a200 JavaThread "ForkJoinPool.commonPool-worker-11" daemon [_thread_blocked, id=79363, stack(0x0000700012149000,0x0000700012249000)]
  0x00007fe3135bdc00 JavaThread "Attach Listener" daemon [_thread_blocked, id=83719, stack(0x000070000fdb9000,0x000070000feb9000)]
  0x00007fe312e90c00 JavaThread "C2 CompilerThread1" daemon [_thread_in_native, id=41243, stack(0x000070000fab0000,0x000070000fbb0000)]
  0x00007fe2f2ce3c00 JavaThread "C2 CompilerThread2" daemon [_thread_in_native, id=42287, stack(0x0000700010d0d000,0x0000700010e0d000)]

Other Threads:
  0x00007fe31250b090 VMThread "VM Thread" [stack: 0x000070000ef8c000,0x000070000f08c000] [id=18691]
  0x00007fe2d2408ba0 WatcherThread [stack: 0x000070000fcb6000,0x000070000fdb6000] [id=23811]
  0x00007fe312706d80 GCTaskThread "GC Thread#0" [stack: 0x000070000ee89000,0x000070000ef89000] [id=20227]
  0x00007fe31251c3f0 GCTaskThread "GC Thread#1" [stack: 0x000070000fee3000,0x000070000ffe3000] [id=24323]
  0x00007fe31243da00 GCTaskThread "GC Thread#2" [stack: 0x000070000ffe6000,0x00007000100e6000] [id=24579]
  0x00007fe31243e220 GCTaskThread "GC Thread#3" [stack: 0x00007000100e9000,0x00007000101e9000] [id=40195]
  0x00007fe31243eac0 GCTaskThread "GC Thread#4" [stack: 0x00007000101ec000,0x00007000102ec000] [id=24835]
  0x00007fe31243f360 GCTaskThread "GC Thread#5" [stack: 0x00007000102ef000,0x00007000103ef000] [id=39427]
  0x00007fe313a7ffe0 GCTaskThread "GC Thread#6" [stack: 0x00007000106fb000,0x00007000107fb000] [id=85047]
  0x00007fe313a80760 GCTaskThread "GC Thread#7" [stack: 0x00007000107fe000,0x00007000108fe000] [id=46087]
  0x00007fe2f2596530 GCTaskThread "GC Thread#8" [stack: 0x0000700010b07000,0x0000700010c07000] [id=47107]
  0x00007fe2f2596d50 GCTaskThread "GC Thread#9" [stack: 0x0000700010c0a000,0x0000700010d0a000] [id=83971]

Threads with active compile tasks:
C2 CompilerThread0    76661 8458       4       org.eclipse.jdt.internal.compiler.parser.Parser::consumeRule (7847 bytes)
C2 CompilerThread1    76661 8433       4       org.eclipse.jdt.internal.compiler.lookup.LookupEnvironment::getTypeFromTypeSignature (770 bytes)
C2 CompilerThread2    76661 8519       4       jdk.internal.org.objectweb.asm.SymbolTable::addConstantMemberReference (147 bytes)

VM state: not at safepoint (normal execution)

VM Mutex/Monitor currently owned by a thread: None

Heap address: 0x00000007c0000000, size: 1024 MB, Compressed Oops mode: Zero based, Oop shift amount: 3

CDS archive(s) not mapped
Compressed class space mapped at: 0x0000000800000000-0x0000000840000000, reserved size: 1073741824
Narrow klass base: 0x0000000800000000, Narrow klass shift: 0, Narrow klass range: 0x40000000

GC Precious Log:
 CPUs: 12 total, 12 available
 Memory: 32768M
 Large Page Support: Disabled
 NUMA Support: Disabled
 Compressed Oops: Enabled (Zero based)
 Alignments: Space 512K, Generation 512K, Heap 2M
 Heap Min Capacity: 100M
 Heap Initial Capacity: 100M
 Heap Max Capacity: 1G
 Pre-touch: Disabled
 Parallel Workers: 10

Heap:
 PSYoungGen      total 8192K, used 6318K [0x00000007eab00000, 0x00000007eb480000, 0x0000000800000000)
  eden space 6656K, 74% used [0x00000007eab00000,0x00000007eafd7888,0x00000007eb180000)
  from space 1536K, 88% used [0x00000007eb180000,0x00000007eb2d4010,0x00000007eb300000)
  to   space 1536K, 0% used [0x00000007eb300000,0x00000007eb300000,0x00000007eb480000)
 ParOldGen       total 119296K, used 87755K [0x00000007c0000000, 0x00000007c7480000, 0x00000007eab00000)
  object space 119296K, 73% used [0x00000007c0000000,0x00000007c55b2d88,0x00000007c7480000)
 Metaspace       used 70267K, committed 71424K, reserved 1114112K
  class space    used 7558K, committed 8064K, reserved 1048576K

Card table byte_map: [0x0000000107d6f000,0x0000000107f70000] _byte_map_base: 0x0000000103f6f000

Marking Bits: (ParMarkBitMap*) 0x0000000107785900
 Begin Bits: [0x000000011bd66000, 0x000000011cd66000)
 End Bits:   [0x000000011cd66000, 0x000000011dd66000)

Polling page: 0x0000000105143000

Metaspace:

Usage:
  Non-class:     61.24 MB used.
      Class:      7.38 MB used.
       Both:     68.62 MB used.

Virtual space:
  Non-class space:       64.00 MB reserved,      61.88 MB ( 97%) committed,  1 nodes.
      Class space:        1.00 GB reserved,       7.88 MB ( <1%) committed,  1 nodes.
             Both:        1.06 GB reserved,      69.75 MB (  6%) committed. 

Chunk freelists:
   Non-Class:  1.95 MB
       Class:  8.16 MB
        Both:  10.12 MB

MaxMetaspaceSize: unlimited
CompressedClassSpaceSize: 1.00 GB
Initial GC threshold: 21.00 MB
Current GC threshold: 107.19 MB
CDS: off
MetaspaceReclaimPolicy: balanced
 - commit_granule_bytes: 65536.
 - commit_granule_words: 8192.
 - virtual_space_node_default_size: 8388608.
 - enlarge_chunks_in_place: 1.
 - new_chunks_are_fully_committed: 0.
 - uncommit_free_chunks: 1.
 - use_allocation_guard: 0.
 - handle_deallocations: 1.


Internal statistics:

num_allocs_failed_limit: 9.
num_arena_births: 692.
num_arena_deaths: 14.
num_vsnodes_births: 2.
num_vsnodes_deaths: 0.
num_space_committed: 1116.
num_space_uncommitted: 0.
num_chunks_returned_to_freelist: 23.
num_chunks_taken_from_freelist: 3410.
num_chunk_merges: 10.
num_chunk_splits: 2249.
num_chunks_enlarged: 1473.
num_inconsistent_stats: 0.

CodeHeap 'non-profiled nmethods': size=120028Kb used=4900Kb max_used=4900Kb free=115127Kb
 bounds [0x000000011482f000, 0x0000000114cff000, 0x000000011bd66000]
CodeHeap 'profiled nmethods': size=120028Kb used=16097Kb max_used=16097Kb free=103930Kb
 bounds [0x000000010cd66000, 0x000000010dd26000, 0x000000011429d000]
CodeHeap 'non-nmethods': size=5704Kb used=1364Kb max_used=1502Kb free=4339Kb
 bounds [0x000000011429d000, 0x000000011450d000, 0x000000011482f000]
 total_blobs=7992 nmethods=7280 adapters=626
 compilation: enabled
              stopped_count=0, restarted_count=0
 full_count=0

Compilation events (20 events):
Event: 76.643 Thread 0x00007fe2f2ce3c00 8471       4       org.eclipse.jdt.internal.compiler.lookup.SignatureWrapper::computeEnd (288 bytes)
Event: 76.645 Thread 0x00007fe2d280ae00 8507       3       java.lang.invoke.LambdaForm::methodType (48 bytes)
Event: 76.645 Thread 0x00007fe2d280ae00 nmethod 8507 0x000000010dd0fa10 code [0x000000010dd0fc00, 0x000000010dd101b0]
Event: 76.645 Thread 0x00007fe2d280ae00 8508       3       java.lang.invoke.MethodHandleNatives::refKindIsGetter (32 bytes)
Event: 76.645 Thread 0x00007fe2d280ae00 nmethod 8508 0x000000010dd10490 code [0x000000010dd10620, 0x000000010dd10770]
Event: 76.645 Thread 0x00007fe2d280ae00 8509       3       java.lang.invoke.InvokerBytecodeGenerator::assertStaticType (58 bytes)
Event: 76.645 Thread 0x00007fe2d280ae00 nmethod 8509 0x000000010dd10810 code [0x000000010dd10a00, 0x000000010dd10ed0]
Event: 76.647 Thread 0x00007fe2f2ce3c00 nmethod 8471 0x0000000114cf6010 code [0x0000000114cf61a0, 0x0000000114cf64d8]
Event: 76.647 Thread 0x00007fe2f2ce3c00 8510       4       java.lang.invoke.LambdaForm$Name::useCount (51 bytes)
Event: 76.647 Thread 0x00007fe2d280ae00 8515       3       jdk.internal.org.objectweb.asm.SymbolTable::addConstantUtf8 (98 bytes)
Event: 76.648 Thread 0x00007fe2d280ae00 nmethod 8515 0x000000010dd11110 code [0x000000010dd11340, 0x000000010dd11910]
Event: 76.648 Thread 0x00007fe2d280ae00 8516       3       java.lang.invoke.InvokerBytecodeGenerator::<init> (80 bytes)
Event: 76.648 Thread 0x00007fe2d280ae00 nmethod 8516 0x000000010dd11c90 code [0x000000010dd11e60, 0x000000010dd12220]
Event: 76.648 Thread 0x00007fe2d280ae00 8517   !   3       java.lang.invoke.BoundMethodHandle$Species_L::copyWithExtendL (31 bytes)
Event: 76.648 Thread 0x00007fe2d280ae00 nmethod 8517 0x000000010dd12490 code [0x000000010dd126e0, 0x000000010dd13200]
Event: 76.648 Thread 0x00007fe2d280ae00 8518       3       java.lang.invoke.InvokerBytecodeGenerator::addMethod (724 bytes)
Event: 76.649 Thread 0x00007fe2f2ce3c00 nmethod 8510 0x0000000114cf6690 code [0x0000000114cf6820, 0x0000000114cf6998]
Event: 76.649 Thread 0x00007fe2f2ce3c00 8519       4       jdk.internal.org.objectweb.asm.SymbolTable::addConstantMemberReference (147 bytes)
Event: 76.650 Thread 0x00007fe2d280ae00 nmethod 8518 0x000000010dd13510 code [0x000000010dd13a40, 0x000000010dd15eb0]
Event: 76.650 Thread 0x00007fe2d280ae00 8520   !   3       java.lang.invoke.LambdaForm::compileToBytecode (164 bytes)

GC Heap History (20 events):
Event: 52.823 GC heap before
{Heap before GC invocations=49 (full 5):
 PSYoungGen      total 12800K, used 12789K [0x00000007eab00000, 0x00000007ebd80000, 0x0000000800000000)
  eden space 9728K, 100% used [0x00000007eab00000,0x00000007eb480000,0x00000007eb480000)
  from space 3072K, 99% used [0x00000007eb580000,0x00000007eb87d610,0x00000007eb880000)
  to   space 4608K, 0% used [0x00000007eb900000,0x00000007eb900000,0x00000007ebd80000)
 ParOldGen       total 119296K, used 82896K [0x00000007c0000000, 0x00000007c7480000, 0x00000007eab00000)
  object space 119296K, 69% used [0x00000007c0000000,0x00000007c50f4160,0x00000007c7480000)
 Metaspace       used 67216K, committed 68288K, reserved 1114112K
  class space    used 7235K, committed 7680K, reserved 1048576K
}
Event: 52.825 GC heap after
{Heap after GC invocations=49 (full 5):
 PSYoungGen      total 13824K, used 3915K [0x00000007eab00000, 0x00000007ebd00000, 0x0000000800000000)
  eden space 9728K, 0% used [0x00000007eab00000,0x00000007eab00000,0x00000007eb480000)
  from space 4096K, 95% used [0x00000007eb900000,0x00000007ebcd2f00,0x00000007ebd00000)
  to   space 4096K, 0% used [0x00000007eb500000,0x00000007eb500000,0x00000007eb900000)
 ParOldGen       total 119296K, used 83440K [0x00000007c0000000, 0x00000007c7480000, 0x00000007eab00000)
  object space 119296K, 69% used [0x00000007c0000000,0x00000007c517c160,0x00000007c7480000)
 Metaspace       used 67216K, committed 68288K, reserved 1114112K
  class space    used 7235K, committed 7680K, reserved 1048576K
}
Event: 57.026 GC heap before
{Heap before GC invocations=50 (full 5):
 PSYoungGen      total 13824K, used 13636K [0x00000007eab00000, 0x00000007ebd00000, 0x0000000800000000)
  eden space 9728K, 99% used [0x00000007eab00000,0x00000007eb47e470,0x00000007eb480000)
  from space 4096K, 95% used [0x00000007eb900000,0x00000007ebcd2f00,0x00000007ebd00000)
  to   space 4096K, 0% used [0x00000007eb500000,0x00000007eb500000,0x00000007eb900000)
 ParOldGen       total 119296K, used 83440K [0x00000007c0000000, 0x00000007c7480000, 0x00000007eab00000)
  object space 119296K, 69% used [0x00000007c0000000,0x00000007c517c160,0x00000007c7480000)
 Metaspace       used 67640K, committed 68736K, reserved 1114112K
  class space    used 7265K, committed 7744K, reserved 1048576K
}
Event: 57.028 GC heap after
{Heap after GC invocations=50 (full 5):
 PSYoungGen      total 10752K, used 752K [0x00000007eab00000, 0x00000007eb980000, 0x0000000800000000)
  eden space 9728K, 0% used [0x00000007eab00000,0x00000007eab00000,0x00000007eb480000)
  from space 1024K, 73% used [0x00000007eb500000,0x00000007eb5bc010,0x00000007eb600000)
  to   space 2048K, 0% used [0x00000007eb780000,0x00000007eb780000,0x00000007eb980000)
 ParOldGen       total 119296K, used 83448K [0x00000007c0000000, 0x00000007c7480000, 0x00000007eab00000)
  object space 119296K, 69% used [0x00000007c0000000,0x00000007c517e160,0x00000007c7480000)
 Metaspace       used 67640K, committed 68736K, reserved 1114112K
  class space    used 7265K, committed 7744K, reserved 1048576K
}
Event: 69.771 GC heap before
{Heap before GC invocations=51 (full 5):
 PSYoungGen      total 10752K, used 10480K [0x00000007eab00000, 0x00000007eb980000, 0x0000000800000000)
  eden space 9728K, 100% used [0x00000007eab00000,0x00000007eb480000,0x00000007eb480000)
  from space 1024K, 73% used [0x00000007eb500000,0x00000007eb5bc010,0x00000007eb600000)
  to   space 2048K, 0% used [0x00000007eb780000,0x00000007eb780000,0x00000007eb980000)
 ParOldGen       total 119296K, used 83448K [0x00000007c0000000, 0x00000007c7480000, 0x00000007eab00000)
  object space 119296K, 69% used [0x00000007c0000000,0x00000007c517e160,0x00000007c7480000)
 Metaspace       used 67898K, committed 68928K, reserved 1114112K
  class space    used 7278K, committed 7744K, reserved 1048576K
}
Event: 69.772 GC heap after
{Heap after GC invocations=51 (full 5):
 PSYoungGen      total 10752K, used 736K [0x00000007eab00000, 0x00000007eb880000, 0x0000000800000000)
  eden space 9728K, 0% used [0x00000007eab00000,0x00000007eab00000,0x00000007eb480000)
  from space 1024K, 71% used [0x00000007eb780000,0x00000007eb838000,0x00000007eb880000)
  to   space 1024K, 0% used [0x00000007eb500000,0x00000007eb500000,0x00000007eb600000)
 ParOldGen       total 119296K, used 83456K [0x00000007c0000000, 0x00000007c7480000, 0x00000007eab00000)
  object space 119296K, 69% used [0x00000007c0000000,0x00000007c5180160,0x00000007c7480000)
 Metaspace       used 67898K, committed 68928K, reserved 1114112K
  class space    used 7278K, committed 7744K, reserved 1048576K
}
Event: 69.874 GC heap before
{Heap before GC invocations=52 (full 5):
 PSYoungGen      total 10752K, used 10463K [0x00000007eab00000, 0x00000007eb880000, 0x0000000800000000)
  eden space 9728K, 99% used [0x00000007eab00000,0x00000007eb47ffe8,0x00000007eb480000)
  from space 1024K, 71% used [0x00000007eb780000,0x00000007eb838000,0x00000007eb880000)
  to   space 1024K, 0% used [0x00000007eb500000,0x00000007eb500000,0x00000007eb600000)
 ParOldGen       total 119296K, used 83456K [0x00000007c0000000, 0x00000007c7480000, 0x00000007eab00000)
  object space 119296K, 69% used [0x00000007c0000000,0x00000007c5180160,0x00000007c7480000)
 Metaspace       used 67947K, committed 68992K, reserved 1114112K
  class space    used 7286K, committed 7744K, reserved 1048576K
}
Event: 69.875 GC heap after
{Heap after GC invocations=52 (full 5):
 PSYoungGen      total 10752K, used 1012K [0x00000007eab00000, 0x00000007eb800000, 0x0000000800000000)
  eden space 9728K, 0% used [0x00000007eab00000,0x00000007eab00000,0x00000007eb480000)
  from space 1024K, 98% used [0x00000007eb500000,0x00000007eb5fd100,0x00000007eb600000)
  to   space 1536K, 0% used [0x00000007eb680000,0x00000007eb680000,0x00000007eb800000)
 ParOldGen       total 119296K, used 83704K [0x00000007c0000000, 0x00000007c7480000, 0x00000007eab00000)
  object space 119296K, 70% used [0x00000007c0000000,0x00000007c51be160,0x00000007c7480000)
 Metaspace       used 67947K, committed 68992K, reserved 1114112K
  class space    used 7286K, committed 7744K, reserved 1048576K
}
Event: 69.926 GC heap before
{Heap before GC invocations=53 (full 5):
 PSYoungGen      total 10752K, used 10740K [0x00000007eab00000, 0x00000007eb800000, 0x0000000800000000)
  eden space 9728K, 100% used [0x00000007eab00000,0x00000007eb480000,0x00000007eb480000)
  from space 1024K, 98% used [0x00000007eb500000,0x00000007eb5fd100,0x00000007eb600000)
  to   space 1536K, 0% used [0x00000007eb680000,0x00000007eb680000,0x00000007eb800000)
 ParOldGen       total 119296K, used 83704K [0x00000007c0000000, 0x00000007c7480000, 0x00000007eab00000)
  object space 119296K, 70% used [0x00000007c0000000,0x00000007c51be160,0x00000007c7480000)
 Metaspace       used 68027K, committed 69056K, reserved 1114112K
  class space    used 7294K, committed 7744K, reserved 1048576K
}
Event: 69.928 GC heap after
{Heap after GC invocations=53 (full 5):
 PSYoungGen      total 8192K, used 1510K [0x00000007eab00000, 0x00000007ebe80000, 0x0000000800000000)
  eden space 6656K, 0% used [0x00000007eab00000,0x00000007eab00000,0x00000007eb180000)
  from space 1536K, 98% used [0x00000007eb680000,0x00000007eb7f9a10,0x00000007eb800000)
  to   space 5120K, 0% used [0x00000007eb180000,0x00000007eb180000,0x00000007eb680000)
 ParOldGen       total 119296K, used 86544K [0x00000007c0000000, 0x00000007c7480000, 0x00000007eab00000)
  object space 119296K, 72% used [0x00000007c0000000,0x00000007c5484268,0x00000007c7480000)
 Metaspace       used 68027K, committed 69056K, reserved 1114112K
  class space    used 7294K, committed 7744K, reserved 1048576K
}
Event: 72.000 GC heap before
{Heap before GC invocations=54 (full 5):
 PSYoungGen      total 8192K, used 8166K [0x00000007eab00000, 0x00000007ebe80000, 0x0000000800000000)
  eden space 6656K, 100% used [0x00000007eab00000,0x00000007eb180000,0x00000007eb180000)
  from space 1536K, 98% used [0x00000007eb680000,0x00000007eb7f9a10,0x00000007eb800000)
  to   space 5120K, 0% used [0x00000007eb180000,0x00000007eb180000,0x00000007eb680000)
 ParOldGen       total 119296K, used 86544K [0x00000007c0000000, 0x00000007c7480000, 0x00000007eab00000)
  object space 119296K, 72% used [0x00000007c0000000,0x00000007c5484268,0x00000007c7480000)
 Metaspace       used 68201K, committed 69248K, reserved 1114112K
  class space    used 7300K, committed 7744K, reserved 1048576K
}
Event: 72.001 GC heap after
{Heap after GC invocations=54 (full 5):
 PSYoungGen      total 7680K, used 992K [0x00000007eab00000, 0x00000007eb700000, 0x0000000800000000)
  eden space 6656K, 0% used [0x00000007eab00000,0x00000007eab00000,0x00000007eb180000)
  from space 1024K, 96% used [0x00000007eb180000,0x00000007eb278020,0x00000007eb280000)
  to   space 2560K, 0% used [0x00000007eb480000,0x00000007eb480000,0x00000007eb700000)
 ParOldGen       total 119296K, used 86842K [0x00000007c0000000, 0x00000007c7480000, 0x00000007eab00000)
  object space 119296K, 72% used [0x00000007c0000000,0x00000007c54ceb88,0x00000007c7480000)
 Metaspace       used 68201K, committed 69248K, reserved 1114112K
  class space    used 7300K, committed 7744K, reserved 1048576K
}
Event: 72.401 GC heap before
{Heap before GC invocations=55 (full 5):
 PSYoungGen      total 7680K, used 7638K [0x00000007eab00000, 0x00000007eb700000, 0x0000000800000000)
  eden space 6656K, 99% used [0x00000007eab00000,0x00000007eb17da30,0x00000007eb180000)
  from space 1024K, 96% used [0x00000007eb180000,0x00000007eb278020,0x00000007eb280000)
  to   space 2560K, 0% used [0x00000007eb480000,0x00000007eb480000,0x00000007eb700000)
 ParOldGen       total 119296K, used 86842K [0x00000007c0000000, 0x00000007c7480000, 0x00000007eab00000)
  object space 119296K, 72% used [0x00000007c0000000,0x00000007c54ceb88,0x00000007c7480000)
 Metaspace       used 68285K, committed 69376K, reserved 1114112K
  class space    used 7302K, committed 7744K, reserved 1048576K
}
Event: 72.402 GC heap after
{Heap after GC invocations=55 (full 5):
 PSYoungGen      total 7680K, used 912K [0x00000007eab00000, 0x00000007eb580000, 0x0000000800000000)
  eden space 6656K, 0% used [0x00000007eab00000,0x00000007eab00000,0x00000007eb180000)
  from space 1024K, 89% used [0x00000007eb480000,0x00000007eb564010,0x00000007eb580000)
  to   space 1536K, 0% used [0x00000007eb280000,0x00000007eb280000,0x00000007eb400000)
 ParOldGen       total 119296K, used 86850K [0x00000007c0000000, 0x00000007c7480000, 0x00000007eab00000)
  object space 119296K, 72% used [0x00000007c0000000,0x00000007c54d0b88,0x00000007c7480000)
 Metaspace       used 68285K, committed 69376K, reserved 1114112K
  class space    used 7302K, committed 7744K, reserved 1048576K
}
Event: 76.278 GC heap before
{Heap before GC invocations=56 (full 5):
 PSYoungGen      total 7680K, used 7568K [0x00000007eab00000, 0x00000007eb580000, 0x0000000800000000)
  eden space 6656K, 100% used [0x00000007eab00000,0x00000007eb180000,0x00000007eb180000)
  from space 1024K, 89% used [0x00000007eb480000,0x00000007eb564010,0x00000007eb580000)
  to   space 1536K, 0% used [0x00000007eb280000,0x00000007eb280000,0x00000007eb400000)
 ParOldGen       total 119296K, used 86850K [0x00000007c0000000, 0x00000007c7480000, 0x00000007eab00000)
  object space 119296K, 72% used [0x00000007c0000000,0x00000007c54d0b88,0x00000007c7480000)
 Metaspace       used 68746K, committed 69824K, reserved 1114112K
  class space    used 7337K, committed 7808K, reserved 1048576K
}
Event: 76.279 GC heap after
{Heap after GC invocations=56 (full 5):
 PSYoungGen      total 8192K, used 1216K [0x00000007eab00000, 0x00000007eb500000, 0x0000000800000000)
  eden space 6656K, 0% used [0x00000007eab00000,0x00000007eab00000,0x00000007eb180000)
  from space 1536K, 79% used [0x00000007eb280000,0x00000007eb3b0020,0x00000007eb400000)
  to   space 1024K, 0% used [0x00000007eb400000,0x00000007eb400000,0x00000007eb500000)
 ParOldGen       total 119296K, used 86858K [0x00000007c0000000, 0x00000007c7480000, 0x00000007eab00000)
  object space 119296K, 72% used [0x00000007c0000000,0x00000007c54d2b88,0x00000007c7480000)
 Metaspace       used 68746K, committed 69824K, reserved 1114112K
  class space    used 7337K, committed 7808K, reserved 1048576K
}
Event: 76.584 GC heap before
{Heap before GC invocations=57 (full 5):
 PSYoungGen      total 8192K, used 7141K [0x00000007eab00000, 0x00000007eb500000, 0x0000000800000000)
  eden space 6656K, 89% used [0x00000007eab00000,0x00000007eb0c9720,0x00000007eb180000)
  from space 1536K, 79% used [0x00000007eb280000,0x00000007eb3b0020,0x00000007eb400000)
  to   space 1024K, 0% used [0x00000007eb400000,0x00000007eb400000,0x00000007eb500000)
 ParOldGen       total 119296K, used 86858K [0x00000007c0000000, 0x00000007c7480000, 0x00000007eab00000)
  object space 119296K, 72% used [0x00000007c0000000,0x00000007c54d2b88,0x00000007c7480000)
 Metaspace       used 69302K, committed 70400K, reserved 1114112K
  class space    used 7395K, committed 7872K, reserved 1048576K
}
Event: 76.585 GC heap after
{Heap after GC invocations=57 (full 5):
 PSYoungGen      total 7680K, used 1015K [0x00000007eab00000, 0x00000007eb580000, 0x0000000800000000)
  eden space 6656K, 0% used [0x00000007eab00000,0x00000007eab00000,0x00000007eb180000)
  from space 1024K, 99% used [0x00000007eb400000,0x00000007eb4fdfa8,0x00000007eb500000)
  to   space 2048K, 0% used [0x00000007eb180000,0x00000007eb180000,0x00000007eb380000)
 ParOldGen       total 119296K, used 87611K [0x00000007c0000000, 0x00000007c7480000, 0x00000007eab00000)
  object space 119296K, 73% used [0x00000007c0000000,0x00000007c558ed88,0x00000007c7480000)
 Metaspace       used 69302K, committed 70400K, reserved 1114112K
  class space    used 7395K, committed 7872K, reserved 1048576K
}
Event: 76.614 GC heap before
{Heap before GC invocations=58 (full 5):
 PSYoungGen      total 7680K, used 7671K [0x00000007eab00000, 0x00000007eb580000, 0x0000000800000000)
  eden space 6656K, 100% used [0x00000007eab00000,0x00000007eb180000,0x00000007eb180000)
  from space 1024K, 99% used [0x00000007eb400000,0x00000007eb4fdfa8,0x00000007eb500000)
  to   space 2048K, 0% used [0x00000007eb180000,0x00000007eb180000,0x00000007eb380000)
 ParOldGen       total 119296K, used 87611K [0x00000007c0000000, 0x00000007c7480000, 0x00000007eab00000)
  object space 119296K, 73% used [0x00000007c0000000,0x00000007c558ed88,0x00000007c7480000)
 Metaspace       used 69462K, committed 70528K, reserved 1114112K
  class space    used 7422K, committed 7872K, reserved 1048576K
}
Event: 76.615 GC heap after
{Heap after GC invocations=58 (full 5):
 PSYoungGen      total 8192K, used 1360K [0x00000007eab00000, 0x00000007eb480000, 0x0000000800000000)
  eden space 6656K, 0% used [0x00000007eab00000,0x00000007eab00000,0x00000007eb180000)
  from space 1536K, 88% used [0x00000007eb180000,0x00000007eb2d4010,0x00000007eb300000)
  to   space 1536K, 0% used [0x00000007eb300000,0x00000007eb300000,0x00000007eb480000)
 ParOldGen       total 119296K, used 87755K [0x00000007c0000000, 0x00000007c7480000, 0x00000007eab00000)
  object space 119296K, 73% used [0x00000007c0000000,0x00000007c55b2d88,0x00000007c7480000)
 Metaspace       used 69462K, committed 70528K, reserved 1114112K
  class space    used 7422K, committed 7872K, reserved 1048576K
}

Dll operation events (9 events):
Event: 0.006 Loaded shared library /Users/carpediem/.vscode/extensions/redhat.java-1.24.0-darwin-x64/jre/17.0.8.1-macosx-x86_64/lib/libjava.dylib
Event: 0.123 Loaded shared library /Users/carpediem/.vscode/extensions/redhat.java-1.24.0-darwin-x64/jre/17.0.8.1-macosx-x86_64/lib/libzip.dylib
Event: 0.125 Loaded shared library /Users/carpediem/.vscode/extensions/redhat.java-1.24.0-darwin-x64/jre/17.0.8.1-macosx-x86_64/lib/libinstrument.dylib
Event: 0.131 Loaded shared library /Users/carpediem/.vscode/extensions/redhat.java-1.24.0-darwin-x64/jre/17.0.8.1-macosx-x86_64/lib/libnio.dylib
Event: 0.140 Loaded shared library /Users/carpediem/.vscode/extensions/redhat.java-1.24.0-darwin-x64/jre/17.0.8.1-macosx-x86_64/lib/libzip.dylib
Event: 0.152 Loaded shared library /Users/carpediem/.vscode/extensions/redhat.java-1.24.0-darwin-x64/jre/17.0.8.1-macosx-x86_64/lib/libjimage.dylib
Event: 0.182 Loaded shared library /Users/carpediem/.vscode/extensions/redhat.java-1.24.0-darwin-x64/jre/17.0.8.1-macosx-x86_64/lib/libverify.dylib
Event: 0.567 Loaded shared library /Users/carpediem/.vscode/extensions/redhat.java-1.24.0-darwin-x64/jre/17.0.8.1-macosx-x86_64/lib/libnet.dylib
Event: 0.827 Loaded shared library /Users/carpediem/Library/Application Support/Code/User/globalStorage/redhat.java/1.24.0/config_mac/org.eclipse.equinox.launcher/org.eclipse.equinox.launcher.cocoa.macosx.x86_64_1.2.700.v20221108-1024/eclipse_11801.so

Deoptimization events (20 events):
Event: 76.627 Thread 0x00007fe302abc200 Uncommon trap: trap_request=0xffffff45 fr.pc=0x000000011485c080 relative=0x0000000000000060
Event: 76.627 Thread 0x00007fe302abc200 Uncommon trap: reason=unstable_if action=reinterpret pc=0x000000011485c080 method=org.eclipse.jdt.core.dom.AST.modifying()V @ 4 c2
Event: 76.627 Thread 0x00007fe302abc200 DEOPT PACKING pc=0x000000011485c080 sp=0x0000700011828070
Event: 76.627 Thread 0x00007fe302abc200 DEOPT UNPACKING pc=0x00000001142f3399 sp=0x0000700011828028 mode 2
Event: 76.640 Thread 0x00007fe302abc200 Uncommon trap: trap_request=0xffffff45 fr.pc=0x00000001149b93f8 relative=0x0000000000002358
Event: 76.640 Thread 0x00007fe302abc200 Uncommon trap: reason=unstable_if action=reinterpret pc=0x00000001149b93f8 method=org.eclipse.jdt.internal.compiler.parser.Parser.consumeToken(I)V @ 1 c2
Event: 76.640 Thread 0x00007fe302abc200 DEOPT PACKING pc=0x00000001149b93f8 sp=0x0000700011827cf0
Event: 76.640 Thread 0x00007fe302abc200 DEOPT UNPACKING pc=0x00000001142f3399 sp=0x0000700011827cd0 mode 2
Event: 76.640 Thread 0x00007fe302abc200 Uncommon trap: trap_request=0xffffff45 fr.pc=0x0000000114c6c974 relative=0x0000000000000614
Event: 76.640 Thread 0x00007fe302abc200 Uncommon trap: reason=unstable_if action=reinterpret pc=0x0000000114c6c974 method=org.eclipse.jdt.internal.compiler.parser.Scanner.mayBeAtCasePattern(I)Z @ 21 c2
Event: 76.640 Thread 0x00007fe302abc200 DEOPT PACKING pc=0x0000000114c6c974 sp=0x0000700011827d20
Event: 76.640 Thread 0x00007fe302abc200 DEOPT UNPACKING pc=0x00000001142f3399 sp=0x0000700011827c28 mode 2
Event: 76.641 Thread 0x00007fe302abc200 Uncommon trap: trap_request=0xffffff45 fr.pc=0x00000001149ff870 relative=0x0000000000000470
Event: 76.641 Thread 0x00007fe302abc200 Uncommon trap: reason=unstable_if action=reinterpret pc=0x00000001149ff870 method=org.eclipse.jdt.internal.compiler.parser.Scanner.mayBeAtCasePattern(I)Z @ 21 c2
Event: 76.641 Thread 0x00007fe302abc200 DEOPT PACKING pc=0x00000001149ff870 sp=0x0000700011827cb0
Event: 76.641 Thread 0x00007fe302abc200 DEOPT UNPACKING pc=0x00000001142f3399 sp=0x0000700011827c20 mode 2
Event: 76.647 Thread 0x00007fe302abc200 Uncommon trap: trap_request=0xffffff45 fr.pc=0x0000000114b15af4 relative=0x0000000000000ef4
Event: 76.647 Thread 0x00007fe302abc200 Uncommon trap: reason=unstable_if action=reinterpret pc=0x0000000114b15af4 method=jdk.internal.org.objectweb.asm.ByteVector.enlarge(I)V @ 17 c2
Event: 76.647 Thread 0x00007fe302abc200 DEOPT PACKING pc=0x0000000114b15af4 sp=0x00007000118269d0
Event: 76.647 Thread 0x00007fe302abc200 DEOPT UNPACKING pc=0x00000001142f3399 sp=0x00007000118268a8 mode 2

Classes unloaded (7 events):
Event: 2.256 Thread 0x00007fe31250b090 Unloading class 0x0000000800258000 'java/lang/invoke/LambdaForm$MH+0x0000000800258000'
Event: 2.256 Thread 0x00007fe31250b090 Unloading class 0x0000000800257c00 'java/lang/invoke/LambdaForm$MH+0x0000000800257c00'
Event: 2.256 Thread 0x00007fe31250b090 Unloading class 0x0000000800257800 'java/lang/invoke/LambdaForm$MH+0x0000000800257800'
Event: 2.256 Thread 0x00007fe31250b090 Unloading class 0x0000000800257400 'java/lang/invoke/LambdaForm$MH+0x0000000800257400'
Event: 2.256 Thread 0x00007fe31250b090 Unloading class 0x0000000800257000 'java/lang/invoke/LambdaForm$BMH+0x0000000800257000'
Event: 2.256 Thread 0x00007fe31250b090 Unloading class 0x0000000800256c00 'java/lang/invoke/LambdaForm$DMH+0x0000000800256c00'
Event: 2.256 Thread 0x00007fe31250b090 Unloading class 0x0000000800254000 'java/lang/invoke/LambdaForm$DMH+0x0000000800254000'

Classes redefined (0 events):
No events

Internal exceptions (20 events):
Event: 4.730 Thread 0x00007fe3029e4a00 Exception <a 'java/lang/NoSuchMethodError'{0x00000007eb35c0e0}: 'java.lang.Object java.lang.invoke.DirectMethodHandle$Holder.invokeStatic(java.lang.Object, java.lang.Object, int, java.lang.Object)'> (0x00000007eb35c0e0) 
thrown [src/hotspot/share/interpreter/linkResolver.cpp, line 759]
Event: 4.731 Thread 0x00007fe3029e4a00 Exception <a 'java/lang/NoSuchMethodError'{0x00000007eb363a20}: 'java.lang.Object java.lang.invoke.DirectMethodHandle$Holder.newInvokeSpecial(java.lang.Object, java.lang.Object, int)'> (0x00000007eb363a20) 
thrown [src/hotspot/share/interpreter/linkResolver.cpp, line 759]
Event: 4.740 Thread 0x00007fe302abc200 Exception <a 'java/lang/NoSuchMethodError'{0x00000007eb535e18}: 'java.lang.Object java.lang.invoke.DirectMethodHandle$Holder.newInvokeSpecial(java.lang.Object, java.lang.Object, java.lang.Object, java.lang.Object, java.lang.Object, java.lang.Object)'> (0x00000007eb535e18) 
thrown [src/hotspot/share/interpreter/linkResolver.cpp, line 759]
Event: 4.742 Thread 0x00007fe302abc200 Exception <a 'java/lang/NoSuchMethodError'{0x00000007eb58b020}: 'int java.lang.invoke.DirectMethodHandle$Holder.invokeStatic(java.lang.Object)'> (0x00000007eb58b020) 
thrown [src/hotspot/share/interpreter/linkResolver.cpp, line 759]
Event: 4.753 Thread 0x00007fe302abc200 Exception <a 'java/io/FileNotFoundException'{0x00000007eb850018}> (0x00000007eb850018) 
thrown [src/hotspot/share/prims/jni.cpp, line 516]
Event: 4.753 Thread 0x00007fe302abc200 Exception <a 'java/io/FileNotFoundException'{0x00000007eb8512b8}> (0x00000007eb8512b8) 
thrown [src/hotspot/share/prims/jni.cpp, line 516]
Event: 4.801 Thread 0x00007fe3132a1400 Exception <a 'java/io/FileNotFoundException'{0x00000007eacb27c0}> (0x00000007eacb27c0) 
thrown [src/hotspot/share/prims/jni.cpp, line 516]
Event: 5.783 Thread 0x00007fe2d280a200 Exception <a 'java/lang/ArrayIndexOutOfBoundsException'{0x00000007eafaf9a0}: Index 971 out of bounds for length 971> (0x00000007eafaf9a0) 
thrown [src/hotspot/share/interpreter/interpreterRuntime.cpp, line 428]
Event: 30.743 Thread 0x00007fe312817600 Implicit null exception at 0x000000011492c160 to 0x000000011492c614
Event: 42.511 Thread 0x00007fe2d280a200 Exception <a 'java/lang/ArrayIndexOutOfBoundsException'{0x00000007eac68db8}: Index 971 out of bounds for length 971> (0x00000007eac68db8) 
thrown [src/hotspot/share/interpreter/interpreterRuntime.cpp, line 428]
Event: 42.932 Thread 0x00007fe2d280a200 Exception <a 'java/lang/ArrayIndexOutOfBoundsException'{0x00000007eb47f460}: Index 971 out of bounds for length 971> (0x00000007eb47f460) 
thrown [src/hotspot/share/interpreter/interpreterRuntime.cpp, line 428]
Event: 42.937 Thread 0x00007fe2d280a200 Implicit null exception at 0x0000000114b8d7d5 to 0x0000000114b931b4
Event: 53.083 Thread 0x00007fe2d29c0e00 Exception <a 'java/lang/NoSuchMethodError'{0x00000007ead8f738}: 'java.lang.Object java.lang.invoke.DirectMethodHandle$Holder.invokeStatic(java.lang.Object, int, java.lang.Object, java.lang.Object, java.lang.Object, java.lang.Object)'> (0x00000007ead8f738) 
thrown [src/hotspot/share/interpreter/linkResolver.cpp, line 759]
Event: 69.813 Thread 0x00007fe2e283a400 Exception <a 'sun/nio/fs/UnixException'{0x00000007eabf24d8}> (0x00000007eabf24d8) 
thrown [src/hotspot/share/prims/jni.cpp, line 516]
Event: 69.895 Thread 0x00007fe2e283a400 Exception <a 'sun/nio/fs/UnixException'{0x00000007eaf12c58}> (0x00000007eaf12c58) 
thrown [src/hotspot/share/prims/jni.cpp, line 516]
Event: 69.896 Thread 0x00007fe2e283a400 Exception <a 'java/lang/NoSuchMethodError'{0x00000007eaf26598}: 'int java.lang.invoke.DirectMethodHandle$Holder.invokeVirtual(java.lang.Object, java.lang.Object, java.lang.Object)'> (0x00000007eaf26598) 
thrown [src/hotspot/share/interpreter/linkResolver.cpp, line 759]
Event: 69.897 Thread 0x00007fe2e283a400 Implicit null exception at 0x0000000114b71dcf to 0x0000000114b722b8
Event: 69.931 Thread 0x00007fe31400f800 Exception <a 'sun/nio/fs/UnixException'{0x00000007eabab258}> (0x00000007eabab258) 
thrown [src/hotspot/share/prims/jni.cpp, line 516]
Event: 71.991 Thread 0x00007fe2d29c0e00 Exception <a 'java/lang/ArrayIndexOutOfBoundsException'{0x00000007eafddac8}: Index 971 out of bounds for length 971> (0x00000007eafddac8) 
thrown [src/hotspot/share/interpreter/interpreterRuntime.cpp, line 428]
Event: 76.627 Thread 0x00007fe302abc200 Exception <a 'java/lang/NoSuchMethodError'{0x00000007eac69490}: 'void java.lang.invoke.DirectMethodHandle$Holder.invokeSpecial(java.lang.Object, java.lang.Object, int)'> (0x00000007eac69490) 
thrown [src/hotspot/share/interpreter/linkResolver.cpp, line 759]

VM Operations (20 events):
Event: 72.401 Executing VM operation: ParallelGCFailedAllocation
Event: 72.402 Executing VM operation: ParallelGCFailedAllocation done
Event: 73.405 Executing VM operation: Cleanup
Event: 73.405 Executing VM operation: Cleanup done
Event: 74.408 Executing VM operation: Cleanup
Event: 74.408 Executing VM operation: Cleanup done
Event: 75.413 Executing VM operation: Cleanup
Event: 75.414 Executing VM operation: Cleanup done
Event: 76.278 Executing VM operation: ParallelGCFailedAllocation
Event: 76.279 Executing VM operation: ParallelGCFailedAllocation done
Event: 76.572 Executing VM operation: HandshakeAllThreads
Event: 76.572 Executing VM operation: HandshakeAllThreads done
Event: 76.584 Executing VM operation: ParallelGCFailedAllocation
Event: 76.585 Executing VM operation: ParallelGCFailedAllocation done
Event: 76.597 Executing VM operation: HandshakeAllThreads
Event: 76.597 Executing VM operation: HandshakeAllThreads done
Event: 76.614 Executing VM operation: ParallelGCFailedAllocation
Event: 76.615 Executing VM operation: ParallelGCFailedAllocation done
Event: 76.621 Executing VM operation: HandshakeAllThreads
Event: 76.621 Executing VM operation: HandshakeAllThreads done

Events (20 events):
Event: 74.267 Protecting memory [0x0000700010d0d000,0x0000700010d11000] with protection modes 3
Event: 74.267 Thread 0x00007fe2d3a1ce00 Thread exited: 0x00007fe2d3a1ce00
Event: 75.305 Protecting memory [0x000070000fab0000,0x000070000fab4000] with protection modes 3
Event: 75.305 Thread 0x00007fe28389be00 Thread exited: 0x00007fe28389be00
Event: 76.297 Thread 0x00007fe28320de00 Thread added: 0x00007fe28320de00
Event: 76.297 Protecting memory [0x000070000fab0000,0x000070000fab4000] with protection modes 0
Event: 76.551 Protecting memory [0x000070000fab0000,0x000070000fab4000] with protection modes 3
Event: 76.551 Thread 0x00007fe28320de00 Thread exited: 0x00007fe28320de00
Event: 76.568 Thread 0x00007fe312e90c00 Thread added: 0x00007fe312e90c00
Event: 76.568 Protecting memory [0x000070000fab0000,0x000070000fab4000] with protection modes 0
Event: 76.580 Thread 0x00007fe2d280b400 flushing nmethod 0x000000010d8d6a10
Event: 76.638 Thread 0x00007fe2f2ce3c00 Thread added: 0x00007fe2f2ce3c00
Event: 76.638 Protecting memory [0x0000700010d0d000,0x0000700010d11000] with protection modes 0
Event: 76.646 loading class java/lang/invoke/BoundMethodHandle$Species_LLLLLLLLLL
Event: 76.646 loading class java/lang/invoke/BoundMethodHandle$Species_LLLLLLLLLL done
Event: 76.647 loading class java/lang/invoke/BoundMethodHandle$Species_LLLLLLLLLLL
Event: 76.647 loading class java/lang/invoke/BoundMethodHandle$Species_LLLLLLLLLLL done
Event: 76.650 loading class java/lang/invoke/BoundMethodHandle$Species_LLLLLLLLLLLL
Event: 76.650 loading class java/lang/invoke/BoundMethodHandle$Species_LLLLLLLLLLLL done
Event: 76.650 loading class java/lang/invoke/BoundMethodHandle$Species_LLLLLLLLLLLLL


Dynamic libraries:
0x00007fff6913f000 	/usr/lib/libz.1.dylib
0x0000000105100000 	/Users/carpediem/.vscode/extensions/redhat.java-1.24.0-darwin-x64/jre/17.0.8.1-macosx-x86_64/lib/libjli.dylib
0x00007fff2ee24000 	/System/Library/Frameworks/Cocoa.framework/Versions/A/Cocoa
0x00007fff3c61b000 	/System/Library/Frameworks/Security.framework/Versions/A/Security
0x00007fff2dd89000 	/System/Library/Frameworks/ApplicationServices.framework/Versions/A/ApplicationServices
0x00007fff66c03000 	/usr/lib/libSystem.B.dylib
0x00007fff69a00000 	/usr/lib/system/libcache.dylib
0x00007fff69a06000 	/usr/lib/system/libcommonCrypto.dylib
0x00007fff69a12000 	/usr/lib/system/libcompiler_rt.dylib
0x00007fff69a1a000 	/usr/lib/system/libcopyfile.dylib
0x00007fff69a24000 	/usr/lib/system/libcorecrypto.dylib
0x00007fff69bc3000 	/usr/lib/system/libdispatch.dylib
0x00007fff69c04000 	/usr/lib/system/libdyld.dylib
0x00007fff69c3b000 	/usr/lib/system/libkeymgr.dylib
0x00007fff69c49000 	/usr/lib/system/liblaunch.dylib
0x00007fff69c4a000 	/usr/lib/system/libmacho.dylib
0x00007fff69c50000 	/usr/lib/system/libquarantine.dylib
0x00007fff69c53000 	/usr/lib/system/libremovefile.dylib
0x00007fff69c55000 	/usr/lib/system/libsystem_asl.dylib
0x00007fff69c6d000 	/usr/lib/system/libsystem_blocks.dylib
0x00007fff69c6e000 	/usr/lib/system/libsystem_c.dylib
0x00007fff69cf6000 	/usr/lib/system/libsystem_configuration.dylib
0x00007fff69cfa000 	/usr/lib/system/libsystem_coreservices.dylib
0x00007fff69cfe000 	/usr/lib/system/libsystem_darwin.dylib
0x00007fff69d07000 	/usr/lib/system/libsystem_dnssd.dylib
0x00007fff69d0f000 	/usr/lib/system/libsystem_featureflags.dylib
0x00007fff69d11000 	/usr/lib/system/libsystem_info.dylib
0x00007fff69d8c000 	/usr/lib/system/libsystem_m.dylib
0x00007fff69dd4000 	/usr/lib/system/libsystem_malloc.dylib
0x00007fff69dfc000 	/usr/lib/system/libsystem_networkextension.dylib
0x00007fff69e0a000 	/usr/lib/system/libsystem_notify.dylib
0x00007fff69e28000 	/usr/lib/system/libsystem_sandbox.dylib
0x00007fff69e2d000 	/usr/lib/system/libsystem_secinit.dylib
0x00007fff69d5f000 	/usr/lib/system/libsystem_kernel.dylib
0x00007fff69e14000 	/usr/lib/system/libsystem_platform.dylib
0x00007fff69e1d000 	/usr/lib/system/libsystem_pthread.dylib
0x00007fff69e30000 	/usr/lib/system/libsystem_symptoms.dylib
0x00007fff69e38000 	/usr/lib/system/libsystem_trace.dylib
0x00007fff69e50000 	/usr/lib/system/libunwind.dylib
0x00007fff69e56000 	/usr/lib/system/libxpc.dylib
0x00007fff68a63000 	/usr/lib/libobjc.A.dylib
0x00007fff66f3c000 	/usr/lib/libc++abi.dylib
0x00007fff66ee9000 	/usr/lib/libc++.1.dylib
0x00007fff2fcc6000 	/System/Library/Frameworks/CoreFoundation.framework/Versions/A/CoreFoundation
0x00007fff32383000 	/System/Library/Frameworks/Foundation.framework/Versions/C/Foundation
0x00007fff2cf79000 	/System/Library/Frameworks/AppKit.framework/Versions/C/AppKit
0x00007fff2f7a8000 	/System/Library/Frameworks/CoreData.framework/Versions/A/CoreData
0x00007fff60c18000 	/System/Library/PrivateFrameworks/UIFoundation.framework/Versions/A/UIFoundation
0x00007fff5bcac000 	/System/Library/PrivateFrameworks/RemoteViewServices.framework/Versions/A/RemoteViewServices
0x00007fff63773000 	/System/Library/PrivateFrameworks/XCTTargetBootstrap.framework/Versions/A/XCTTargetBootstrap
0x00007fff2fb93000 	/System/Library/Frameworks/CoreDisplay.framework/Versions/A/CoreDisplay
0x00007fff3523e000 	/System/Library/Frameworks/Metal.framework/Versions/A/Metal
0x00007fff49caf000 	/System/Library/PrivateFrameworks/DesktopServicesPriv.framework/Versions/A/DesktopServicesPriv
0x00007fff67d3e000 	/usr/lib/liblangid.dylib
0x00007fff48f44000 	/System/Library/PrivateFrameworks/CoreSVG.framework/Versions/A/CoreSVG
0x00007fff5ee08000 	/System/Library/PrivateFrameworks/SkyLight.framework/Versions/A/SkyLight
0x00007fff30147000 	/System/Library/Frameworks/CoreGraphics.framework/Versions/A/CoreGraphics
0x00007fff2b94d000 	/System/Library/Frameworks/Accelerate.framework/Versions/A/Accelerate
0x00007fff69030000 	/usr/lib/libxml2.2.dylib
0x00007fff54c37000 	/System/Library/PrivateFrameworks/IconServices.framework/Versions/A/IconServices
0x00007fff32b62000 	/System/Library/Frameworks/IOSurface.framework/Versions/A/IOSurface
0x00007fff6672d000 	/usr/lib/libDiagnosticMessagesClient.dylib
0x00007fff49b09000 	/System/Library/PrivateFrameworks/DFRFoundation.framework/Versions/A/DFRFoundation
0x00007fff67acd000 	/usr/lib/libicucore.A.dylib
0x00007fff2e0bb000 	/System/Library/Frameworks/AudioToolbox.framework/Versions/A/AudioToolbox
0x00007fff2e19e000 	/System/Library/Frameworks/AudioUnit.framework/Versions/A/AudioUnit
0x00007fff66e05000 	/usr/lib/libauto.dylib
0x00007fff49bab000 	/System/Library/PrivateFrameworks/DataDetectorsCore.framework/Versions/A/DataDetectorsCore
0x00007fff2e945000 	/System/Library/Frameworks/Carbon.framework/Versions/A/Frameworks/HIToolbox.framework/Versions/A/HIToolbox
0x00007fff3b817000 	/System/Library/Frameworks/QuartzCore.framework/Versions/A/QuartzCore
0x00007fff2ec84000 	/System/Library/Frameworks/Carbon.framework/Versions/A/Frameworks/SpeechRecognition.framework/Versions/A/SpeechRecognition
0x00007fff4961d000 	/System/Library/PrivateFrameworks/CoreUI.framework/Versions/A/CoreUI
0x00007fff2f213000 	/System/Library/Frameworks/CoreAudio.framework/Versions/A/CoreAudio
0x00007fff32042000 	/System/Library/Frameworks/DiskArbitration.framework/Versions/A/DiskArbitration
0x00007fff56c87000 	/System/Library/PrivateFrameworks/MultitouchSupport.framework/Versions/A/MultitouchSupport
0x00007fff67994000 	/usr/lib/libenergytrace.dylib
0x00007fff32abc000 	/System/Library/Frameworks/IOKit.framework/Versions/A/IOKit
0x00007fff310ae000 	/System/Library/Frameworks/CoreServices.framework/Versions/A/CoreServices
0x00007fff58e3f000 	/System/Library/PrivateFrameworks/PerformanceAnalysis.framework/Versions/A/PerformanceAnalysis
0x00007fff3a84a000 	/System/Library/Frameworks/OpenGL.framework/Versions/A/OpenGL
0x00007fff2ee32000 	/System/Library/Frameworks/ColorSync.framework/Versions/A/ColorSync
0x00007fff307ca000 	/System/Library/Frameworks/CoreImage.framework/Versions/A/CoreImage
0x00007fff31b21000 	/System/Library/Frameworks/CoreText.framework/Versions/A/CoreText
0x00007fff32bf2000 	/System/Library/Frameworks/ImageIO.framework/Versions/A/ImageIO
0x00007fff66f65000 	/usr/lib/libcompression.dylib
0x00007fff66a71000 	/usr/lib/libMobileGestalt.dylib
0x00007fff60982000 	/System/Library/PrivateFrameworks/TextureIO.framework/Versions/A/TextureIO
0x00007fff66d68000 	/usr/lib/libate.dylib
0x00007fff54e40000 	/System/Library/PrivateFrameworks/InternationalSupport.framework/Versions/A/InternationalSupport
0x00007fff67d40000 	/usr/lib/liblzma.5.dylib
0x00007fff679bb000 	/usr/lib/libfakelink.dylib
0x00007fff66cf5000 	/usr/lib/libarchive.2.dylib
0x00007fff3d6cc000 	/System/Library/Frameworks/SystemConfiguration.framework/Versions/A/SystemConfiguration
0x00007fff66660000 	/usr/lib/libCRFSuite.dylib
0x00007fff2e535000 	/System/Library/Frameworks/CFNetwork.framework/Versions/A/CFNetwork
0x00007fff66ecb000 	/usr/lib/libbsm.0.dylib
0x00007fff69c3c000 	/usr/lib/system/libkxld.dylib
0x00007fff43486000 	/System/Library/PrivateFrameworks/AppleFSCompression.framework/Versions/A/AppleFSCompression
0x00007fff67256000 	/usr/lib/libcoretls.dylib
0x00007fff6726d000 	/usr/lib/libcoretls_cfhelpers.dylib
0x00007fff68aa9000 	/usr/lib/libpam.2.dylib
0x00007fff68bde000 	/usr/lib/libsqlite3.dylib
0x00007fff6901d000 	/usr/lib/libxar.1.dylib
0x00007fff66edc000 	/usr/lib/libbz2.1.0.dylib
0x00007fff679dc000 	/usr/lib/libiconv.2.dylib
0x00007fff66f52000 	/usr/lib/libcharset.1.dylib
0x00007fff68546000 	/usr/lib/libnetwork.dylib
0x00007fff68ab0000 	/usr/lib/libpcap.A.dylib
0x00007fff66caa000 	/usr/lib/libapple_nghttp2.dylib
0x00007fff31465000 	/System/Library/Frameworks/CoreServices.framework/Versions/A/Frameworks/FSEvents.framework/Versions/A/FSEvents
0x00007fff31135000 	/System/Library/Frameworks/CoreServices.framework/Versions/A/Frameworks/CarbonCore.framework/Versions/A/CarbonCore
0x00007fff316a9000 	/System/Library/Frameworks/CoreServices.framework/Versions/A/Frameworks/Metadata.framework/Versions/A/Metadata
0x00007fff31742000 	/System/Library/Frameworks/CoreServices.framework/Versions/A/Frameworks/OSServices.framework/Versions/A/OSServices
0x00007fff31770000 	/System/Library/Frameworks/CoreServices.framework/Versions/A/Frameworks/SearchKit.framework/Versions/A/SearchKit
0x00007fff310af000 	/System/Library/Frameworks/CoreServices.framework/Versions/A/Frameworks/AE.framework/Versions/A/AE
0x00007fff3146e000 	/System/Library/Frameworks/CoreServices.framework/Versions/A/Frameworks/LaunchServices.framework/Versions/A/LaunchServices
0x00007fff31417000 	/System/Library/Frameworks/CoreServices.framework/Versions/A/Frameworks/DictionaryServices.framework/Versions/A/DictionaryServices
0x00007fff317d8000 	/System/Library/Frameworks/CoreServices.framework/Versions/A/Frameworks/SharedFileList.framework/Versions/A/SharedFileList
0x00007fff36669000 	/System/Library/Frameworks/NetFS.framework/Versions/A/NetFS
0x00007fff571b7000 	/System/Library/PrivateFrameworks/NetAuth.framework/Versions/A/NetAuth
0x00007fff63b40000 	/System/Library/PrivateFrameworks/login.framework/Versions/A/Frameworks/loginsupport.framework/Versions/A/loginsupport
0x00007fff6044d000 	/System/Library/PrivateFrameworks/TCC.framework/Versions/A/TCC
0x00007fff480b7000 	/System/Library/PrivateFrameworks/CoreNLP.framework/Versions/A/CoreNLP
0x00007fff566b4000 	/System/Library/PrivateFrameworks/MetadataUtilities.framework/Versions/A/MetadataUtilities
0x00007fff67e18000 	/usr/lib/libmecabra.dylib
0x00007fff67d70000 	/usr/lib/libmecab.dylib
0x00007fff679cc000 	/usr/lib/libgermantok.dylib
0x00007fff66c91000 	/usr/lib/libThaiTokenizer.dylib
0x00007fff66697000 	/usr/lib/libChineseTokenizer.dylib
0x00007fff2b965000 	/System/Library/Frameworks/Accelerate.framework/Versions/A/Frameworks/vImage.framework/Versions/A/vImage
0x00007fff2cdcf000 	/System/Library/Frameworks/Accelerate.framework/Versions/A/Frameworks/vecLib.framework/Versions/A/vecLib
0x00007fff2cd0c000 	/System/Library/Frameworks/Accelerate.framework/Versions/A/Frameworks/vecLib.framework/Versions/A/libvMisc.dylib
0x00007fff2cb34000 	/System/Library/Frameworks/Accelerate.framework/Versions/A/Frameworks/vecLib.framework/Versions/A/libvDSP.dylib
0x00007fff2bfbc000 	/System/Library/Frameworks/Accelerate.framework/Versions/A/Frameworks/vecLib.framework/Versions/A/libBLAS.dylib
0x00007fff2c6f8000 	/System/Library/Frameworks/Accelerate.framework/Versions/A/Frameworks/vecLib.framework/Versions/A/libLAPACK.dylib
0x00007fff2ca94000 	/System/Library/Frameworks/Accelerate.framework/Versions/A/Frameworks/vecLib.framework/Versions/A/libLinearAlgebra.dylib
0x00007fff2cb21000 	/System/Library/Frameworks/Accelerate.framework/Versions/A/Frameworks/vecLib.framework/Versions/A/libSparseBLAS.dylib
0x00007fff2caaa000 	/System/Library/Frameworks/Accelerate.framework/Versions/A/Frameworks/vecLib.framework/Versions/A/libQuadrature.dylib
0x00007fff2c224000 	/System/Library/Frameworks/Accelerate.framework/Versions/A/Frameworks/vecLib.framework/Versions/A/libBNNS.dylib
0x00007fff2cab0000 	/System/Library/Frameworks/Accelerate.framework/Versions/A/Frameworks/vecLib.framework/Versions/A/libSparse.dylib
0x00007fff55228000 	/System/Library/PrivateFrameworks/LanguageModeling.framework/Versions/A/LanguageModeling
0x00007fff47a67000 	/System/Library/PrivateFrameworks/CoreEmoji.framework/Versions/A/CoreEmoji
0x00007fff55346000 	/System/Library/PrivateFrameworks/LinguisticData.framework/Versions/A/LinguisticData
0x00007fff552f7000 	/System/Library/PrivateFrameworks/Lexicon.framework/Versions/A/Lexicon
0x00007fff66f53000 	/usr/lib/libcmph.dylib
0x00007fff39258000 	/System/Library/Frameworks/OpenDirectory.framework/Versions/A/Frameworks/CFOpenDirectory.framework/Versions/A/CFOpenDirectory
0x00007fff39275000 	/System/Library/Frameworks/OpenDirectory.framework/Versions/A/OpenDirectory
0x00007fff416b6000 	/System/Library/PrivateFrameworks/APFS.framework/Versions/A/APFS
0x00007fff3c965000 	/System/Library/Frameworks/SecurityFoundation.framework/Versions/A/SecurityFoundation
0x00007fff69019000 	/usr/lib/libutil.dylib
0x00007fff48f9c000 	/System/Library/PrivateFrameworks/CoreServicesStore.framework/Versions/A/CoreServicesStore
0x00007fff3ca1c000 	/System/Library/Frameworks/ServiceManagement.framework/Versions/A/ServiceManagement
0x00007fff44c56000 	/System/Library/PrivateFrameworks/BackgroundTaskManagement.framework/Versions/A/BackgroundTaskManagement
0x00007fff69116000 	/usr/lib/libxslt.1.dylib
0x00007fff43af9000 	/System/Library/PrivateFrameworks/AppleSystemInfo.framework/Versions/A/AppleSystemInfo
0x00007fff32e0d000 	/System/Library/Frameworks/ImageIO.framework/Versions/A/Resources/libJPEG.dylib
0x00007fff330cc000 	/System/Library/Frameworks/ImageIO.framework/Versions/A/Resources/libTIFF.dylib
0x00007fff330af000 	/System/Library/Frameworks/ImageIO.framework/Versions/A/Resources/libPng.dylib
0x00007fff32d4f000 	/System/Library/Frameworks/ImageIO.framework/Versions/A/Resources/libGIF.dylib
0x00007fff32d53000 	/System/Library/Frameworks/ImageIO.framework/Versions/A/Resources/libJP2.dylib
0x00007fff330ca000 	/System/Library/Frameworks/ImageIO.framework/Versions/A/Resources/libRadiance.dylib
0x00007fff67995000 	/usr/lib/libexpat.1.dylib
0x00007fff435e1000 	/System/Library/PrivateFrameworks/AppleJPEG.framework/Versions/A/AppleJPEG
0x00007fff4c29c000 	/System/Library/PrivateFrameworks/FontServices.framework/libFontParser.dylib
0x00007fff62b42000 	/System/Library/PrivateFrameworks/WatchdogClient.framework/Versions/A/WatchdogClient
0x00007fff54883000 	/System/Library/PrivateFrameworks/IOAccelerator.framework/Versions/A/IOAccelerator
0x00007fff355d9000 	/System/Library/Frameworks/MetalPerformanceShaders.framework/Versions/A/MetalPerformanceShaders
0x00007fff51019000 	/System/Library/PrivateFrameworks/GPUWrangler.framework/Versions/A/GPUWrangler
0x00007fff54898000 	/System/Library/PrivateFrameworks/IOPresentment.framework/Versions/A/IOPresentment
0x00007fff49b1c000 	/System/Library/PrivateFrameworks/DSExternalDisplay.framework/Versions/A/DSExternalDisplay
0x00007fff39be9000 	/System/Library/Frameworks/OpenGL.framework/Versions/A/Libraries/libCoreFSCache.dylib
0x00007fff35325000 	/System/Library/Frameworks/MetalPerformanceShaders.framework/Frameworks/MPSCore.framework/Versions/A/MPSCore
0x00007fff35363000 	/System/Library/Frameworks/MetalPerformanceShaders.framework/Frameworks/MPSImage.framework/Versions/A/MPSImage
0x00007fff3542a000 	/System/Library/Frameworks/MetalPerformanceShaders.framework/Frameworks/MPSNeuralNetwork.framework/Versions/A/MPSNeuralNetwork
0x00007fff353ee000 	/System/Library/Frameworks/MetalPerformanceShaders.framework/Frameworks/MPSMatrix.framework/Versions/A/MPSMatrix
0x00007fff35589000 	/System/Library/Frameworks/MetalPerformanceShaders.framework/Frameworks/MPSRayIntersector.framework/Versions/A/MPSRayIntersector
0x00007fff35414000 	/System/Library/Frameworks/MetalPerformanceShaders.framework/Frameworks/MPSNDArray.framework/Versions/A/MPSNDArray
0x00007fff56701000 	/System/Library/PrivateFrameworks/MetalTools.framework/Versions/A/MetalTools
0x00007fff42890000 	/System/Library/PrivateFrameworks/AggregateDictionary.framework/Versions/A/AggregateDictionary
0x00007fff474af000 	/System/Library/PrivateFrameworks/CoreAnalytics.framework/Versions/A/CoreAnalytics
0x00007fff43a18000 	/System/Library/PrivateFrameworks/AppleSauce.framework/Versions/A/AppleSauce
0x00007fff66953000 	/usr/lib/libIOReport.dylib
0x00007fff31cd9000 	/System/Library/Frameworks/CoreVideo.framework/Versions/A/CoreVideo
0x00007fff52492000 	/System/Library/PrivateFrameworks/GraphVisualizer.framework/Versions/A/GraphVisualizer
0x00007fff4b7e2000 	/System/Library/PrivateFrameworks/FaceCore.framework/Versions/A/FaceCore
0x00007fff391ff000 	/System/Library/Frameworks/OpenCL.framework/Versions/A/OpenCL
0x00007fff66775000 	/usr/lib/libFosl_dynamic.dylib
0x00007fff57bd7000 	/System/Library/PrivateFrameworks/OTSVG.framework/Versions/A/OTSVG
0x00007fff2de8e000 	/System/Library/Frameworks/ApplicationServices.framework/Versions/A/Frameworks/ATS.framework/Versions/A/Resources/libFontRegistry.dylib
0x00007fff4c46d000 	/System/Library/PrivateFrameworks/FontServices.framework/libhvf.dylib
0x00007fff39bf4000 	/System/Library/Frameworks/OpenGL.framework/Versions/A/Libraries/libGFXShared.dylib
0x00007fff39dd2000 	/System/Library/Frameworks/OpenGL.framework/Versions/A/Libraries/libGLU.dylib
0x00007fff39bfd000 	/System/Library/Frameworks/OpenGL.framework/Versions/A/Libraries/libGL.dylib
0x00007fff39c08000 	/System/Library/Frameworks/OpenGL.framework/Versions/A/Libraries/libGLImage.dylib
0x00007fff39be6000 	/System/Library/Frameworks/OpenGL.framework/Versions/A/Libraries/libCVMSPluginSupport.dylib
0x00007fff39bef000 	/System/Library/Frameworks/OpenGL.framework/Versions/A/Libraries/libCoreVMClient.dylib
0x00007fff683e7000 	/usr/lib/libncurses.5.4.dylib
0x00007fff2dd8a000 	/System/Library/Frameworks/ApplicationServices.framework/Versions/A/Frameworks/ATS.framework/Versions/A/ATS
0x00007fff2df57000 	/System/Library/Frameworks/ApplicationServices.framework/Versions/A/Frameworks/ColorSyncLegacy.framework/Versions/A/ColorSyncLegacy
0x00007fff2dff5000 	/System/Library/Frameworks/ApplicationServices.framework/Versions/A/Frameworks/HIServices.framework/Versions/A/HIServices
0x00007fff2e04d000 	/System/Library/Frameworks/ApplicationServices.framework/Versions/A/Frameworks/LangAnalysis.framework/Versions/A/LangAnalysis
0x00007fff2e05c000 	/System/Library/Frameworks/ApplicationServices.framework/Versions/A/Frameworks/PrintCore.framework/Versions/A/PrintCore
0x00007fff2e0a2000 	/System/Library/Frameworks/ApplicationServices.framework/Versions/A/Frameworks/QD.framework/Versions/A/QD
0x00007fff2e0ad000 	/System/Library/Frameworks/ApplicationServices.framework/Versions/A/Frameworks/SpeechSynthesis.framework/Versions/A/SpeechSynthesis
0x00007fff2df27000 	/System/Library/Frameworks/ApplicationServices.framework/Versions/A/Frameworks/ATSUI.framework/Versions/A/ATSUI
0x00007fff6782b000 	/usr/lib/libcups.2.dylib
0x00007fff34674000 	/System/Library/Frameworks/Kerberos.framework/Versions/A/Kerberos
0x00007fff327b5000 	/System/Library/Frameworks/GSS.framework/Versions/A/GSS
0x00007fff68b6a000 	/usr/lib/libresolv.9.dylib
0x00007fff5263f000 	/System/Library/PrivateFrameworks/Heimdal.framework/Versions/A/Heimdal
0x00007fff34687000 	/System/Library/Frameworks/Kerberos.framework/Versions/A/Libraries/libHeimdalProxy.dylib
0x00007fff679d2000 	/usr/lib/libheimdal-asn1.dylib
0x00007fff46947000 	/System/Library/PrivateFrameworks/CommonAuth.framework/Versions/A/CommonAuth
0x00007fff43b96000 	/System/Library/PrivateFrameworks/AssertionServices.framework/Versions/A/AssertionServices
0x00007fff44739000 	/System/Library/PrivateFrameworks/AudioToolboxCore.framework/Versions/A/AudioToolboxCore
0x00007fff637f0000 	/System/Library/PrivateFrameworks/caulk.framework/Versions/A/caulk
0x00007fff44d02000 	/System/Library/PrivateFrameworks/BaseBoard.framework/Versions/A/BaseBoard
0x00007fff5be3a000 	/System/Library/PrivateFrameworks/RunningBoardServices.framework/Versions/A/RunningBoardServices
0x00007fff58e4b000 	/System/Library/PrivateFrameworks/PersistentConnection.framework/Versions/A/PersistentConnection
0x00007fff5b833000 	/System/Library/PrivateFrameworks/ProtocolBuffer.framework/Versions/A/ProtocolBuffer
0x00007fff4696b000 	/System/Library/PrivateFrameworks/CommonUtilities.framework/Versions/A/CommonUtilities
0x00007fff44e90000 	/System/Library/PrivateFrameworks/Bom.framework/Versions/A/Bom
0x00007fff66626000 	/usr/lib/libAudioToolboxUtility.dylib
0x00007fff44c60000 	/System/Library/PrivateFrameworks/Backup.framework/Versions/A/Backup
0x00007fff49a3d000 	/System/Library/PrivateFrameworks/CrashReporterSupport.framework/Versions/A/CrashReporterSupport
0x00007fff5d8cc000 	/System/Library/PrivateFrameworks/Sharing.framework/Versions/A/Sharing
0x00007fff431a4000 	/System/Library/PrivateFrameworks/Apple80211.framework/Versions/A/Apple80211
0x00007fff4497d000 	/System/Library/PrivateFrameworks/AuthKit.framework/Versions/A/AuthKit
0x00007fff4974a000 	/System/Library/PrivateFrameworks/CoreUtils.framework/Versions/A/CoreUtils
0x00007fff31d1e000 	/System/Library/Frameworks/CoreWLAN.framework/Versions/A/CoreWLAN
0x00007fff32942000 	/System/Library/Frameworks/IOBluetooth.framework/Versions/A/IOBluetooth
0x00007fff56a06000 	/System/Library/PrivateFrameworks/MobileKeyBag.framework/Versions/A/MobileKeyBag
0x00007fff4854f000 	/System/Library/PrivateFrameworks/CorePhoneNumbers.framework/Versions/A/CorePhoneNumbers
0x00007fff43594000 	/System/Library/PrivateFrameworks/AppleIDAuthSupport.framework/Versions/A/AppleIDAuthSupport
0x00007fff36676000 	/System/Library/Frameworks/Network.framework/Versions/A/Network
0x00007fff550d4000 	/System/Library/PrivateFrameworks/KeychainCircle.framework/Versions/A/KeychainCircle
0x00007fff2f76f000 	/System/Library/Frameworks/CoreBluetooth.framework/Versions/A/CoreBluetooth
0x00007fff5f94b000 	/System/Library/PrivateFrameworks/SpeechRecognitionCore.framework/Versions/A/SpeechRecognitionCore
0x0000000106a00000 	/Users/carpediem/.vscode/extensions/redhat.java-1.24.0-darwin-x64/jre/17.0.8.1-macosx-x86_64/lib/server/libjvm.dylib
0x0000000105137000 	/Users/carpediem/.vscode/extensions/redhat.java-1.24.0-darwin-x64/jre/17.0.8.1-macosx-x86_64/lib/libjimage.dylib
0x0000000105145000 	/Users/carpediem/.vscode/extensions/redhat.java-1.24.0-darwin-x64/jre/17.0.8.1-macosx-x86_64/lib/libinstrument.dylib
0x0000000105155000 	/Users/carpediem/.vscode/extensions/redhat.java-1.24.0-darwin-x64/jre/17.0.8.1-macosx-x86_64/lib/libjava.dylib
0x00000001051e8000 	/Users/carpediem/.vscode/extensions/redhat.java-1.24.0-darwin-x64/jre/17.0.8.1-macosx-x86_64/lib/libzip.dylib
0x0000000109e19000 	/Users/carpediem/.vscode/extensions/redhat.java-1.24.0-darwin-x64/jre/17.0.8.1-macosx-x86_64/lib/libnio.dylib
0x0000000109e2e000 	/Users/carpediem/.vscode/extensions/redhat.java-1.24.0-darwin-x64/jre/17.0.8.1-macosx-x86_64/lib/libnet.dylib
0x0000000109e48000 	/Users/carpediem/.vscode/extensions/redhat.java-1.24.0-darwin-x64/jre/17.0.8.1-macosx-x86_64/lib/libverify.dylib
0x0000000109e5a000 	/Users/carpediem/Library/Application Support/Code/User/globalStorage/redhat.java/1.24.0/config_mac/org.eclipse.equinox.launcher/org.eclipse.equinox.launcher.cocoa.macosx.x86_64_1.2.700.v20221108-1024/eclipse_11801.so
0x00007fff48f68000 	/System/Library/PrivateFrameworks/CoreServicesInternal.framework/Versions/A/CoreServicesInternal
0x00007fff3223d000 	/System/Library/Frameworks/FileProvider.framework/Versions/A/FileProvider
0x00007fff2cdd0000 	/System/Library/Frameworks/Accounts.framework/Versions/A/Accounts
0x00007fff5133e000 	/System/Library/PrivateFrameworks/GenerationalStorage.framework/Versions/A/GenerationalStorage
0x00007fff494ef000 	/System/Library/PrivateFrameworks/CoreSymbolication.framework/Versions/A/CoreSymbolication
0x00007fff6018d000 	/System/Library/PrivateFrameworks/SymptomDiagnosticReporter.framework/Versions/A/SymptomDiagnosticReporter
0x00007fff42ca8000 	/System/Library/PrivateFrameworks/AppContainer.framework/Versions/A/AppContainer
0x00007fff68b84000 	/usr/lib/libsandbox.1.dylib
0x00007fff61ae6000 	/System/Library/PrivateFrameworks/UserManagement.framework/Versions/A/UserManagement
0x00007fff45a4c000 	/System/Library/PrivateFrameworks/ChunkingLibrary.framework/Versions/A/ChunkingLibrary
0x00007fff49c71000 	/System/Library/PrivateFrameworks/DebugSymbols.framework/Versions/A/DebugSymbols
0x00007fff42d1a000 	/System/Library/PrivateFrameworks/AppSandbox.framework/Versions/A/AppSandbox
0x00007fff5d756000 	/System/Library/PrivateFrameworks/SecCodeWrapper.framework/Versions/A/SecCodeWrapper
0x00007fff66a3b000 	/usr/lib/libMatch.1.dylib
0x00007fff628b2000 	/System/Library/PrivateFrameworks/ViewBridge.framework/Versions/A/ViewBridge


VM Arguments:
jvm_args: --add-modules=ALL-SYSTEM --add-opens=java.base/java.util=ALL-UNNAMED --add-opens=java.base/java.lang=ALL-UNNAMED --add-opens=java.base/sun.nio.fs=ALL-UNNAMED -Declipse.application=org.eclipse.jdt.ls.core.id1 -Dosgi.bundles.defaultStartLevel=4 -Declipse.product=org.eclipse.jdt.ls.core.product -Djava.import.generatesMetadataFilesAtProjectRoot=false -DDetectVMInstallationsJob.disabled=true -Dfile.encoding=utf8 -XX:+UseParallelGC -XX:GCTimeRatio=4 -XX:AdaptiveSizePolicyWeight=90 -Dsun.zip.disableMemoryMapping=true -Xmx1G -Xms100m -Xlog:disable -javaagent:/Users/carpediem/.vscode/extensions/redhat.java-1.24.0-darwin-x64/lombok/lombok-1.18.30.jar -XX:+HeapDumpOnOutOfMemoryError -XX:HeapDumpPath=/Users/carpediem/Library/Application Support/Code/User/workspaceStorage/28c69493a07e2aaa387a038720acef32/redhat.java -Daether.dependencyCollector.impl=bf 
java_command: /Users/carpediem/.vscode/extensions/redhat.java-1.24.0-darwin-x64/server/plugins/org.eclipse.equinox.launcher_1.6.500.v20230717-2134.jar -configuration /Users/carpediem/Library/Application Support/Code/User/globalStorage/redhat.java/1.24.0/config_mac -data /Users/carpediem/Library/Application Support/Code/User/workspaceStorage/28c69493a07e2aaa387a038720acef32/redhat.java/jdt_ws --stdio
java_class_path (initial): /Users/carpediem/.vscode/extensions/redhat.java-1.24.0-darwin-x64/server/plugins/org.eclipse.equinox.launcher_1.6.500.v20230717-2134.jar
Launcher Type: SUN_STANDARD

[Global flags]
    uintx AdaptiveSizePolicyWeight                 = 90                                        {product} {command line}
     intx CICompilerCount                          = 4                                         {product} {ergonomic}
    uintx GCTimeRatio                              = 4                                         {product} {command line}
     bool HeapDumpOnOutOfMemoryError               = true                                   {manageable} {command line}
    ccstr HeapDumpPath                             = /Users/carpediem/Library/Application Support/Code/User/workspaceStorage/28c69493a07e2aaa387a038720acef32/redhat.java         {manageable} {command line}
   size_t InitialHeapSize                          = 104857600                                 {product} {command line}
   size_t MaxHeapSize                              = 1073741824                                {product} {command line}
   size_t MaxNewSize                               = 357564416                                 {product} {ergonomic}
   size_t MinHeapDeltaBytes                        = 524288                                    {product} {ergonomic}
   size_t MinHeapSize                              = 104857600                                 {product} {command line}
   size_t NewSize                                  = 34603008                                  {product} {ergonomic}
    uintx NonNMethodCodeHeapSize                   = 5839372                                {pd product} {ergonomic}
    uintx NonProfiledCodeHeapSize                  = 122909434                              {pd product} {ergonomic}
   size_t OldSize                                  = 70254592                                  {product} {ergonomic}
    uintx ProfiledCodeHeapSize                     = 122909434                              {pd product} {ergonomic}
    uintx ReservedCodeCacheSize                    = 251658240                              {pd product} {ergonomic}
     bool SegmentedCodeCache                       = true                                      {product} {ergonomic}
   size_t SoftMaxHeapSize                          = 1073741824                             {manageable} {ergonomic}
     bool UseCompressedClassPointers               = true                           {product lp64_product} {ergonomic}
     bool UseCompressedOops                        = true                           {product lp64_product} {ergonomic}
     bool UseNUMA                                  = false                                     {product} {ergonomic}
     bool UseNUMAInterleaving                      = false                                     {product} {ergonomic}
     bool UseParallelGC                            = true                                      {product} {command line}

Logging:
Log output configuration:
 #0: stdout all=off uptime,level,tags
 #1: stderr all=off uptime,level,tags

Environment Variables:
PATH=/usr/local/apache-ant/bin:/usr/local/apache-ant/bin:/usr/local/bin:/usr/bin:/bin:/usr/sbin:/sbin:/opt/local/bin:/opt/local/sbin
SHELL=/bin/bash
TMPDIR=/var/folders/bw/c4k0c9qs67gfjpq8q6hs8z4m0000gn/T/

Active Locale:
LC_ALL=C
LC_COLLATE=C
LC_CTYPE=C
LC_MESSAGES=C
LC_MONETARY=C
LC_NUMERIC=C
LC_TIME=C

Signal Handlers:
   SIGSEGV: crash_handler in libjvm.dylib, mask=11100110000111110111111111111111, flags=SA_RESTART|SA_SIGINFO, unblocked
    SIGBUS: crash_handler in libjvm.dylib, mask=11100110000111110111111111111111, flags=SA_RESTART|SA_SIGINFO, unblocked
    SIGFPE: crash_handler in libjvm.dylib, mask=11100110000111110111111111111111, flags=SA_RESTART|SA_SIGINFO, unblocked
   SIGPIPE: javaSignalHandler in libjvm.dylib, mask=11100110000111110111111111111111, flags=SA_RESTART|SA_SIGINFO, blocked
   SIGXFSZ: javaSignalHandler in libjvm.dylib, mask=11100110000111110111111111111111, flags=SA_RESTART|SA_SIGINFO, blocked
    SIGILL: crash_handler in libjvm.dylib, mask=11100110000111110111111111111111, flags=SA_RESTART|SA_SIGINFO, unblocked
   SIGUSR2: SR_handler in libjvm.dylib, mask=00000000000000000000000000000000, flags=SA_RESTART|SA_SIGINFO, blocked
    SIGHUP: UserHandler in libjvm.dylib, mask=11100110000111110111111111111111, flags=SA_RESTART|SA_SIGINFO, blocked
    SIGINT: UserHandler in libjvm.dylib, mask=11100110000111110111111111111111, flags=SA_RESTART|SA_SIGINFO, blocked
   SIGTERM: UserHandler in libjvm.dylib, mask=11100110000111110111111111111111, flags=SA_RESTART|SA_SIGINFO, blocked
   SIGQUIT: UserHandler in libjvm.dylib, mask=11100110000111110111111111111111, flags=SA_RESTART|SA_SIGINFO, blocked
   SIGTRAP: crash_handler in libjvm.dylib, mask=11100110000111110111111111111111, flags=SA_RESTART|SA_SIGINFO, unblocked


---------------  S Y S T E M  ---------------

OS:
uname: Darwin 19.6.0 Darwin Kernel Version 19.6.0: Thu Oct 29 22:56:45 PDT 2020; root:xnu-6153.141.2.2~1/RELEASE_X86_64 x86_64
OS uptime: 3 days 21:11 hours
rlimit (soft/hard): STACK 8192k/65532k , CORE 0k/infinity , NPROC 5568/8352 , NOFILE 10240/infinity , AS infinity/infinity , CPU infinity/infinity , DATA infinity/infinity , FSIZE infinity/infinity , MEMLOCK infinity/infinity , RSS infinity/infinity
load average: 1.65 1.59 1.53

CPU: total 12 (initial active 12) (6 cores per cpu, 2 threads per core) family 6 model 158 stepping 10 microcode 0xf4, cx8, cmov, fxsr, ht, mmx, 3dnowpref, sse, sse2, sse3, ssse3, sse4.1, sse4.2, popcnt, lzcnt, tsc, tscinvbit, avx, avx2, aes, erms, clmul, bmi1, bmi2, adx, fma, vzeroupper, clflush, clflushopt
machdep.cpu.brand_string:Intel(R) Core(TM) i7-9750H CPU @ 2.60GHz
hw.cpufrequency:2600000000
hw.cpufrequency_min:2600000000
hw.cpufrequency_max:2600000000
hw.cachelinesize:64
hw.l1icachesize:32768
hw.l1dcachesize:32768
hw.l2cachesize:262144
hw.l3cachesize:12582912

Memory: 4k page, physical 33554432k(2384336k free), swap 1048576k(827136k free)

vm_info: OpenJDK 64-Bit Server VM (17.0.8.1+1) for bsd-amd64 JRE (17.0.8.1+1), built on Aug 23 2023 15:17:19 by "admin" with clang 4.2.1 Compatible Apple LLVM 10.0.1 (clang-1001.0.46.4)

END.
