#
# A fatal error has been detected by the Java Runtime Environment:
#
#  SIGSEGV (0xb) at pc=0x000000010b25fbd3, pid=6945, tid=9987
#
# JRE version: OpenJDK Runtime Environment Temurin-17.0.8.1+1 (17.0.8.1+1) (build 17.0.8.1+1)
# Java VM: OpenJDK 64-Bit Server VM Temurin-17.0.8.1+1 (17.0.8.1+1, mixed mode, tiered, compressed oops, compressed class ptrs, parallel gc, bsd-amd64)
# Problematic frame:
# V  [libjvm.dylib+0xa5fbd3]  bool ConcurrentHashTable<SymbolTableConfig, (MEMFLAGS)10>::get<SymbolTableLookup, SymbolTableGet>(Thread*, SymbolTableLookup&, SymbolTableGet&, bool*)+0xa3
#
# No core dump will be written. Core dumps have been disabled. To enable core dumping, try "ulimit -c unlimited" before starting Java again
#
# If you would like to submit a bug report, please visit:
#   https://github.com/adoptium/adoptium-support/issues
#

---------------  S U M M A R Y ------------

Command Line: --add-modules=ALL-SYSTEM --add-opens=java.base/java.util=ALL-UNNAMED --add-opens=java.base/java.lang=ALL-UNNAMED --add-opens=java.base/sun.nio.fs=ALL-UNNAMED -Declipse.application=org.eclipse.jdt.ls.core.id1 -Dosgi.bundles.defaultStartLevel=4 -Declipse.product=org.eclipse.jdt.ls.core.product -Djava.import.generatesMetadataFilesAtProjectRoot=false -DDetectVMInstallationsJob.disabled=true -Dfile.encoding=utf8 -XX:+UseParallelGC -XX:GCTimeRatio=4 -XX:AdaptiveSizePolicyWeight=90 -Dsun.zip.disableMemoryMapping=true -Xmx1G -Xms100m -Xlog:disable -javaagent:/Users/carpediem/.vscode/extensions/redhat.java-1.23.0-darwin-x64/lombok/lombok-1.18.30.jar -XX:+HeapDumpOnOutOfMemoryError -XX:HeapDumpPath=/Users/carpediem/Library/Application Support/Code/User/workspaceStorage/5a4e84b38b8fdc59893cc827d908d4bb/redhat.java -Daether.dependencyCollector.impl=bf /Users/carpediem/.vscode/extensions/redhat.java-1.23.0-darwin-x64/server/plugins/org.eclipse.equinox.launcher_1.6.500.v20230717-2134.jar -configuration /Users/carpediem/Library/Application Support/Code/User/globalStorage/redhat.java/1.23.0/config_mac -data /Users/carpediem/Library/Application Support/Code/User/workspaceStorage/5a4e84b38b8fdc59893cc827d908d4bb/redhat.java/jdt_ws

Host: "MacBookPro16,1" x86_64 2600 MHz, 12 cores, 32G, Darwin 19.6.0, macOS 10.15.7 (19H15)
Time: Sat Oct 21 16:23:50 2023 CEST elapsed time: 0.068419 seconds (0d 0h 0m 0s)

---------------  T H R E A D  ---------------

Current thread (0x00007fabd8009e00):  JavaThread "main" [_thread_in_vm, id=9987, stack(0x0000700000adf000,0x0000700000bdf000)]

Stack: [0x0000700000adf000,0x0000700000bdf000],  sp=0x0000700000bddbb0,  free space=1018k
Native frames: (J=compiled Java code, j=interpreted, Vv=VM code, C=native code)
V  [libjvm.dylib+0xa5fbd3]  bool ConcurrentHashTable<SymbolTableConfig, (MEMFLAGS)10>::get<SymbolTableLookup, SymbolTableGet>(Thread*, SymbolTableLookup&, SymbolTableGet&, bool*)+0xa3
V  [libjvm.dylib+0xa5f7c7]  SymbolTable::lookup_common(char const*, int, unsigned int)+0xd7
V  [libjvm.dylib+0x2dac8b]  ClassFileParser::parse_constant_pool_entries(ClassFileStream const*, ConstantPool*, int, JavaThread*)+0x2eb
V  [libjvm.dylib+0x2db683]  ClassFileParser::parse_constant_pool(ClassFileStream const*, ConstantPool*, int, JavaThread*)+0x23
V  [libjvm.dylib+0x2eb0d8]  ClassFileParser::parse_stream(ClassFileStream const*, JavaThread*)+0x188
V  [libjvm.dylib+0x2eaf13]  ClassFileParser::ClassFileParser(ClassFileStream*, Symbol*, ClassLoaderData*, ClassLoadInfo const*, ClassFileParser::Publicity, JavaThread*)+0x283
V  [libjvm.dylib+0x708401]  KlassFactory::create_from_stream(ClassFileStream*, Symbol*, ClassLoaderData*, ClassLoadInfo const&, JavaThread*)+0xb1
V  [libjvm.dylib+0x2f43aa]  ClassLoader::load_class(Symbol*, bool, JavaThread*)+0x22a
V  [libjvm.dylib+0xa6ac68]  SystemDictionary::load_instance_class_impl(Symbol*, Handle, JavaThread*)+0x3c8
V  [libjvm.dylib+0xa69495]  SystemDictionary::load_instance_class(unsigned int, Symbol*, Handle, JavaThread*)+0x25
V  [libjvm.dylib+0xa68941]  SystemDictionary::resolve_instance_class_or_null(Symbol*, Handle, Handle, JavaThread*)+0x521
V  [libjvm.dylib+0xa67eff]  SystemDictionary::resolve_or_fail(Symbol*, Handle, Handle, bool, JavaThread*)+0x6f
V  [libjvm.dylib+0x356e84]  ConstantPool::klass_at_impl(constantPoolHandle const&, int, JavaThread*)+0x1b4
V  [libjvm.dylib+0x51692a]  InterpreterRuntime::_new(JavaThread*, ConstantPool*, int)+0x6a
j  jdk.internal.module.SystemModulesMap.allSystemModules()Ljdk/internal/module/SystemModules;+0 java.base
j  jdk.internal.module.SystemModuleFinders.allSystemModules()Ljdk/internal/module/SystemModules;+6 java.base
j  jdk.internal.module.ModuleBootstrap.boot2()Ljava/lang/ModuleLayer;+228 java.base
j  jdk.internal.module.ModuleBootstrap.boot()Ljava/lang/ModuleLayer;+64 java.base
j  java.lang.System.initPhase2(ZZ)I+0 java.base
v  ~StubRoutines::call_stub
V  [libjvm.dylib+0x520e26]  JavaCalls::call_helper(JavaValue*, methodHandle const&, JavaCallArguments*, JavaThread*)+0x2b6
V  [libjvm.dylib+0x5204d4]  JavaCalls::call_static(JavaValue*, Klass*, Symbol*, Symbol*, JavaCallArguments*, JavaThread*)+0x114
V  [libjvm.dylib+0xab17cb]  Threads::create_vm(JavaVMInitArgs*, bool*)+0x7bb
V  [libjvm.dylib+0x5945d5]  JNI_CreateJavaVM+0x65
C  [libjli.dylib+0x45a2]  JavaMain+0x122
C  [libjli.dylib+0x7749]  ThreadJavaMain+0x9
C  [libsystem_pthread.dylib+0x6109]  _pthread_start+0x94
C  [libsystem_pthread.dylib+0x1b8b]  thread_start+0xf

Java frames: (J=compiled Java code, j=interpreted, Vv=VM code)
j  jdk.internal.module.SystemModulesMap.allSystemModules()Ljdk/internal/module/SystemModules;+0 java.base
j  jdk.internal.module.SystemModuleFinders.allSystemModules()Ljdk/internal/module/SystemModules;+6 java.base
j  jdk.internal.module.ModuleBootstrap.boot2()Ljava/lang/ModuleLayer;+228 java.base
j  jdk.internal.module.ModuleBootstrap.boot()Ljava/lang/ModuleLayer;+64 java.base
j  java.lang.System.initPhase2(ZZ)I+0 java.base
v  ~StubRoutines::call_stub

siginfo: si_signo: 11 (SIGSEGV), si_code: 1 (SEGV_MAPERR), si_addr: 0x00005fabcfd05cd8

Register to memory mapping:

RAX=0x0000000000000002 is an unknown value
RBX=0x0000700000bddc10 is pointing into the stack for thread: 0x00007fabd8009e00
RCX=0x0000700000bddc28 is pointing into the stack for thread: 0x00007fabd8009e00
RDX=0x0000000000000015 is an unknown value
RSP=0x0000700000bddbb0 is pointing into the stack for thread: 0x00007fabd8009e00
RBP=0x0000700000bddc00 is pointing into the stack for thread: 0x00007fabd8009e00
RSI=0x0000000000007790 is an unknown value
RDI=0x00007fabdfc134a0 points into unknown readable memory: 0x0000000000000000 | 00 00 00 00 00 00 00 00
R8 =0x0000700000bddc37 is pointing into the stack for thread: 0x00007fabd8009e00
R9 =0x0 is NULL
R10=0x00007fabefc0d6c0 points into unknown readable memory: 0x00005fabcfd05cd0 | d0 5c d0 cf ab 5f 00 00
R11=0x0000000049019567 is an unknown value
R12=0x0000000000000002 is an unknown value
R13=0x00007fabd8009ef8 points into unknown readable memory: 0x0000000000000051 | 51 00 00 00 00 00 00 00
R14=0x00007fabf002df38 points into unknown readable memory: 0x616a0012ba7fffff | ff ff 7f ba 12 00 6a 61
R15=0x00005fabcfd05cd0 is an unknown value


Registers:
RAX=0x0000000000000002, RBX=0x0000700000bddc10, RCX=0x0000700000bddc28, RDX=0x0000000000000015
RSP=0x0000700000bddbb0, RBP=0x0000700000bddc00, RSI=0x0000000000007790, RDI=0x00007fabdfc134a0
R8 =0x0000700000bddc37, R9 =0x0000000000000000, R10=0x00007fabefc0d6c0, R11=0x0000000049019567
R12=0x0000000000000002, R13=0x00007fabd8009ef8, R14=0x00007fabf002df38, R15=0x00005fabcfd05cd0
RIP=0x000000010b25fbd3, EFLAGS=0x0000000000010202, ERR=0x0000000000000004
  TRAPNO=0x000000000000000e

Top of Stack: (sp=0x0000700000bddbb0)
0x0000700000bddbb0:   00007fab9000d4e7 0000000000000000
0x0000700000bddbc0:   0000700000bddc28 0000700000bddc37
0x0000700000bddbd0:   00007fabdfc134a0 00000000f13bf790
0x0000700000bddbe0:   000000000000054e 0000000000000015
0x0000700000bddbf0:   0000000000000015 00007fab9000d586
0x0000700000bddc00:   0000700000bddc50 000000010b25f7c7
0x0000700000bddc10:   00000000f13bf790 00007fab00000015
0x0000700000bddc20:   00007fab9000d586 0000000000000000
0x0000700000bddc30:   0000000000000015 0000000000000001
0x0000700000bddc40:   00007fab9000d586 00007fabd8009e00
0x0000700000bddc50:   0000700000bdddb0 000000010aadac8b
0x0000700000bddc60:   0000700000bddce0 000000010b0b53f1
0x0000700000bddc70:   00007fabd903a610 000000012022dd98
0x0000700000bddc80:   00007fabd8009e00 000000012022dde0
0x0000700000bddc90:   f13bf79000000000 00000003000009d8
0x0000700000bddca0:   000000010b4f26b8 00007fab90008010
0x0000700000bddcb0:   00007fab9001ae11 00007fab9000d59b
0x0000700000bddcc0:   00007fabefc042e0 00007fabdfc10100
0x0000700000bddcd0:   000000012022dd98 0000700000bde038
0x0000700000bddce0:   eed4a245bcdfd84f c220e9f5c7a83add
0x0000700000bddcf0:   1f096d9e93178e33 e5772238bcbf8793
0x0000700000bddd00:   0000054a00000548 0000053e0000054c
0x0000700000bddd10:   0000054200000540 0000054600000544
0x0000700000bddd20:   0000002b00000026 0000001100000011
0x0000700000bddd30:   0000001000000015 0000002500000022
0x0000700000bddd40:   00007fab9000d512 00007fab9000d53e
0x0000700000bddd50:   00007fab9000d56f 00007fab9000d477
0x0000700000bddd60:   00007fab9000d48e 00007fab9000d4a9
0x0000700000bddd70:   00007fab9000d4bf 00007fab9000d4e7
0x0000700000bddd80:   c4a5b3809dc5001f 00007fabd8009e00
0x0000700000bddd90:   00000000000009d8 000000012022dd98
0x0000700000bddda0:   0000700000bde038 00000000000009d8 

Instructions: (pc=0x000000010b25fbd3)
0x000000010b25fad3:   0f b6 58 01 01 cb 89 d9 c1 e1 05 29 d9 0f b6 58
0x000000010b25fae3:   02 01 cb 89 d9 c1 e1 05 29 d9 0f b6 58 03 01 cb
0x000000010b25faf3:   48 83 c0 04 83 c7 04 75 c4 45 85 c0 0f 84 50 ff
0x000000010b25fb03:   ff ff 40 28 f2 0f b6 ca 83 e1 03 31 d2 89 de c1
0x000000010b25fb13:   e6 05 29 de 0f b6 1c 10 01 f3 48 ff c2 39 d1 75
0x000000010b25fb23:   ec e9 2c ff ff ff 0f 1f 80 00 00 00 00 55 48 89
0x000000010b25fb33:   e5 41 57 41 56 41 55 41 54 53 48 83 ec 28 48 89
0x000000010b25fb43:   d3 49 89 f5 4c 8b 8e f8 00 00 00 49 81 c5 f8 00
0x000000010b25fb53:   00 00 4c 89 c8 41 f6 c1 01 75 12 48 8d 05 cb 24
0x000000010b25fb63:   31 00 48 8b 80 80 00 00 00 48 83 c8 01 49 87 45
0x000000010b25fb73:   00 48 8b 47 48 48 85 c0 74 09 48 8d 47 48 31 d2
0x000000010b25fb83:   48 87 10 48 8b 03 48 8b 57 08 48 8b 72 18 48 21
0x000000010b25fb93:   c6 48 8b 12 4c 8b 14 f2 41 f6 c2 02 0f 85 85 00
0x000000010b25fba3:   00 00 48 8d 04 f2 4c 8b 38 49 83 e7 fc 0f 84 90
0x000000010b25fbb3:   00 00 00 48 89 7d d0 4c 89 45 c8 48 89 4d c0 4c
0x000000010b25fbc3:   89 4d b8 b8 01 00 00 00 0f 1f 44 00 00 49 89 c4
0x000000010b25fbd3:   4d 8b 77 08 48 63 53 08 41 0f b7 46 04 39 c2 75
0x000000010b25fbe3:   11 48 8b 73 10 49 8d 7e 06 e8 71 0f 14 00 85 c0
0x000000010b25fbf3:   74 12 41 8b 06 4d 8b 3f 49 8d 44 24 01 4d 85 ff
0x000000010b25fc03:   75 cb eb 0e 4c 89 f7 e8 81 e8 ff ff 84 c0 74 e5
0x000000010b25fc13:   eb 03 45 31 ff 4c 8b 4d b8 48 8b 4d c0 4c 8b 45
0x000000010b25fc23:   c8 48 8b 7d d0 eb 22 48 8b 57 10 48 23 42 18 48
0x000000010b25fc33:   c1 e0 03 48 03 02 4c 8b 38 49 83 e7 fc 0f 85 70
0x000000010b25fc43:   ff ff ff 45 31 e4 45 31 ff 49 8d 47 08 4d 85 ff
0x000000010b25fc53:   49 0f 44 c7 4d 85 c0 74 08 4c 3b 67 28 41 0f 97
0x000000010b25fc63:   00 48 85 c0 74 0a 48 8b 00 48 89 01 b0 01 eb 02
0x000000010b25fc73:   31 c0 4d 89 4d 00 48 83 c4 28 5b 41 5c 41 5d 41
0x000000010b25fc83:   5e 41 5f 5d c3 0f 1f 84 00 00 00 00 00 55 48 89
0x000000010b25fc93:   e5 41 57 41 56 53 50 49 89 d6 89 f3 49 89 ff 80
0x000000010b25fca3:   3d e7 74 35 00 00 74 2a 48 8b 3d 5e 75 35 00 4c
0x000000010b25fcb3:   89 fe 89 da e8 84 87 6f ff 89 c2 41 89 16 4c 89
0x000000010b25fcc3:   ff 89 de 48 83 c4 08 5b 41 5e 41 5f 5d e9 1b fa 


Stack slot to memory mapping:
stack at sp + 0 slots: 0x00007fab9000d4e7 points into unknown readable memory: 6a
stack at sp + 1 slots: 0x0 is NULL
stack at sp + 2 slots: 0x0000700000bddc28 is pointing into the stack for thread: 0x00007fabd8009e00
stack at sp + 3 slots: 0x0000700000bddc37 is pointing into the stack for thread: 0x00007fabd8009e00
stack at sp + 4 slots: 0x00007fabdfc134a0 points into unknown readable memory: 0x0000000000000000 | 00 00 00 00 00 00 00 00
stack at sp + 5 slots: 0x00000000f13bf790 is an unknown value
stack at sp + 6 slots: 0x000000000000054e is an unknown value
stack at sp + 7 slots: 0x0000000000000015 is an unknown value


---------------  P R O C E S S  ---------------

Threads class SMR info:
_java_thread_list=0x00007fabefc0a7d0, length=9, elements={
0x00007fabd8009e00, 0x00007fabd8808200, 0x00007fabc9808200, 0x00007fabd9009e00,
0x00007fabd9008200, 0x00007fabd9008800, 0x00007fabc900a800, 0x00007fabf0008200,
0x00007fabf000dc00
}

Java Threads: ( => current thread )
=>0x00007fabd8009e00 JavaThread "main" [_thread_in_vm, id=9987, stack(0x0000700000adf000,0x0000700000bdf000)]
  0x00007fabd8808200 JavaThread "Reference Handler" daemon [_thread_blocked, id=14339, stack(0x0000700000de8000,0x0000700000ee8000)]
  0x00007fabc9808200 JavaThread "Finalizer" daemon [_thread_blocked, id=18691, stack(0x0000700000eeb000,0x0000700000feb000)]
  0x00007fabd9009e00 JavaThread "Signal Dispatcher" daemon [_thread_blocked, id=17667, stack(0x00007000010f4000,0x00007000011f4000)]
  0x00007fabd9008200 JavaThread "Service Thread" daemon [_thread_blocked, id=17155, stack(0x00007000011f7000,0x00007000012f7000)]
  0x00007fabd9008800 JavaThread "Monitor Deflation Thread" daemon [_thread_blocked, id=21763, stack(0x00007000012fa000,0x00007000013fa000)]
  0x00007fabc900a800 JavaThread "C2 CompilerThread0" daemon [_thread_blocked, id=43011, stack(0x00007000013fd000,0x00007000014fd000)]
  0x00007fabf0008200 JavaThread "C1 CompilerThread0" daemon [_thread_blocked, id=42499, stack(0x0000700001500000,0x0000700001600000)]
  0x00007fabf000dc00 JavaThread "Sweeper thread" daemon [_thread_blocked, id=22275, stack(0x0000700001603000,0x0000700001703000)]

Other Threads:
  0x00007fabbfe101f0 VMThread "VM Thread" [stack: 0x0000700000ce5000,0x0000700000de5000] [id=13827]
  0x00007fabefc05ef0 GCTaskThread "GC Thread#0" [stack: 0x0000700000be2000,0x0000700000ce2000] [id=20227]

Threads with active compile tasks:

VM state: not at safepoint (normal execution)

VM Mutex/Monitor currently owned by a thread: None

Heap address: 0x00000007c0000000, size: 1024 MB, Compressed Oops mode: Zero based, Oop shift amount: 3

CDS archive(s) not mapped
Compressed class space mapped at: 0x0000000800000000-0x0000000840000000, reserved size: 1073741824
Narrow klass base: 0x0000000800000000, Narrow klass shift: 0, Narrow klass range: 0x40000000

GC Precious Log:
 CPUs: 12 total, 12 available
 Memory: 32768M
 Large Page Support: Disabled
 NUMA Support: Disabled
 Compressed Oops: Enabled (Zero based)
 Alignments: Space 512K, Generation 512K, Heap 2M
 Heap Min Capacity: 100M
 Heap Initial Capacity: 100M
 Heap Max Capacity: 1G
 Pre-touch: Disabled
 Parallel Workers: 10

Heap:
 PSYoungGen      total 29696K, used 1024K [0x00000007eab00000, 0x00000007ecc00000, 0x0000000800000000)
  eden space 25600K, 4% used [0x00000007eab00000,0x00000007eac00138,0x00000007ec400000)
  from space 4096K, 0% used [0x00000007ec800000,0x00000007ec800000,0x00000007ecc00000)
  to   space 4096K, 0% used [0x00000007ec400000,0x00000007ec400000,0x00000007ec800000)
 ParOldGen       total 68608K, used 0K [0x00000007c0000000, 0x00000007c4300000, 0x00000007eab00000)
  object space 68608K, 0% used [0x00000007c0000000,0x00000007c0000000,0x00000007c4300000)
 Metaspace       used 2460K, committed 2560K, reserved 1114112K
  class space    used 209K, committed 256K, reserved 1048576K

Card table byte_map: [0x0000000108322000,0x0000000108523000] _byte_map_base: 0x0000000104522000

Marking Bits: (ParMarkBitMap*) 0x000000010b585900
 Begin Bits: [0x000000011d56d000, 0x000000011e56d000)
 End Bits:   [0x000000011e56d000, 0x000000011f56d000)

Polling page: 0x00000001080bb000

Metaspace:

Usage:
  Non-class:      2.20 MB used.
      Class:    209.71 KB used.
       Both:      2.40 MB used.

Virtual space:
  Non-class space:       64.00 MB reserved,       2.25 MB (  4%) committed,  1 nodes.
      Class space:        1.00 GB reserved,     256.00 KB ( <1%) committed,  1 nodes.
             Both:        1.06 GB reserved,       2.50 MB ( <1%) committed. 

Chunk freelists:
   Non-Class:  12.00 MB
       Class:  15.75 MB
        Both:  27.75 MB

MaxMetaspaceSize: unlimited
CompressedClassSpaceSize: 1.00 GB
Initial GC threshold: 21.00 MB
Current GC threshold: 21.00 MB
CDS: off
MetaspaceReclaimPolicy: balanced
 - commit_granule_bytes: 65536.
 - commit_granule_words: 8192.
 - virtual_space_node_default_size: 8388608.
 - enlarge_chunks_in_place: 1.
 - new_chunks_are_fully_committed: 0.
 - uncommit_free_chunks: 1.
 - use_allocation_guard: 0.
 - handle_deallocations: 1.


Internal statistics:

num_allocs_failed_limit: 0.
num_arena_births: 2.
num_arena_deaths: 0.
num_vsnodes_births: 2.
num_vsnodes_deaths: 0.
num_space_committed: 40.
num_space_uncommitted: 0.
num_chunks_returned_to_freelist: 0.
num_chunks_taken_from_freelist: 3.
num_chunk_merges: 0.
num_chunk_splits: 2.
num_chunks_enlarged: 0.
num_inconsistent_stats: 0.

CodeHeap 'non-profiled nmethods': size=120028Kb used=0Kb max_used=0Kb free=120028Kb
 bounds [0x0000000116036000, 0x00000001162a6000, 0x000000011d56d000]
CodeHeap 'profiled nmethods': size=120028Kb used=0Kb max_used=0Kb free=120027Kb
 bounds [0x000000010e56d000, 0x000000010e7dd000, 0x0000000115aa4000]
CodeHeap 'non-nmethods': size=5704Kb used=1007Kb max_used=1018Kb free=4696Kb
 bounds [0x0000000115aa4000, 0x0000000115d14000, 0x0000000116036000]
 total_blobs=266 nmethods=1 adapters=182
 compilation: enabled
              stopped_count=0, restarted_count=0
 full_count=0

Compilation events (2 events):
Event: 0.063 Thread 0x00007fabf0008200    1       3       java.lang.String::isLatin1 (19 bytes)
Event: 0.063 Thread 0x00007fabf0008200 nmethod 1 0x000000010e56d010 code [0x000000010e56d1a0, 0x000000010e56d310]

GC Heap History (0 events):
No events

Dll operation events (1 events):
Event: 0.006 Loaded shared library /Users/carpediem/.vscode/extensions/redhat.java-1.23.0-darwin-x64/jre/17.0.8.1-macosx-x86_64/lib/libjava.dylib

Deoptimization events (0 events):
No events

Classes unloaded (0 events):
No events

Classes redefined (0 events):
No events

Internal exceptions (0 events):
No events

VM Operations (0 events):
No events

Events (20 events):
Event: 0.065 loading class jdk/internal/module/ModulePatcher done
Event: 0.065 loading class jdk/internal/module/ModuleBootstrap$Counters
Event: 0.065 loading class jdk/internal/module/ModuleBootstrap$Counters done
Event: 0.065 loading class jdk/internal/module/ArchivedBootLayer
Event: 0.065 loading class jdk/internal/module/ArchivedBootLayer done
Event: 0.065 loading class java/util/HashSet
Event: 0.066 loading class java/util/HashSet done
Event: 0.066 loading class jdk/internal/module/ArchivedModuleGraph
Event: 0.066 loading class jdk/internal/module/ArchivedModuleGraph done
Event: 0.066 loading class jdk/internal/module/SystemModuleFinders
Event: 0.066 loading class jdk/internal/module/SystemModuleFinders done
Event: 0.066 loading class java/net/URI
Event: 0.066 loading class java/net/URI done
Event: 0.066 loading class java/net/URI$1
Event: 0.066 loading class jdk/internal/access/JavaNetUriAccess
Event: 0.066 loading class jdk/internal/access/JavaNetUriAccess done
Event: 0.066 loading class java/net/URI$1 done
Event: 0.066 loading class jdk/internal/module/SystemModulesMap
Event: 0.066 loading class jdk/internal/module/SystemModulesMap done
Event: 0.066 loading class jdk/internal/module/SystemModules$all


Dynamic libraries:
0x00007fff722e5000 	/usr/lib/libz.1.dylib
0x0000000108076000 	/Users/carpediem/.vscode/extensions/redhat.java-1.23.0-darwin-x64/jre/17.0.8.1-macosx-x86_64/lib/libjli.dylib
0x00007fff37fca000 	/System/Library/Frameworks/Cocoa.framework/Versions/A/Cocoa
0x00007fff457c1000 	/System/Library/Frameworks/Security.framework/Versions/A/Security
0x00007fff36f2f000 	/System/Library/Frameworks/ApplicationServices.framework/Versions/A/ApplicationServices
0x00007fff6fda9000 	/usr/lib/libSystem.B.dylib
0x00007fff72ba6000 	/usr/lib/system/libcache.dylib
0x00007fff72bac000 	/usr/lib/system/libcommonCrypto.dylib
0x00007fff72bb8000 	/usr/lib/system/libcompiler_rt.dylib
0x00007fff72bc0000 	/usr/lib/system/libcopyfile.dylib
0x00007fff72bca000 	/usr/lib/system/libcorecrypto.dylib
0x00007fff72d69000 	/usr/lib/system/libdispatch.dylib
0x00007fff72daa000 	/usr/lib/system/libdyld.dylib
0x00007fff72de1000 	/usr/lib/system/libkeymgr.dylib
0x00007fff72def000 	/usr/lib/system/liblaunch.dylib
0x00007fff72df0000 	/usr/lib/system/libmacho.dylib
0x00007fff72df6000 	/usr/lib/system/libquarantine.dylib
0x00007fff72df9000 	/usr/lib/system/libremovefile.dylib
0x00007fff72dfb000 	/usr/lib/system/libsystem_asl.dylib
0x00007fff72e13000 	/usr/lib/system/libsystem_blocks.dylib
0x00007fff72e14000 	/usr/lib/system/libsystem_c.dylib
0x00007fff72e9c000 	/usr/lib/system/libsystem_configuration.dylib
0x00007fff72ea0000 	/usr/lib/system/libsystem_coreservices.dylib
0x00007fff72ea4000 	/usr/lib/system/libsystem_darwin.dylib
0x00007fff72ead000 	/usr/lib/system/libsystem_dnssd.dylib
0x00007fff72eb5000 	/usr/lib/system/libsystem_featureflags.dylib
0x00007fff72eb7000 	/usr/lib/system/libsystem_info.dylib
0x00007fff72f32000 	/usr/lib/system/libsystem_m.dylib
0x00007fff72f7a000 	/usr/lib/system/libsystem_malloc.dylib
0x00007fff72fa2000 	/usr/lib/system/libsystem_networkextension.dylib
0x00007fff72fb0000 	/usr/lib/system/libsystem_notify.dylib
0x00007fff72fce000 	/usr/lib/system/libsystem_sandbox.dylib
0x00007fff72fd3000 	/usr/lib/system/libsystem_secinit.dylib
0x00007fff72f05000 	/usr/lib/system/libsystem_kernel.dylib
0x00007fff72fba000 	/usr/lib/system/libsystem_platform.dylib
0x00007fff72fc3000 	/usr/lib/system/libsystem_pthread.dylib
0x00007fff72fd6000 	/usr/lib/system/libsystem_symptoms.dylib
0x00007fff72fde000 	/usr/lib/system/libsystem_trace.dylib
0x00007fff72ff6000 	/usr/lib/system/libunwind.dylib
0x00007fff72ffc000 	/usr/lib/system/libxpc.dylib
0x00007fff71c09000 	/usr/lib/libobjc.A.dylib
0x00007fff700e2000 	/usr/lib/libc++abi.dylib
0x00007fff7008f000 	/usr/lib/libc++.1.dylib
0x00007fff38e6c000 	/System/Library/Frameworks/CoreFoundation.framework/Versions/A/CoreFoundation
0x00007fff3b529000 	/System/Library/Frameworks/Foundation.framework/Versions/C/Foundation
0x00007fff3611f000 	/System/Library/Frameworks/AppKit.framework/Versions/C/AppKit
0x00007fff3894e000 	/System/Library/Frameworks/CoreData.framework/Versions/A/CoreData
0x00007fff69dbe000 	/System/Library/PrivateFrameworks/UIFoundation.framework/Versions/A/UIFoundation
0x00007fff64e52000 	/System/Library/PrivateFrameworks/RemoteViewServices.framework/Versions/A/RemoteViewServices
0x00007fff6c919000 	/System/Library/PrivateFrameworks/XCTTargetBootstrap.framework/Versions/A/XCTTargetBootstrap
0x00007fff38d39000 	/System/Library/Frameworks/CoreDisplay.framework/Versions/A/CoreDisplay
0x00007fff3e3e4000 	/System/Library/Frameworks/Metal.framework/Versions/A/Metal
0x00007fff52e55000 	/System/Library/PrivateFrameworks/DesktopServicesPriv.framework/Versions/A/DesktopServicesPriv
0x00007fff70ee4000 	/usr/lib/liblangid.dylib
0x00007fff520ea000 	/System/Library/PrivateFrameworks/CoreSVG.framework/Versions/A/CoreSVG
0x00007fff67fae000 	/System/Library/PrivateFrameworks/SkyLight.framework/Versions/A/SkyLight
0x00007fff392ed000 	/System/Library/Frameworks/CoreGraphics.framework/Versions/A/CoreGraphics
0x00007fff34af3000 	/System/Library/Frameworks/Accelerate.framework/Versions/A/Accelerate
0x00007fff721d6000 	/usr/lib/libxml2.2.dylib
0x00007fff5dddd000 	/System/Library/PrivateFrameworks/IconServices.framework/Versions/A/IconServices
0x00007fff3bd08000 	/System/Library/Frameworks/IOSurface.framework/Versions/A/IOSurface
0x00007fff6f8d3000 	/usr/lib/libDiagnosticMessagesClient.dylib
0x00007fff52caf000 	/System/Library/PrivateFrameworks/DFRFoundation.framework/Versions/A/DFRFoundation
0x00007fff70c73000 	/usr/lib/libicucore.A.dylib
0x00007fff37261000 	/System/Library/Frameworks/AudioToolbox.framework/Versions/A/AudioToolbox
0x00007fff37344000 	/System/Library/Frameworks/AudioUnit.framework/Versions/A/AudioUnit
0x00007fff6ffab000 	/usr/lib/libauto.dylib
0x00007fff52d51000 	/System/Library/PrivateFrameworks/DataDetectorsCore.framework/Versions/A/DataDetectorsCore
0x00007fff37aeb000 	/System/Library/Frameworks/Carbon.framework/Versions/A/Frameworks/HIToolbox.framework/Versions/A/HIToolbox
0x00007fff449bd000 	/System/Library/Frameworks/QuartzCore.framework/Versions/A/QuartzCore
0x00007fff37e2a000 	/System/Library/Frameworks/Carbon.framework/Versions/A/Frameworks/SpeechRecognition.framework/Versions/A/SpeechRecognition
0x00007fff527c3000 	/System/Library/PrivateFrameworks/CoreUI.framework/Versions/A/CoreUI
0x00007fff383b9000 	/System/Library/Frameworks/CoreAudio.framework/Versions/A/CoreAudio
0x00007fff3b1e8000 	/System/Library/Frameworks/DiskArbitration.framework/Versions/A/DiskArbitration
0x00007fff5fe2d000 	/System/Library/PrivateFrameworks/MultitouchSupport.framework/Versions/A/MultitouchSupport
0x00007fff70b3a000 	/usr/lib/libenergytrace.dylib
0x00007fff3bc62000 	/System/Library/Frameworks/IOKit.framework/Versions/A/IOKit
0x00007fff3a254000 	/System/Library/Frameworks/CoreServices.framework/Versions/A/CoreServices
0x00007fff61fe5000 	/System/Library/PrivateFrameworks/PerformanceAnalysis.framework/Versions/A/PerformanceAnalysis
0x00007fff439f0000 	/System/Library/Frameworks/OpenGL.framework/Versions/A/OpenGL
0x00007fff37fd8000 	/System/Library/Frameworks/ColorSync.framework/Versions/A/ColorSync
0x00007fff39970000 	/System/Library/Frameworks/CoreImage.framework/Versions/A/CoreImage
0x00007fff3acc7000 	/System/Library/Frameworks/CoreText.framework/Versions/A/CoreText
0x00007fff3bd98000 	/System/Library/Frameworks/ImageIO.framework/Versions/A/ImageIO
0x00007fff7010b000 	/usr/lib/libcompression.dylib
0x00007fff6fc17000 	/usr/lib/libMobileGestalt.dylib
0x00007fff69b28000 	/System/Library/PrivateFrameworks/TextureIO.framework/Versions/A/TextureIO
0x00007fff6ff0e000 	/usr/lib/libate.dylib
0x00007fff5dfe6000 	/System/Library/PrivateFrameworks/InternationalSupport.framework/Versions/A/InternationalSupport
0x00007fff70ee6000 	/usr/lib/liblzma.5.dylib
0x00007fff70b61000 	/usr/lib/libfakelink.dylib
0x00007fff6fe9b000 	/usr/lib/libarchive.2.dylib
0x00007fff46872000 	/System/Library/Frameworks/SystemConfiguration.framework/Versions/A/SystemConfiguration
0x00007fff6f806000 	/usr/lib/libCRFSuite.dylib
0x00007fff376db000 	/System/Library/Frameworks/CFNetwork.framework/Versions/A/CFNetwork
0x00007fff70071000 	/usr/lib/libbsm.0.dylib
0x00007fff72de2000 	/usr/lib/system/libkxld.dylib
0x00007fff4c62c000 	/System/Library/PrivateFrameworks/AppleFSCompression.framework/Versions/A/AppleFSCompression
0x00007fff703fc000 	/usr/lib/libcoretls.dylib
0x00007fff70413000 	/usr/lib/libcoretls_cfhelpers.dylib
0x00007fff71c4f000 	/usr/lib/libpam.2.dylib
0x00007fff71d84000 	/usr/lib/libsqlite3.dylib
0x00007fff721c3000 	/usr/lib/libxar.1.dylib
0x00007fff70082000 	/usr/lib/libbz2.1.0.dylib
0x00007fff70b82000 	/usr/lib/libiconv.2.dylib
0x00007fff700f8000 	/usr/lib/libcharset.1.dylib
0x00007fff716ec000 	/usr/lib/libnetwork.dylib
0x00007fff71c56000 	/usr/lib/libpcap.A.dylib
0x00007fff6fe50000 	/usr/lib/libapple_nghttp2.dylib
0x00007fff3a60b000 	/System/Library/Frameworks/CoreServices.framework/Versions/A/Frameworks/FSEvents.framework/Versions/A/FSEvents
0x00007fff3a2db000 	/System/Library/Frameworks/CoreServices.framework/Versions/A/Frameworks/CarbonCore.framework/Versions/A/CarbonCore
0x00007fff3a84f000 	/System/Library/Frameworks/CoreServices.framework/Versions/A/Frameworks/Metadata.framework/Versions/A/Metadata
0x00007fff3a8e8000 	/System/Library/Frameworks/CoreServices.framework/Versions/A/Frameworks/OSServices.framework/Versions/A/OSServices
0x00007fff3a916000 	/System/Library/Frameworks/CoreServices.framework/Versions/A/Frameworks/SearchKit.framework/Versions/A/SearchKit
0x00007fff3a255000 	/System/Library/Frameworks/CoreServices.framework/Versions/A/Frameworks/AE.framework/Versions/A/AE
0x00007fff3a614000 	/System/Library/Frameworks/CoreServices.framework/Versions/A/Frameworks/LaunchServices.framework/Versions/A/LaunchServices
0x00007fff3a5bd000 	/System/Library/Frameworks/CoreServices.framework/Versions/A/Frameworks/DictionaryServices.framework/Versions/A/DictionaryServices
0x00007fff3a97e000 	/System/Library/Frameworks/CoreServices.framework/Versions/A/Frameworks/SharedFileList.framework/Versions/A/SharedFileList
0x00007fff3f80f000 	/System/Library/Frameworks/NetFS.framework/Versions/A/NetFS
0x00007fff6035d000 	/System/Library/PrivateFrameworks/NetAuth.framework/Versions/A/NetAuth
0x00007fff6cce6000 	/System/Library/PrivateFrameworks/login.framework/Versions/A/Frameworks/loginsupport.framework/Versions/A/loginsupport
0x00007fff695f3000 	/System/Library/PrivateFrameworks/TCC.framework/Versions/A/TCC
0x00007fff5125d000 	/System/Library/PrivateFrameworks/CoreNLP.framework/Versions/A/CoreNLP
0x00007fff5f85a000 	/System/Library/PrivateFrameworks/MetadataUtilities.framework/Versions/A/MetadataUtilities
0x00007fff70fbe000 	/usr/lib/libmecabra.dylib
0x00007fff70f16000 	/usr/lib/libmecab.dylib
0x00007fff70b72000 	/usr/lib/libgermantok.dylib
0x00007fff6fe37000 	/usr/lib/libThaiTokenizer.dylib
0x00007fff6f83d000 	/usr/lib/libChineseTokenizer.dylib
0x00007fff34b0b000 	/System/Library/Frameworks/Accelerate.framework/Versions/A/Frameworks/vImage.framework/Versions/A/vImage
0x00007fff35f75000 	/System/Library/Frameworks/Accelerate.framework/Versions/A/Frameworks/vecLib.framework/Versions/A/vecLib
0x00007fff35eb2000 	/System/Library/Frameworks/Accelerate.framework/Versions/A/Frameworks/vecLib.framework/Versions/A/libvMisc.dylib
0x00007fff35cda000 	/System/Library/Frameworks/Accelerate.framework/Versions/A/Frameworks/vecLib.framework/Versions/A/libvDSP.dylib
0x00007fff35162000 	/System/Library/Frameworks/Accelerate.framework/Versions/A/Frameworks/vecLib.framework/Versions/A/libBLAS.dylib
0x00007fff3589e000 	/System/Library/Frameworks/Accelerate.framework/Versions/A/Frameworks/vecLib.framework/Versions/A/libLAPACK.dylib
0x00007fff35c3a000 	/System/Library/Frameworks/Accelerate.framework/Versions/A/Frameworks/vecLib.framework/Versions/A/libLinearAlgebra.dylib
0x00007fff35cc7000 	/System/Library/Frameworks/Accelerate.framework/Versions/A/Frameworks/vecLib.framework/Versions/A/libSparseBLAS.dylib
0x00007fff35c50000 	/System/Library/Frameworks/Accelerate.framework/Versions/A/Frameworks/vecLib.framework/Versions/A/libQuadrature.dylib
0x00007fff353ca000 	/System/Library/Frameworks/Accelerate.framework/Versions/A/Frameworks/vecLib.framework/Versions/A/libBNNS.dylib
0x00007fff35c56000 	/System/Library/Frameworks/Accelerate.framework/Versions/A/Frameworks/vecLib.framework/Versions/A/libSparse.dylib
0x00007fff5e3ce000 	/System/Library/PrivateFrameworks/LanguageModeling.framework/Versions/A/LanguageModeling
0x00007fff50c0d000 	/System/Library/PrivateFrameworks/CoreEmoji.framework/Versions/A/CoreEmoji
0x00007fff5e4ec000 	/System/Library/PrivateFrameworks/LinguisticData.framework/Versions/A/LinguisticData
0x00007fff5e49d000 	/System/Library/PrivateFrameworks/Lexicon.framework/Versions/A/Lexicon
0x00007fff700f9000 	/usr/lib/libcmph.dylib
0x00007fff423fe000 	/System/Library/Frameworks/OpenDirectory.framework/Versions/A/Frameworks/CFOpenDirectory.framework/Versions/A/CFOpenDirectory
0x00007fff4241b000 	/System/Library/Frameworks/OpenDirectory.framework/Versions/A/OpenDirectory
0x00007fff4a85c000 	/System/Library/PrivateFrameworks/APFS.framework/Versions/A/APFS
0x00007fff45b0b000 	/System/Library/Frameworks/SecurityFoundation.framework/Versions/A/SecurityFoundation
0x00007fff721bf000 	/usr/lib/libutil.dylib
0x00007fff52142000 	/System/Library/PrivateFrameworks/CoreServicesStore.framework/Versions/A/CoreServicesStore
0x00007fff45bc2000 	/System/Library/Frameworks/ServiceManagement.framework/Versions/A/ServiceManagement
0x00007fff4ddfc000 	/System/Library/PrivateFrameworks/BackgroundTaskManagement.framework/Versions/A/BackgroundTaskManagement
0x00007fff722bc000 	/usr/lib/libxslt.1.dylib
0x00007fff4cc9f000 	/System/Library/PrivateFrameworks/AppleSystemInfo.framework/Versions/A/AppleSystemInfo
0x00007fff3bfb3000 	/System/Library/Frameworks/ImageIO.framework/Versions/A/Resources/libJPEG.dylib
0x00007fff3c272000 	/System/Library/Frameworks/ImageIO.framework/Versions/A/Resources/libTIFF.dylib
0x00007fff3c255000 	/System/Library/Frameworks/ImageIO.framework/Versions/A/Resources/libPng.dylib
0x00007fff3bef5000 	/System/Library/Frameworks/ImageIO.framework/Versions/A/Resources/libGIF.dylib
0x00007fff3bef9000 	/System/Library/Frameworks/ImageIO.framework/Versions/A/Resources/libJP2.dylib
0x00007fff3c270000 	/System/Library/Frameworks/ImageIO.framework/Versions/A/Resources/libRadiance.dylib
0x00007fff70b3b000 	/usr/lib/libexpat.1.dylib
0x00007fff4c787000 	/System/Library/PrivateFrameworks/AppleJPEG.framework/Versions/A/AppleJPEG
0x00007fff55442000 	/System/Library/PrivateFrameworks/FontServices.framework/libFontParser.dylib
0x00007fff6bce8000 	/System/Library/PrivateFrameworks/WatchdogClient.framework/Versions/A/WatchdogClient
0x00007fff5da29000 	/System/Library/PrivateFrameworks/IOAccelerator.framework/Versions/A/IOAccelerator
0x00007fff3e77f000 	/System/Library/Frameworks/MetalPerformanceShaders.framework/Versions/A/MetalPerformanceShaders
0x00007fff5a1bf000 	/System/Library/PrivateFrameworks/GPUWrangler.framework/Versions/A/GPUWrangler
0x00007fff5da3e000 	/System/Library/PrivateFrameworks/IOPresentment.framework/Versions/A/IOPresentment
0x00007fff52cc2000 	/System/Library/PrivateFrameworks/DSExternalDisplay.framework/Versions/A/DSExternalDisplay
0x00007fff42d8f000 	/System/Library/Frameworks/OpenGL.framework/Versions/A/Libraries/libCoreFSCache.dylib
0x00007fff3e4cb000 	/System/Library/Frameworks/MetalPerformanceShaders.framework/Frameworks/MPSCore.framework/Versions/A/MPSCore
0x00007fff3e509000 	/System/Library/Frameworks/MetalPerformanceShaders.framework/Frameworks/MPSImage.framework/Versions/A/MPSImage
0x00007fff3e5d0000 	/System/Library/Frameworks/MetalPerformanceShaders.framework/Frameworks/MPSNeuralNetwork.framework/Versions/A/MPSNeuralNetwork
0x00007fff3e594000 	/System/Library/Frameworks/MetalPerformanceShaders.framework/Frameworks/MPSMatrix.framework/Versions/A/MPSMatrix
0x00007fff3e72f000 	/System/Library/Frameworks/MetalPerformanceShaders.framework/Frameworks/MPSRayIntersector.framework/Versions/A/MPSRayIntersector
0x00007fff3e5ba000 	/System/Library/Frameworks/MetalPerformanceShaders.framework/Frameworks/MPSNDArray.framework/Versions/A/MPSNDArray
0x00007fff5f8a7000 	/System/Library/PrivateFrameworks/MetalTools.framework/Versions/A/MetalTools
0x00007fff4ba36000 	/System/Library/PrivateFrameworks/AggregateDictionary.framework/Versions/A/AggregateDictionary
0x00007fff50655000 	/System/Library/PrivateFrameworks/CoreAnalytics.framework/Versions/A/CoreAnalytics
0x00007fff4cbbe000 	/System/Library/PrivateFrameworks/AppleSauce.framework/Versions/A/AppleSauce
0x00007fff6faf9000 	/usr/lib/libIOReport.dylib
0x00007fff3ae7f000 	/System/Library/Frameworks/CoreVideo.framework/Versions/A/CoreVideo
0x00007fff5b638000 	/System/Library/PrivateFrameworks/GraphVisualizer.framework/Versions/A/GraphVisualizer
0x00007fff54988000 	/System/Library/PrivateFrameworks/FaceCore.framework/Versions/A/FaceCore
0x00007fff423a5000 	/System/Library/Frameworks/OpenCL.framework/Versions/A/OpenCL
0x00007fff6f91b000 	/usr/lib/libFosl_dynamic.dylib
0x00007fff60d7d000 	/System/Library/PrivateFrameworks/OTSVG.framework/Versions/A/OTSVG
0x00007fff37034000 	/System/Library/Frameworks/ApplicationServices.framework/Versions/A/Frameworks/ATS.framework/Versions/A/Resources/libFontRegistry.dylib
0x00007fff55613000 	/System/Library/PrivateFrameworks/FontServices.framework/libhvf.dylib
0x00007fff42d9a000 	/System/Library/Frameworks/OpenGL.framework/Versions/A/Libraries/libGFXShared.dylib
0x00007fff42f78000 	/System/Library/Frameworks/OpenGL.framework/Versions/A/Libraries/libGLU.dylib
0x00007fff42da3000 	/System/Library/Frameworks/OpenGL.framework/Versions/A/Libraries/libGL.dylib
0x00007fff42dae000 	/System/Library/Frameworks/OpenGL.framework/Versions/A/Libraries/libGLImage.dylib
0x00007fff42d8c000 	/System/Library/Frameworks/OpenGL.framework/Versions/A/Libraries/libCVMSPluginSupport.dylib
0x00007fff42d95000 	/System/Library/Frameworks/OpenGL.framework/Versions/A/Libraries/libCoreVMClient.dylib
0x00007fff7158d000 	/usr/lib/libncurses.5.4.dylib
0x00007fff36f30000 	/System/Library/Frameworks/ApplicationServices.framework/Versions/A/Frameworks/ATS.framework/Versions/A/ATS
0x00007fff370fd000 	/System/Library/Frameworks/ApplicationServices.framework/Versions/A/Frameworks/ColorSyncLegacy.framework/Versions/A/ColorSyncLegacy
0x00007fff3719b000 	/System/Library/Frameworks/ApplicationServices.framework/Versions/A/Frameworks/HIServices.framework/Versions/A/HIServices
0x00007fff371f3000 	/System/Library/Frameworks/ApplicationServices.framework/Versions/A/Frameworks/LangAnalysis.framework/Versions/A/LangAnalysis
0x00007fff37202000 	/System/Library/Frameworks/ApplicationServices.framework/Versions/A/Frameworks/PrintCore.framework/Versions/A/PrintCore
0x00007fff37248000 	/System/Library/Frameworks/ApplicationServices.framework/Versions/A/Frameworks/QD.framework/Versions/A/QD
0x00007fff37253000 	/System/Library/Frameworks/ApplicationServices.framework/Versions/A/Frameworks/SpeechSynthesis.framework/Versions/A/SpeechSynthesis
0x00007fff370cd000 	/System/Library/Frameworks/ApplicationServices.framework/Versions/A/Frameworks/ATSUI.framework/Versions/A/ATSUI
0x00007fff709d1000 	/usr/lib/libcups.2.dylib
0x00007fff3d81a000 	/System/Library/Frameworks/Kerberos.framework/Versions/A/Kerberos
0x00007fff3b95b000 	/System/Library/Frameworks/GSS.framework/Versions/A/GSS
0x00007fff71d10000 	/usr/lib/libresolv.9.dylib
0x00007fff5b7e5000 	/System/Library/PrivateFrameworks/Heimdal.framework/Versions/A/Heimdal
0x00007fff3d82d000 	/System/Library/Frameworks/Kerberos.framework/Versions/A/Libraries/libHeimdalProxy.dylib
0x00007fff70b78000 	/usr/lib/libheimdal-asn1.dylib
0x00007fff4faed000 	/System/Library/PrivateFrameworks/CommonAuth.framework/Versions/A/CommonAuth
0x00007fff4cd3c000 	/System/Library/PrivateFrameworks/AssertionServices.framework/Versions/A/AssertionServices
0x00007fff4d8df000 	/System/Library/PrivateFrameworks/AudioToolboxCore.framework/Versions/A/AudioToolboxCore
0x00007fff6c996000 	/System/Library/PrivateFrameworks/caulk.framework/Versions/A/caulk
0x00007fff4dea8000 	/System/Library/PrivateFrameworks/BaseBoard.framework/Versions/A/BaseBoard
0x00007fff64fe0000 	/System/Library/PrivateFrameworks/RunningBoardServices.framework/Versions/A/RunningBoardServices
0x00007fff61ff1000 	/System/Library/PrivateFrameworks/PersistentConnection.framework/Versions/A/PersistentConnection
0x00007fff649d9000 	/System/Library/PrivateFrameworks/ProtocolBuffer.framework/Versions/A/ProtocolBuffer
0x00007fff4fb11000 	/System/Library/PrivateFrameworks/CommonUtilities.framework/Versions/A/CommonUtilities
0x00007fff4e036000 	/System/Library/PrivateFrameworks/Bom.framework/Versions/A/Bom
0x00007fff6f7cc000 	/usr/lib/libAudioToolboxUtility.dylib
0x00007fff4de06000 	/System/Library/PrivateFrameworks/Backup.framework/Versions/A/Backup
0x00007fff52be3000 	/System/Library/PrivateFrameworks/CrashReporterSupport.framework/Versions/A/CrashReporterSupport
0x00007fff66a72000 	/System/Library/PrivateFrameworks/Sharing.framework/Versions/A/Sharing
0x00007fff4c34a000 	/System/Library/PrivateFrameworks/Apple80211.framework/Versions/A/Apple80211
0x00007fff4db23000 	/System/Library/PrivateFrameworks/AuthKit.framework/Versions/A/AuthKit
0x00007fff528f0000 	/System/Library/PrivateFrameworks/CoreUtils.framework/Versions/A/CoreUtils
0x00007fff3aec4000 	/System/Library/Frameworks/CoreWLAN.framework/Versions/A/CoreWLAN
0x00007fff3bae8000 	/System/Library/Frameworks/IOBluetooth.framework/Versions/A/IOBluetooth
0x00007fff5fbac000 	/System/Library/PrivateFrameworks/MobileKeyBag.framework/Versions/A/MobileKeyBag
0x00007fff516f5000 	/System/Library/PrivateFrameworks/CorePhoneNumbers.framework/Versions/A/CorePhoneNumbers
0x00007fff4c73a000 	/System/Library/PrivateFrameworks/AppleIDAuthSupport.framework/Versions/A/AppleIDAuthSupport
0x00007fff3f81c000 	/System/Library/Frameworks/Network.framework/Versions/A/Network
0x00007fff5e27a000 	/System/Library/PrivateFrameworks/KeychainCircle.framework/Versions/A/KeychainCircle
0x00007fff38915000 	/System/Library/Frameworks/CoreBluetooth.framework/Versions/A/CoreBluetooth
0x00007fff68af1000 	/System/Library/PrivateFrameworks/SpeechRecognitionCore.framework/Versions/A/SpeechRecognitionCore
0x000000010a800000 	/Users/carpediem/.vscode/extensions/redhat.java-1.23.0-darwin-x64/jre/17.0.8.1-macosx-x86_64/lib/server/libjvm.dylib
0x00000001080af000 	/Users/carpediem/.vscode/extensions/redhat.java-1.23.0-darwin-x64/jre/17.0.8.1-macosx-x86_64/lib/libjimage.dylib
0x00000001080bd000 	/Users/carpediem/.vscode/extensions/redhat.java-1.23.0-darwin-x64/jre/17.0.8.1-macosx-x86_64/lib/libinstrument.dylib
0x00000001080cd000 	/Users/carpediem/.vscode/extensions/redhat.java-1.23.0-darwin-x64/jre/17.0.8.1-macosx-x86_64/lib/libjava.dylib
0x000000010888d000 	/Users/carpediem/.vscode/extensions/redhat.java-1.23.0-darwin-x64/jre/17.0.8.1-macosx-x86_64/lib/libzip.dylib


VM Arguments:
jvm_args: --add-modules=ALL-SYSTEM --add-opens=java.base/java.util=ALL-UNNAMED --add-opens=java.base/java.lang=ALL-UNNAMED --add-opens=java.base/sun.nio.fs=ALL-UNNAMED -Declipse.application=org.eclipse.jdt.ls.core.id1 -Dosgi.bundles.defaultStartLevel=4 -Declipse.product=org.eclipse.jdt.ls.core.product -Djava.import.generatesMetadataFilesAtProjectRoot=false -DDetectVMInstallationsJob.disabled=true -Dfile.encoding=utf8 -XX:+UseParallelGC -XX:GCTimeRatio=4 -XX:AdaptiveSizePolicyWeight=90 -Dsun.zip.disableMemoryMapping=true -Xmx1G -Xms100m -Xlog:disable -javaagent:/Users/carpediem/.vscode/extensions/redhat.java-1.23.0-darwin-x64/lombok/lombok-1.18.30.jar -XX:+HeapDumpOnOutOfMemoryError -XX:HeapDumpPath=/Users/carpediem/Library/Application Support/Code/User/workspaceStorage/5a4e84b38b8fdc59893cc827d908d4bb/redhat.java -Daether.dependencyCollector.impl=bf 
java_command: /Users/carpediem/.vscode/extensions/redhat.java-1.23.0-darwin-x64/server/plugins/org.eclipse.equinox.launcher_1.6.500.v20230717-2134.jar -configuration /Users/carpediem/Library/Application Support/Code/User/globalStorage/redhat.java/1.23.0/config_mac -data /Users/carpediem/Library/Application Support/Code/User/workspaceStorage/5a4e84b38b8fdc59893cc827d908d4bb/redhat.java/jdt_ws
java_class_path (initial): /Users/carpediem/.vscode/extensions/redhat.java-1.23.0-darwin-x64/server/plugins/org.eclipse.equinox.launcher_1.6.500.v20230717-2134.jar
Launcher Type: SUN_STANDARD

[Global flags]
    uintx AdaptiveSizePolicyWeight                 = 90                                        {product} {command line}
     intx CICompilerCount                          = 4                                         {product} {ergonomic}
    uintx GCTimeRatio                              = 4                                         {product} {command line}
     bool HeapDumpOnOutOfMemoryError               = true                                   {manageable} {command line}
    ccstr HeapDumpPath                             = /Users/carpediem/Library/Application Support/Code/User/workspaceStorage/5a4e84b38b8fdc59893cc827d908d4bb/redhat.java         {manageable} {command line}
   size_t InitialHeapSize                          = 104857600                                 {product} {command line}
   size_t MaxHeapSize                              = 1073741824                                {product} {command line}
   size_t MaxNewSize                               = 357564416                                 {product} {ergonomic}
   size_t MinHeapDeltaBytes                        = 524288                                    {product} {ergonomic}
   size_t MinHeapSize                              = 104857600                                 {product} {command line}
   size_t NewSize                                  = 34603008                                  {product} {ergonomic}
    uintx NonNMethodCodeHeapSize                   = 5839372                                {pd product} {ergonomic}
    uintx NonProfiledCodeHeapSize                  = 122909434                              {pd product} {ergonomic}
   size_t OldSize                                  = 70254592                                  {product} {ergonomic}
    uintx ProfiledCodeHeapSize                     = 122909434                              {pd product} {ergonomic}
    uintx ReservedCodeCacheSize                    = 251658240                              {pd product} {ergonomic}
     bool SegmentedCodeCache                       = true                                      {product} {ergonomic}
   size_t SoftMaxHeapSize                          = 1073741824                             {manageable} {ergonomic}
     bool UseCompressedClassPointers               = true                           {product lp64_product} {ergonomic}
     bool UseCompressedOops                        = true                           {product lp64_product} {ergonomic}
     bool UseNUMA                                  = false                                     {product} {ergonomic}
     bool UseNUMAInterleaving                      = false                                     {product} {ergonomic}
     bool UseParallelGC                            = true                                      {product} {command line}

Logging:
Log output configuration:
 #0: stdout all=off uptime,level,tags
 #1: stderr all=off uptime,level,tags

Environment Variables:
PATH=/usr/local/apache-ant/bin:/usr/local/apache-ant/bin:/usr/local/bin:/usr/bin:/bin:/usr/sbin:/sbin:/opt/local/bin:/opt/local/sbin
SHELL=/bin/bash
TMPDIR=/var/folders/bw/c4k0c9qs67gfjpq8q6hs8z4m0000gn/T/

Active Locale:
LC_ALL=C
LC_COLLATE=C
LC_CTYPE=C
LC_MESSAGES=C
LC_MONETARY=C
LC_NUMERIC=C
LC_TIME=C

Signal Handlers:
   SIGSEGV: crash_handler in libjvm.dylib, mask=11100110000111110111111111111111, flags=SA_RESTART|SA_SIGINFO, unblocked
    SIGBUS: crash_handler in libjvm.dylib, mask=11100110000111110111111111111111, flags=SA_RESTART|SA_SIGINFO, unblocked
    SIGFPE: crash_handler in libjvm.dylib, mask=11100110000111110111111111111111, flags=SA_RESTART|SA_SIGINFO, unblocked
   SIGPIPE: javaSignalHandler in libjvm.dylib, mask=11100110000111110111111111111111, flags=SA_RESTART|SA_SIGINFO, blocked
   SIGXFSZ: javaSignalHandler in libjvm.dylib, mask=11100110000111110111111111111111, flags=SA_RESTART|SA_SIGINFO, blocked
    SIGILL: crash_handler in libjvm.dylib, mask=11100110000111110111111111111111, flags=SA_RESTART|SA_SIGINFO, unblocked
   SIGUSR2: SR_handler in libjvm.dylib, mask=00000000000000000000000000000000, flags=SA_RESTART|SA_SIGINFO, blocked
    SIGHUP: UserHandler in libjvm.dylib, mask=11100110000111110111111111111111, flags=SA_RESTART|SA_SIGINFO, blocked
    SIGINT: UserHandler in libjvm.dylib, mask=11100110000111110111111111111111, flags=SA_RESTART|SA_SIGINFO, blocked
   SIGTERM: UserHandler in libjvm.dylib, mask=11100110000111110111111111111111, flags=SA_RESTART|SA_SIGINFO, blocked
   SIGQUIT: UserHandler in libjvm.dylib, mask=11100110000111110111111111111111, flags=SA_RESTART|SA_SIGINFO, blocked
   SIGTRAP: crash_handler in libjvm.dylib, mask=11100110000111110111111111111111, flags=SA_RESTART|SA_SIGINFO, unblocked


---------------  S Y S T E M  ---------------

OS:
uname: Darwin 19.6.0 Darwin Kernel Version 19.6.0: Thu Oct 29 22:56:45 PDT 2020; root:xnu-6153.141.2.2~1/RELEASE_X86_64 x86_64
OS uptime: 4 days 6:02 hours
rlimit (soft/hard): STACK 8192k/65532k , CORE 0k/infinity , NPROC 5568/8352 , NOFILE 10240/infinity , AS infinity/infinity , CPU infinity/infinity , DATA infinity/infinity , FSIZE infinity/infinity , MEMLOCK infinity/infinity , RSS infinity/infinity
load average: 2.05 1.30 1.23

CPU: total 12 (initial active 12) (6 cores per cpu, 2 threads per core) family 6 model 158 stepping 10 microcode 0xf4, cx8, cmov, fxsr, ht, mmx, 3dnowpref, sse, sse2, sse3, ssse3, sse4.1, sse4.2, popcnt, lzcnt, tsc, tscinvbit, avx, avx2, aes, erms, clmul, bmi1, bmi2, adx, fma, vzeroupper, clflush, clflushopt
machdep.cpu.brand_string:Intel(R) Core(TM) i7-9750H CPU @ 2.60GHz
hw.cpufrequency:2600000000
hw.cpufrequency_min:2600000000
hw.cpufrequency_max:2600000000
hw.cachelinesize:64
hw.l1icachesize:32768
hw.l1dcachesize:32768
hw.l2cachesize:262144
hw.l3cachesize:12582912

Memory: 4k page, physical 33554432k(2924128k free), swap 2097152k(1754368k free)

vm_info: OpenJDK 64-Bit Server VM (17.0.8.1+1) for bsd-amd64 JRE (17.0.8.1+1), built on Aug 23 2023 15:17:19 by "admin" with clang 4.2.1 Compatible Apple LLVM 10.0.1 (clang-1001.0.46.4)

END.
