#
# A fatal error has been detected by the Java Runtime Environment:
#
#  SIGSEGV (0xb) at pc=0x000000010ccc633c, pid=6943, tid=24067
#
# JRE version: OpenJDK Runtime Environment Temurin-17.0.8.1+1 (17.0.8.1+1) (build 17.0.8.1+1)
# Java VM: OpenJDK 64-Bit Server VM Temurin-17.0.8.1+1 (17.0.8.1+1, mixed mode, tiered, compressed oops, compressed class ptrs, parallel gc, bsd-amd64)
# Problematic frame:
# V  [libjvm.dylib+0xac633c]  TypeInstPtr::make(TypePtr::PTR, ciKlass*, bool, ciObject*, int, int, TypePtr const*, int)+0x3c
#
# No core dump will be written. Core dumps have been disabled. To enable core dumping, try "ulimit -c unlimited" before starting Java again
#
# If you would like to submit a bug report, please visit:
#   https://github.com/adoptium/adoptium-support/issues
#

---------------  S U M M A R Y ------------

Command Line: --add-modules=ALL-SYSTEM --add-opens=java.base/java.util=ALL-UNNAMED --add-opens=java.base/java.lang=ALL-UNNAMED --add-opens=java.base/sun.nio.fs=ALL-UNNAMED -Declipse.application=org.eclipse.jdt.ls.core.id1 -Dosgi.bundles.defaultStartLevel=4 -Declipse.product=org.eclipse.jdt.ls.core.product -Djava.import.generatesMetadataFilesAtProjectRoot=false -DDetectVMInstallationsJob.disabled=true -Dfile.encoding=utf8 -XX:+UseParallelGC -XX:GCTimeRatio=4 -XX:AdaptiveSizePolicyWeight=90 -Dsun.zip.disableMemoryMapping=true -Xmx1G -Xms100m -Xlog:disable -javaagent:/Users/carpediem/.vscode/extensions/redhat.java-1.23.0-darwin-x64/lombok/lombok-1.18.30.jar -XX:+HeapDumpOnOutOfMemoryError -XX:HeapDumpPath=/Users/carpediem/Library/Application Support/Code/User/workspaceStorage/5a4e84b38b8fdc59893cc827d908d4bb/redhat.java -Daether.dependencyCollector.impl=bf /Users/carpediem/.vscode/extensions/redhat.java-1.23.0-darwin-x64/server/plugins/org.eclipse.equinox.launcher_1.6.500.v20230717-2134.jar -configuration /Users/carpediem/Library/Application Support/Code/User/globalStorage/redhat.java/1.23.0/config_mac -data /Users/carpediem/Library/Application Support/Code/User/workspaceStorage/5a4e84b38b8fdc59893cc827d908d4bb/redhat.java/jdt_ws

Host: "MacBookPro16,1" x86_64 2600 MHz, 12 cores, 32G, Darwin 19.6.0, macOS 10.15.7 (19H15)
Time: Sat Oct 21 16:23:50 2023 CEST elapsed time: 0.354003 seconds (0d 0h 0m 0s)

---------------  T H R E A D  ---------------

Current thread (0x00007fb10a80ca00):  JavaThread "C2 CompilerThread2" daemon [_thread_in_native, id=24067, stack(0x000070000e1a4000,0x000070000e2a4000)]


Current CompileTask:
C2:    354  613       4       lombok.patcher.scripts.MethodLevelPatchScript::patch (21 bytes)

Stack: [0x000070000e1a4000,0x000070000e2a4000],  sp=0x000070000e2a15b0,  free space=1013k
Native frames: (J=compiled Java code, j=interpreted, Vv=VM code, C=native code)
V  [libjvm.dylib+0xac633c]  TypeInstPtr::make(TypePtr::PTR, ciKlass*, bool, ciObject*, int, int, TypePtr const*, int)+0x3c
V  [libjvm.dylib+0x32e573]  Compile::flatten_alias_type(TypePtr const*) const+0x243
V  [libjvm.dylib+0x32ee09]  Compile::find_alias_type(TypePtr const*, bool, ciField*)+0x59
V  [libjvm.dylib+0x835eff]  MemNode::Ideal_common(PhaseGVN*, bool)+0x68f
V  [libjvm.dylib+0x83b7eb]  LoadNode::Ideal(PhaseGVN*, bool)+0x2b
V  [libjvm.dylib+0x8f0400]  PhaseGVN::transform_no_reclaim(Node*)+0x40
V  [libjvm.dylib+0x837bdc]  LoadNode::make(PhaseGVN&, Node*, Node*, Node*, TypePtr const*, Type const*, BasicType, MemNode::MemOrd, LoadNode::ControlDependency, bool, bool, bool, bool, unsigned char)+0xa3c
V  [libjvm.dylib+0x4ab821]  GraphKit::make_load(Node*, Node*, Type const*, BasicType, int, MemNode::MemOrd, LoadNode::ControlDependency, bool, bool, bool, bool, unsigned char)+0xb1
V  [libjvm.dylib+0x1b3f9b]  BarrierSetC2::load_at_resolved(C2Access&, Type const*) const+0x17b
V  [libjvm.dylib+0x1b416e]  BarrierSetC2::load_at(C2Access&, Type const*) const+0x3e
V  [libjvm.dylib+0x4afd92]  GraphKit::access_load_at(Node*, Node*, TypePtr const*, Type const*, BasicType, unsigned long long)+0xa2
V  [libjvm.dylib+0x8e5a1c]  Parse::do_get_xxx(Node*, ciField*, bool)+0x2ec
V  [libjvm.dylib+0x8e56e8]  Parse::do_field_access(bool, bool)+0x1c8
V  [libjvm.dylib+0x8d4226]  Parse::do_one_block()+0x336
V  [libjvm.dylib+0x8d2fdf]  Parse::do_all_blocks()+0x56f
V  [libjvm.dylib+0x8d04cb]  Parse::Parse(JVMState*, ciMethod*, float)+0x74b
V  [libjvm.dylib+0x28c240]  ParseGenerator::generate(JVMState*)+0x80
V  [libjvm.dylib+0x28ecb0]  PredictedCallGenerator::generate(JVMState*)+0x270
V  [libjvm.dylib+0x3e50d3]  Parse::do_call()+0x5d3
V  [libjvm.dylib+0x8d4226]  Parse::do_one_block()+0x336
V  [libjvm.dylib+0x8d2fdf]  Parse::do_all_blocks()+0x56f
V  [libjvm.dylib+0x8d04cb]  Parse::Parse(JVMState*, ciMethod*, float)+0x74b
V  [libjvm.dylib+0x28c240]  ParseGenerator::generate(JVMState*)+0x80
V  [libjvm.dylib+0x3e50d3]  Parse::do_call()+0x5d3
V  [libjvm.dylib+0x8d4226]  Parse::do_one_block()+0x336
V  [libjvm.dylib+0x8d2fdf]  Parse::do_all_blocks()+0x56f
V  [libjvm.dylib+0x8d04cb]  Parse::Parse(JVMState*, ciMethod*, float)+0x74b
V  [libjvm.dylib+0x28c240]  ParseGenerator::generate(JVMState*)+0x80
V  [libjvm.dylib+0x328ffe]  Compile::Compile(ciEnv*, ciMethod*, int, bool, bool, bool, bool, bool, DirectiveSet*)+0xd2e
V  [libjvm.dylib+0x28a966]  C2Compiler::compile_method(ciEnv*, ciMethod*, int, bool, DirectiveSet*)+0xb6
V  [libjvm.dylib+0x33dc2e]  CompileBroker::invoke_compiler_on_method(CompileTask*)+0x62e
V  [libjvm.dylib+0x33d4de]  CompileBroker::compiler_thread_loop()+0x4de
V  [libjvm.dylib+0xaacaef]  JavaThread::thread_main_inner()+0x14f
V  [libjvm.dylib+0xaaae5f]  Thread::call_run()+0xcf
V  [libjvm.dylib+0x8b3e8b]  thread_native_entry(Thread*)+0x14b
C  [libsystem_pthread.dylib+0x6109]  _pthread_start+0x94
C  [libsystem_pthread.dylib+0x1b8b]  thread_start+0xf


siginfo: si_signo: 11 (SIGSEGV), si_code: 1 (SEGV_MAPERR), si_addr: 0x00005fb0cb8fe780

Register to memory mapping:

RAX=0x0 is NULL
RBX=0x0 is NULL
RCX=0x0 is NULL
RDX=0x0 is NULL
RSP=0x000070000e2a15b0 is pointing into the stack for thread: 0x00007fb10a80ca00
RBP=0x000070000e2a1610 is pointing into the stack for thread: 0x00007fb10a80ca00
RSI=0x00005fb0cb8fe770 is an unknown value
RDI=0x0000000000000005 is an unknown value
R8 =0x000000000000000c is an unknown value
R9 =0x0 is NULL
R10=0x00007fb10b0dd540 points into unknown readable memory: 0x000000010cef0788 | 88 07 ef 0c 01 00 00 00
R11=0x0 is NULL
R12=0x000000000000000c is an unknown value
R13=0x00005fb0cb8fe770 is an unknown value
R14=0x000070000e2a3001 is pointing into the stack for thread: 0x00007fb10a80ca00
R15=0x000000000cf2de00 is an unknown value


Registers:
RAX=0x0000000000000000, RBX=0x0000000000000000, RCX=0x0000000000000000, RDX=0x0000000000000000
RSP=0x000070000e2a15b0, RBP=0x000070000e2a1610, RSI=0x00005fb0cb8fe770, RDI=0x0000000000000005
R8 =0x000000000000000c, R9 =0x0000000000000000, R10=0x00007fb10b0dd540, R11=0x0000000000000000
R12=0x000000000000000c, R13=0x00005fb0cb8fe770, R14=0x000070000e2a3001, R15=0x000000000cf2de00
RIP=0x000000010ccc633c, EFLAGS=0x0000000000010206, ERR=0x0000000000000004
  TRAPNO=0x000000000000000e

Top of Stack: (sp=0x000070000e2a15b0)
0x000070000e2a15b0:   00007fb11a8ed500 000000000000000c
0x000070000e2a15c0:   0000000000000000 0000000000000000
0x000070000e2a15d0:   0000000000000000 000000007fffffff
0x000070000e2a15e0:   000000050e2a1600 00007fb10a9a8098
0x000070000e2a15f0:   000000000000000c 0000000000000004
0x000070000e2a1600:   000070000e2a30b8 000000000cf2de00
0x000070000e2a1610:   000070000e2a1670 000000010c52e573
0x000070000e2a1620:   0000000000000000 000000007fffffff
0x000070000e2a1630:   00007fb12008b730 00007fb1200861d8
0x000070000e2a1640:   00005fb0cb8fe770 00000000000001a0
0x000070000e2a1650:   000070000e2a30b8 0000000000000000
0x000070000e2a1660:   00007fb10a9a8098 00007fb10b0dd540
0x000070000e2a1670:   000070000e2a16c0 000000010c52ee09
0x000070000e2a1680:   00007fb0eb026490 000000010cf67180
0x000070000e2a1690:   000070000e2a16c0 00007fb10a9a8098
0x000070000e2a16a0:   00007fb11a8f0a98 00007fb12a9a5600
0x000070000e2a16b0:   ffffffffffffffff 00007fb10b0dd540
0x000070000e2a16c0:   000070000e2a1730 000000010ca35eff
0x000070000e2a16d0:   000070000e2a1730 000000010c5d7625
0x000070000e2a16e0:   0000000000000000 00007fb100000000
0x000070000e2a16f0:   000070000e2a24c0 0000000000000000
0x000070000e2a1700:   000070000e2a1740 0000000000000000
0x000070000e2a1710:   000070000e2a24c0 00007fb11a8f0a98
0x000070000e2a1720:   000070000e2a24c0 000000010cf65460
0x000070000e2a1730:   000070000e2a17a0 000000010ca3b7eb
0x000070000e2a1740:   000070000e2a1750 000000010ccc16c6
0x000070000e2a1750:   000070000e2a17b0 000000010c5d7625
0x000070000e2a1760:   0000000000000000 000000010ca8d8fd
0x000070000e2a1770:   0000000000000d36 00007fb11a8f0a98
0x000070000e2a1780:   00007fb11a8f0a98 0000000000000001
0x000070000e2a1790:   000070000e2a24c0 000000010cf65460
0x000070000e2a17a0:   000070000e2a17d0 000000010caf0400 

Instructions: (pc=0x000000010ccc633c)
0x000000010ccc623c:   85 ff 75 b9 31 ff 5b 41 5e 5d e9 35 b3 ff ff 0f
0x000000010ccc624c:   1f 44 00 00 55 48 89 e5 41 56 53 89 fb 48 8d 3d
0x000000010ccc625c:   a0 b9 29 00 ff 17 48 8b 00 48 8b 80 48 05 00 00
0x000000010ccc626c:   48 8b 80 80 00 00 00 4c 8b b0 40 03 00 00 83 c3
0x000000010ccc627c:   05 48 c1 e3 03 48 89 d9 48 f7 d1 49 8b 46 18 48
0x000000010ccc628c:   39 c8 76 16 48 8d 15 c5 4f 0e 00 4c 89 f7 48 89
0x000000010ccc629c:   de e8 5e a1 69 ff 49 8b 46 18 48 8d 0c 18 49 3b
0x000000010ccc62ac:   4e 20 76 0f 31 d2 4c 89 f7 48 89 de e8 73 a1 69
0x000000010ccc62bc:   ff eb 04 49 89 4e 18 48 8b 0d 36 7c 2d 00 48 89
0x000000010ccc62cc:   08 48 8b 0d 1c 7c 2d 00 48 89 48 08 48 8b 0d 41
0x000000010ccc62dc:   7c 2d 00 48 89 48 10 48 8b 0d e6 7d 2d 00 48 89
0x000000010ccc62ec:   48 18 48 8b 0d 33 7c 2d 00 48 89 48 20 5b 41 5e
0x000000010ccc62fc:   5d c3 66 90 55 48 89 e5 41 57 41 56 41 55 41 54
0x000000010ccc630c:   53 48 83 ec 38 4c 89 4d b0 4c 89 45 a8 48 89 4d
0x000000010ccc631c:   b8 49 89 f5 8b 45 18 48 89 45 c8 48 8b 45 10 48
0x000000010ccc632c:   89 45 c0 41 b6 01 89 7d d4 83 ff 02 74 40 89 d3
0x000000010ccc633c:   49 83 7d 10 00 75 0e 49 8b 45 00 4c 89 ef ff 50
0x000000010ccc634c:   20 84 c0 74 26 84 db 75 0c 41 f6 45 50 10 75 05
0x000000010ccc635c:   45 31 f6 eb 19 49 8b 45 00 4c 89 ef ff 90 b8 00
0x000000010ccc636c:   00 00 41 89 c6 41 80 f6 01 eb 03 41 89 de 48 8d
0x000000010ccc637c:   3d 7f b8 29 00 ff 17 48 8b 00 48 8b 80 48 05 00
0x000000010ccc638c:   00 48 8b 80 80 00 00 00 48 c7 80 68 03 00 00 50
0x000000010ccc639c:   00 00 00 4c 8b a0 40 03 00 00 4d 8b 7c 24 18 49
0x000000010ccc63ac:   83 ff b0 72 19 48 8d 15 7d 18 0e 00 be 50 00 00
0x000000010ccc63bc:   00 4c 89 e7 e8 3b a0 69 ff 4d 8b 7c 24 18 49 8d
0x000000010ccc63cc:   47 50 49 3b 44 24 20 76 56 be 50 00 00 00 31 d2
0x000000010ccc63dc:   4c 89 e7 e8 4c a0 69 ff 49 89 c7 4d 85 ff 74 49
0x000000010ccc63ec:   45 0f b6 c6 be 14 00 00 00 4c 89 ff 8b 55 d4 4c
0x000000010ccc63fc:   89 e9 4c 8b 4d b8 ff 75 c8 ff 75 c0 ff 75 b0 ff
0x000000010ccc640c:   75 a8 e8 bd 54 00 00 48 83 c4 20 48 8d 05 2a 7a
0x000000010ccc641c:   26 00 49 89 07 49 8b 45 20 49 89 47 48 eb 0d 49
0x000000010ccc642c:   89 44 24 18 4d 85 ff 75 b7 45 31 ff 4c 89 ff 48 


Stack slot to memory mapping:
stack at sp + 0 slots: 0x00007fb11a8ed500 points into unknown readable memory: 0x000000010cef0788 | 88 07 ef 0c 01 00 00 00
stack at sp + 1 slots: 0x000000000000000c is an unknown value
stack at sp + 2 slots: 0x0 is NULL
stack at sp + 3 slots: 0x0 is NULL
stack at sp + 4 slots: 0x0 is NULL
stack at sp + 5 slots: 0x000000007fffffff is an unknown value
stack at sp + 6 slots: 0x000000050e2a1600 is an unknown value
stack at sp + 7 slots: 0x00007fb10a9a8098 points into unknown readable memory: 0x000000010cf2de48 | 48 de f2 0c 01 00 00 00


---------------  P R O C E S S  ---------------

Threads class SMR info:
_java_thread_list=0x00007fb10a4409a0, length=14, elements={
0x00007fb0fa808200, 0x00007fb0eb008200, 0x00007fb0cb808600, 0x00007fb11a811a00,
0x00007fb10b011600, 0x00007fb10b011c00, 0x00007fb10b012200, 0x00007fb0cb008200,
0x00007fb0cc010200, 0x00007fb10a809000, 0x00007fb11a812800, 0x00007fb0cb809a00,
0x00007fb10a80ca00, 0x00007fb10b02fc00
}

Java Threads: ( => current thread )
  0x00007fb0fa808200 JavaThread "main" [_thread_in_Java, id=10499, stack(0x000070000d171000,0x000070000d271000)]
  0x00007fb0eb008200 JavaThread "Reference Handler" daemon [_thread_blocked, id=17923, stack(0x000070000d47a000,0x000070000d57a000)]
  0x00007fb0cb808600 JavaThread "Finalizer" daemon [_thread_blocked, id=13827, stack(0x000070000d57d000,0x000070000d67d000)]
  0x00007fb11a811a00 JavaThread "Signal Dispatcher" daemon [_thread_blocked, id=14851, stack(0x000070000d786000,0x000070000d886000)]
  0x00007fb10b011600 JavaThread "Service Thread" daemon [_thread_blocked, id=15107, stack(0x000070000d889000,0x000070000d989000)]
  0x00007fb10b011c00 JavaThread "Monitor Deflation Thread" daemon [_thread_blocked, id=21763, stack(0x000070000d98c000,0x000070000da8c000)]
  0x00007fb10b012200 JavaThread "C2 CompilerThread0" daemon [_thread_in_native, id=43011, stack(0x000070000da8f000,0x000070000db8f000)]
  0x00007fb0cb008200 JavaThread "C1 CompilerThread0" daemon [_thread_blocked, id=42755, stack(0x000070000db92000,0x000070000dc92000)]
  0x00007fb0cc010200 JavaThread "Sweeper thread" daemon [_thread_blocked, id=22531, stack(0x000070000dc95000,0x000070000dd95000)]
  0x00007fb10a809000 JavaThread "Common-Cleaner" daemon [_thread_blocked, id=42243, stack(0x000070000dd98000,0x000070000de98000)]
  0x00007fb11a812800 JavaThread "C2 CompilerThread1" daemon [_thread_in_native, id=23043, stack(0x000070000de9b000,0x000070000df9b000)]
  0x00007fb0cb809a00 JavaThread "Notification Thread" daemon [_thread_blocked, id=23555, stack(0x000070000df9e000,0x000070000e09e000)]
=>0x00007fb10a80ca00 JavaThread "C2 CompilerThread2" daemon [_thread_in_native, id=24067, stack(0x000070000e1a4000,0x000070000e2a4000)]
  0x00007fb10b02fc00 JavaThread "process reaper" daemon [_thread_blocked, id=41219, stack(0x000070000e2a7000,0x000070000e2cb000)]

Other Threads:
  0x00007fb12a410e40 VMThread "VM Thread" [stack: 0x000070000d377000,0x000070000d477000] [id=13059]
  0x00007fb11a4337b0 WatcherThread [stack: 0x000070000e0a1000,0x000070000e1a1000] [id=41987]
  0x00007fb12a50f830 GCTaskThread "GC Thread#0" [stack: 0x000070000d274000,0x000070000d374000] [id=11523]

Threads with active compile tasks:
C2 CompilerThread0      366  656 %     4       sun.security.provider.SHA2::implCompress0 @ 220 (490 bytes)
C2 CompilerThread1      366  614       4       lombok.patcher.PatchScript::classMatches (41 bytes)
C2 CompilerThread2      366  613       4       lombok.patcher.scripts.MethodLevelPatchScript::patch (21 bytes)

VM state: not at safepoint (normal execution)

VM Mutex/Monitor currently owned by a thread: None

Heap address: 0x00000007c0000000, size: 1024 MB, Compressed Oops mode: Zero based, Oop shift amount: 3

CDS archive(s) not mapped
Compressed class space mapped at: 0x0000000800000000-0x0000000840000000, reserved size: 1073741824
Narrow klass base: 0x0000000800000000, Narrow klass shift: 0, Narrow klass range: 0x40000000

GC Precious Log:
 CPUs: 12 total, 12 available
 Memory: 32768M
 Large Page Support: Disabled
 NUMA Support: Disabled
 Compressed Oops: Enabled (Zero based)
 Alignments: Space 512K, Generation 512K, Heap 2M
 Heap Min Capacity: 100M
 Heap Initial Capacity: 100M
 Heap Max Capacity: 1G
 Pre-touch: Disabled
 Parallel Workers: 10

Heap:
 PSYoungGen      total 29696K, used 16118K [0x00000007eab00000, 0x00000007ecc00000, 0x0000000800000000)
  eden space 25600K, 62% used [0x00000007eab00000,0x00000007ebabdad8,0x00000007ec400000)
  from space 4096K, 0% used [0x00000007ec800000,0x00000007ec800000,0x00000007ecc00000)
  to   space 4096K, 0% used [0x00000007ec400000,0x00000007ec400000,0x00000007ec800000)
 ParOldGen       total 68608K, used 0K [0x00000007c0000000, 0x00000007c4300000, 0x00000007eab00000)
  object space 68608K, 0% used [0x00000007c0000000,0x00000007c0000000,0x00000007c4300000)
 Metaspace       used 9548K, committed 9664K, reserved 1114112K
  class space    used 964K, committed 1024K, reserved 1048576K

Card table byte_map: [0x0000000110058000,0x0000000110259000] _byte_map_base: 0x000000010c258000

Marking Bits: (ParMarkBitMap*) 0x000000010cf85900
 Begin Bits: [0x00000001103af000, 0x00000001113af000)
 End Bits:   [0x00000001113af000, 0x00000001123af000)

Polling page: 0x000000010a822000

Metaspace:

Usage:
  Non-class:      8.38 MB used.
      Class:    964.75 KB used.
       Both:      9.32 MB used.

Virtual space:
  Non-class space:       64.00 MB reserved,       8.44 MB ( 13%) committed,  1 nodes.
      Class space:        1.00 GB reserved,       1.00 MB ( <1%) committed,  1 nodes.
             Both:        1.06 GB reserved,       9.44 MB ( <1%) committed. 

Chunk freelists:
   Non-Class:  6.91 MB
       Class:  15.01 MB
        Both:  21.92 MB

MaxMetaspaceSize: unlimited
CompressedClassSpaceSize: 1.00 GB
Initial GC threshold: 21.00 MB
Current GC threshold: 21.00 MB
CDS: off
MetaspaceReclaimPolicy: balanced
 - commit_granule_bytes: 65536.
 - commit_granule_words: 8192.
 - virtual_space_node_default_size: 8388608.
 - enlarge_chunks_in_place: 1.
 - new_chunks_are_fully_committed: 0.
 - uncommit_free_chunks: 1.
 - use_allocation_guard: 0.
 - handle_deallocations: 1.


Internal statistics:

num_allocs_failed_limit: 0.
num_arena_births: 26.
num_arena_deaths: 0.
num_vsnodes_births: 2.
num_vsnodes_deaths: 0.
num_space_committed: 151.
num_space_uncommitted: 0.
num_chunks_returned_to_freelist: 0.
num_chunks_taken_from_freelist: 63.
num_chunk_merges: 0.
num_chunk_splits: 38.
num_chunks_enlarged: 33.
num_inconsistent_stats: 0.

CodeHeap 'non-profiled nmethods': size=120028Kb used=228Kb max_used=228Kb free=119800Kb
 bounds [0x000000011df52000, 0x000000011e1c2000, 0x0000000125489000]
CodeHeap 'profiled nmethods': size=120028Kb used=915Kb max_used=915Kb free=119112Kb
 bounds [0x0000000116489000, 0x00000001166f9000, 0x000000011d9c0000]
CodeHeap 'non-nmethods': size=5704Kb used=1135Kb max_used=1166Kb free=4568Kb
 bounds [0x000000011d9c0000, 0x000000011dc30000, 0x000000011df52000]
 total_blobs=1080 nmethods=652 adapters=344
 compilation: enabled
              stopped_count=0, restarted_count=0
 full_count=0

Compilation events (20 events):
Event: 0.348 Thread 0x00007fb0cb008200 nmethod 617 0x0000000116563190 code [0x0000000116563340, 0x0000000116563480]
Event: 0.348 Thread 0x00007fb0cb008200  618       3       java.lang.AbstractStringBuilder::<init> (63 bytes)
Event: 0.348 Thread 0x00007fb10a80ca00 nmethod 601 0x000000011df85c10 code [0x000000011df85dc0, 0x000000011df86298]
Event: 0.348 Thread 0x00007fb10a80ca00  615       4       java.util.zip.ZipCoder$UTF8ZipCoder::checkedHash (91 bytes)
Event: 0.348 Thread 0x00007fb0cb008200 nmethod 618 0x0000000116563510 code [0x0000000116563700, 0x0000000116563c90]
Event: 0.348 Thread 0x00007fb0cb008200  619       3       java.lang.StringBuilder::append (6 bytes)
Event: 0.348 Thread 0x00007fb0cb008200 nmethod 619 0x0000000116563f10 code [0x00000001165640c0, 0x0000000116564260]
Event: 0.348 Thread 0x00007fb0cb008200  620       1       jdk.internal.loader.BuiltinClassLoader$LoadedModule::loader (5 bytes)
Event: 0.348 Thread 0x00007fb0cb008200 nmethod 620 0x000000011df86510 code [0x000000011df866a0, 0x000000011df86770]
Event: 0.349 Thread 0x00007fb0cb008200  621       1       java.lang.invoke.MethodTypeForm::erasedType (5 bytes)
Event: 0.349 Thread 0x00007fb0cb008200 nmethod 621 0x000000011df86810 code [0x000000011df869a0, 0x000000011df86a70]
Event: 0.349 Thread 0x00007fb0cb008200  622       1       sun.invoke.util.Wrapper::basicTypeChar (5 bytes)
Event: 0.349 Thread 0x00007fb0cb008200 nmethod 622 0x000000011df86b10 code [0x000000011df86ca0, 0x000000011df86d70]
Event: 0.349 Thread 0x00007fb0cb008200  623       3       jdk.internal.ref.CleanerImpl::getCleanerImpl (13 bytes)
Event: 0.349 Thread 0x00007fb0cb008200 nmethod 623 0x0000000116564310 code [0x00000001165644c0, 0x0000000116564780]
Event: 0.349 Thread 0x00007fb0cb008200  624       3       java.lang.ref.Cleaner$1::apply (9 bytes)
Event: 0.349 Thread 0x00007fb0cb008200 nmethod 624 0x0000000116564890 code [0x0000000116564a40, 0x0000000116564cb0]
Event: 0.350 Thread 0x00007fb10a80ca00 nmethod 615 0x000000011df86e10 code [0x000000011df86fa0, 0x000000011df871f8]
Event: 0.350 Thread 0x00007fb10a80ca00  613       4       lombok.patcher.scripts.MethodLevelPatchScript::patch (21 bytes)
Event: 0.350 Thread 0x00007fb10b012200 nmethod 587% 0x000000011df87390 code [0x000000011df87540, 0x000000011df87ef8]

GC Heap History (0 events):
No events

Dll operation events (7 events):
Event: 0.010 Loaded shared library /Users/carpediem/.vscode/extensions/redhat.java-1.23.0-darwin-x64/jre/17.0.8.1-macosx-x86_64/lib/libjava.dylib
Event: 0.137 Loaded shared library /Users/carpediem/.vscode/extensions/redhat.java-1.23.0-darwin-x64/jre/17.0.8.1-macosx-x86_64/lib/libzip.dylib
Event: 0.138 Loaded shared library /Users/carpediem/.vscode/extensions/redhat.java-1.23.0-darwin-x64/jre/17.0.8.1-macosx-x86_64/lib/libinstrument.dylib
Event: 0.145 Loaded shared library /Users/carpediem/.vscode/extensions/redhat.java-1.23.0-darwin-x64/jre/17.0.8.1-macosx-x86_64/lib/libnio.dylib
Event: 0.154 Loaded shared library /Users/carpediem/.vscode/extensions/redhat.java-1.23.0-darwin-x64/jre/17.0.8.1-macosx-x86_64/lib/libzip.dylib
Event: 0.167 Loaded shared library /Users/carpediem/.vscode/extensions/redhat.java-1.23.0-darwin-x64/jre/17.0.8.1-macosx-x86_64/lib/libjimage.dylib
Event: 0.200 Loaded shared library /Users/carpediem/.vscode/extensions/redhat.java-1.23.0-darwin-x64/jre/17.0.8.1-macosx-x86_64/lib/libverify.dylib

Deoptimization events (20 events):
Event: 0.271 Thread 0x00007fb0fa808200 DEOPT PACKING pc=0x000000011df75648 sp=0x000070000d26dba0
Event: 0.271 Thread 0x00007fb0fa808200 DEOPT UNPACKING pc=0x000000011da16399 sp=0x000070000d26db48 mode 2
Event: 0.280 Thread 0x00007fb0fa808200 Uncommon trap: trap_request=0xffffff45 fr.pc=0x000000011df66268 relative=0x00000000000000c8
Event: 0.280 Thread 0x00007fb0fa808200 Uncommon trap: reason=unstable_if action=reinterpret pc=0x000000011df66268 method=java.net.URI.match(CJJ)Z @ 45 c2
Event: 0.280 Thread 0x00007fb0fa808200 DEOPT PACKING pc=0x000000011df66268 sp=0x000070000d26e740
Event: 0.280 Thread 0x00007fb0fa808200 DEOPT UNPACKING pc=0x000000011da16399 sp=0x000070000d26e6e8 mode 2
Event: 0.291 Thread 0x00007fb0fa808200 Uncommon trap: trap_request=0xffffff45 fr.pc=0x000000011df79840 relative=0x0000000000000680
Event: 0.291 Thread 0x00007fb0fa808200 Uncommon trap: reason=unstable_if action=reinterpret pc=0x000000011df79840 method=java.lang.String.replace(Ljava/lang/CharSequence;Ljava/lang/CharSequence;)Ljava/lang/String; @ 48 c2
Event: 0.291 Thread 0x00007fb0fa808200 DEOPT PACKING pc=0x000000011df79840 sp=0x000070000d26eb30
Event: 0.291 Thread 0x00007fb0fa808200 DEOPT UNPACKING pc=0x000000011da16399 sp=0x000070000d26ead0 mode 2
Event: 0.313 Thread 0x00007fb0fa808200 Uncommon trap: trap_request=0xffffff45 fr.pc=0x000000011df66f40 relative=0x0000000000000320
Event: 0.313 Thread 0x00007fb0fa808200 Uncommon trap: reason=unstable_if action=reinterpret pc=0x000000011df66f40 method=java.lang.StringUTF16.compress([CI[BII)I @ 20 c2
Event: 0.313 Thread 0x00007fb0fa808200 DEOPT PACKING pc=0x000000011df66f40 sp=0x000070000d26ded0
Event: 0.313 Thread 0x00007fb0fa808200 DEOPT UNPACKING pc=0x000000011da16399 sp=0x000070000d26de70 mode 2
Event: 0.343 Thread 0x00007fb0fa808200 Uncommon trap: trap_request=0xffffff45 fr.pc=0x000000011df77528 relative=0x0000000000000588
Event: 0.343 Thread 0x00007fb0fa808200 Uncommon trap: reason=unstable_if action=reinterpret pc=0x000000011df77528 method=java.lang.AbstractStringBuilder.append(Ljava/lang/String;)Ljava/lang/AbstractStringBuilder; @ 1 c2
Event: 0.343 Thread 0x00007fb0fa808200 DEOPT PACKING pc=0x000000011df77528 sp=0x000070000d26f950
Event: 0.343 Thread 0x00007fb0fa808200 DEOPT UNPACKING pc=0x000000011da16399 sp=0x000070000d26f8e0 mode 2
Event: 0.346 Thread 0x00007fb0fa808200 DEOPT PACKING pc=0x00000001164bda0c sp=0x000070000d26fcf0
Event: 0.346 Thread 0x00007fb0fa808200 DEOPT UNPACKING pc=0x000000011da16b2f sp=0x000070000d26f1a0 mode 0

Classes unloaded (0 events):
No events

Classes redefined (0 events):
No events

Internal exceptions (9 events):
Event: 0.118 Thread 0x00007fb0fa808200 Exception <a 'java/lang/NoSuchMethodError'{0x00000007eacaff80}: 'void java.lang.invoke.DirectMethodHandle$Holder.invokeStatic(java.lang.Object, java.lang.Object, java.lang.Object)'> (0x00000007eacaff80) 
thrown [src/hotspot/share/interpreter/linkResolver.cpp, line 759]
Event: 0.208 Thread 0x00007fb0fa808200 Exception <a 'java/lang/reflect/InvocationTargetException'{0x00000007eaf9fbe8}> (0x00000007eaf9fbe8) 
thrown [src/hotspot/share/runtime/reflection.cpp, line 1121]
Event: 0.340 Thread 0x00007fb0fa808200 Exception <a 'java/io/FileNotFoundException'{0x00000007eb844978}> (0x00000007eb844978) 
thrown [src/hotspot/share/prims/jni.cpp, line 516]
Event: 0.340 Thread 0x00007fb0fa808200 Exception <a 'java/io/FileNotFoundException'{0x00000007eb845330}> (0x00000007eb845330) 
thrown [src/hotspot/share/prims/jni.cpp, line 516]
Event: 0.340 Thread 0x00007fb0fa808200 Exception <a 'java/io/FileNotFoundException'{0x00000007eb845cc8}> (0x00000007eb845cc8) 
thrown [src/hotspot/share/prims/jni.cpp, line 516]
Event: 0.340 Thread 0x00007fb0fa808200 Exception <a 'java/io/FileNotFoundException'{0x00000007eb846768}> (0x00000007eb846768) 
thrown [src/hotspot/share/prims/jni.cpp, line 516]
Event: 0.343 Thread 0x00007fb0fa808200 Implicit null exception at 0x000000011df76fd4 to 0x000000011df77510
Event: 0.344 Thread 0x00007fb0fa808200 Exception <a 'java/io/FileNotFoundException'{0x00000007eb8823c8}> (0x00000007eb8823c8) 
thrown [src/hotspot/share/prims/jni.cpp, line 516]
Event: 0.353 Thread 0x00007fb0fa808200 Exception <a 'java/lang/NoSuchMethodError'{0x00000007eb8d2988}: 'java.lang.Object java.lang.invoke.DirectMethodHandle$Holder.invokeStaticInit(java.lang.Object)'> (0x00000007eb8d2988) 
thrown [src/hotspot/share/interpreter/linkResolver.cpp, line 759]

VM Operations (8 events):
Event: 0.122 Executing VM operation: HandshakeAllThreads
Event: 0.122 Executing VM operation: HandshakeAllThreads done
Event: 0.180 Executing VM operation: HandshakeAllThreads
Event: 0.180 Executing VM operation: HandshakeAllThreads done
Event: 0.328 Executing VM operation: HandshakeAllThreads
Event: 0.328 Executing VM operation: HandshakeAllThreads done
Event: 0.337 Executing VM operation: HandshakeAllThreads
Event: 0.337 Executing VM operation: HandshakeAllThreads done

Events (20 events):
Event: 0.349 loading class java/lang/ProcessImpl$Platform
Event: 0.349 loading class java/lang/ProcessImpl$Platform done
Event: 0.349 loading class java/lang/ProcessImpl$LaunchMechanism
Event: 0.349 loading class java/lang/ProcessImpl$LaunchMechanism done
Event: 0.349 loading class java/lang/ProcessEnvironment
Event: 0.349 loading class java/lang/ProcessEnvironment done
Event: 0.349 loading class java/lang/ProcessEnvironment$Variable
Event: 0.350 loading class java/lang/ProcessEnvironment$ExternalData
Event: 0.350 loading class java/lang/ProcessEnvironment$ExternalData done
Event: 0.350 loading class java/lang/ProcessEnvironment$Variable done
Event: 0.350 loading class java/lang/ProcessEnvironment$Value
Event: 0.350 loading class java/lang/ProcessEnvironment$Value done
Event: 0.350 loading class java/lang/ProcessEnvironment$StringEnvironment
Event: 0.350 loading class java/lang/ProcessEnvironment$StringEnvironment done
Event: 0.352 loading class java/lang/ProcessHandleImpl
Event: 0.352 loading class java/lang/ProcessHandle
Event: 0.352 loading class java/lang/ProcessHandle done
Event: 0.352 loading class java/lang/ProcessHandleImpl done
Event: 0.352 loading class java/util/concurrent/Executor
Event: 0.352 loading class java/util/concurrent/Executor done


Dynamic libraries:
0x00007fff722e5000 	/usr/lib/libz.1.dylib
0x000000010a7da000 	/Users/carpediem/.vscode/extensions/redhat.java-1.23.0-darwin-x64/jre/17.0.8.1-macosx-x86_64/lib/libjli.dylib
0x00007fff37fca000 	/System/Library/Frameworks/Cocoa.framework/Versions/A/Cocoa
0x00007fff457c1000 	/System/Library/Frameworks/Security.framework/Versions/A/Security
0x00007fff36f2f000 	/System/Library/Frameworks/ApplicationServices.framework/Versions/A/ApplicationServices
0x00007fff6fda9000 	/usr/lib/libSystem.B.dylib
0x00007fff72ba6000 	/usr/lib/system/libcache.dylib
0x00007fff72bac000 	/usr/lib/system/libcommonCrypto.dylib
0x00007fff72bb8000 	/usr/lib/system/libcompiler_rt.dylib
0x00007fff72bc0000 	/usr/lib/system/libcopyfile.dylib
0x00007fff72bca000 	/usr/lib/system/libcorecrypto.dylib
0x00007fff72d69000 	/usr/lib/system/libdispatch.dylib
0x00007fff72daa000 	/usr/lib/system/libdyld.dylib
0x00007fff72de1000 	/usr/lib/system/libkeymgr.dylib
0x00007fff72def000 	/usr/lib/system/liblaunch.dylib
0x00007fff72df0000 	/usr/lib/system/libmacho.dylib
0x00007fff72df6000 	/usr/lib/system/libquarantine.dylib
0x00007fff72df9000 	/usr/lib/system/libremovefile.dylib
0x00007fff72dfb000 	/usr/lib/system/libsystem_asl.dylib
0x00007fff72e13000 	/usr/lib/system/libsystem_blocks.dylib
0x00007fff72e14000 	/usr/lib/system/libsystem_c.dylib
0x00007fff72e9c000 	/usr/lib/system/libsystem_configuration.dylib
0x00007fff72ea0000 	/usr/lib/system/libsystem_coreservices.dylib
0x00007fff72ea4000 	/usr/lib/system/libsystem_darwin.dylib
0x00007fff72ead000 	/usr/lib/system/libsystem_dnssd.dylib
0x00007fff72eb5000 	/usr/lib/system/libsystem_featureflags.dylib
0x00007fff72eb7000 	/usr/lib/system/libsystem_info.dylib
0x00007fff72f32000 	/usr/lib/system/libsystem_m.dylib
0x00007fff72f7a000 	/usr/lib/system/libsystem_malloc.dylib
0x00007fff72fa2000 	/usr/lib/system/libsystem_networkextension.dylib
0x00007fff72fb0000 	/usr/lib/system/libsystem_notify.dylib
0x00007fff72fce000 	/usr/lib/system/libsystem_sandbox.dylib
0x00007fff72fd3000 	/usr/lib/system/libsystem_secinit.dylib
0x00007fff72f05000 	/usr/lib/system/libsystem_kernel.dylib
0x00007fff72fba000 	/usr/lib/system/libsystem_platform.dylib
0x00007fff72fc3000 	/usr/lib/system/libsystem_pthread.dylib
0x00007fff72fd6000 	/usr/lib/system/libsystem_symptoms.dylib
0x00007fff72fde000 	/usr/lib/system/libsystem_trace.dylib
0x00007fff72ff6000 	/usr/lib/system/libunwind.dylib
0x00007fff72ffc000 	/usr/lib/system/libxpc.dylib
0x00007fff71c09000 	/usr/lib/libobjc.A.dylib
0x00007fff700e2000 	/usr/lib/libc++abi.dylib
0x00007fff7008f000 	/usr/lib/libc++.1.dylib
0x00007fff38e6c000 	/System/Library/Frameworks/CoreFoundation.framework/Versions/A/CoreFoundation
0x00007fff3b529000 	/System/Library/Frameworks/Foundation.framework/Versions/C/Foundation
0x00007fff3611f000 	/System/Library/Frameworks/AppKit.framework/Versions/C/AppKit
0x00007fff3894e000 	/System/Library/Frameworks/CoreData.framework/Versions/A/CoreData
0x00007fff69dbe000 	/System/Library/PrivateFrameworks/UIFoundation.framework/Versions/A/UIFoundation
0x00007fff64e52000 	/System/Library/PrivateFrameworks/RemoteViewServices.framework/Versions/A/RemoteViewServices
0x00007fff6c919000 	/System/Library/PrivateFrameworks/XCTTargetBootstrap.framework/Versions/A/XCTTargetBootstrap
0x00007fff38d39000 	/System/Library/Frameworks/CoreDisplay.framework/Versions/A/CoreDisplay
0x00007fff3e3e4000 	/System/Library/Frameworks/Metal.framework/Versions/A/Metal
0x00007fff52e55000 	/System/Library/PrivateFrameworks/DesktopServicesPriv.framework/Versions/A/DesktopServicesPriv
0x00007fff70ee4000 	/usr/lib/liblangid.dylib
0x00007fff520ea000 	/System/Library/PrivateFrameworks/CoreSVG.framework/Versions/A/CoreSVG
0x00007fff67fae000 	/System/Library/PrivateFrameworks/SkyLight.framework/Versions/A/SkyLight
0x00007fff392ed000 	/System/Library/Frameworks/CoreGraphics.framework/Versions/A/CoreGraphics
0x00007fff34af3000 	/System/Library/Frameworks/Accelerate.framework/Versions/A/Accelerate
0x00007fff721d6000 	/usr/lib/libxml2.2.dylib
0x00007fff5dddd000 	/System/Library/PrivateFrameworks/IconServices.framework/Versions/A/IconServices
0x00007fff3bd08000 	/System/Library/Frameworks/IOSurface.framework/Versions/A/IOSurface
0x00007fff6f8d3000 	/usr/lib/libDiagnosticMessagesClient.dylib
0x00007fff52caf000 	/System/Library/PrivateFrameworks/DFRFoundation.framework/Versions/A/DFRFoundation
0x00007fff70c73000 	/usr/lib/libicucore.A.dylib
0x00007fff37261000 	/System/Library/Frameworks/AudioToolbox.framework/Versions/A/AudioToolbox
0x00007fff37344000 	/System/Library/Frameworks/AudioUnit.framework/Versions/A/AudioUnit
0x00007fff6ffab000 	/usr/lib/libauto.dylib
0x00007fff52d51000 	/System/Library/PrivateFrameworks/DataDetectorsCore.framework/Versions/A/DataDetectorsCore
0x00007fff37aeb000 	/System/Library/Frameworks/Carbon.framework/Versions/A/Frameworks/HIToolbox.framework/Versions/A/HIToolbox
0x00007fff449bd000 	/System/Library/Frameworks/QuartzCore.framework/Versions/A/QuartzCore
0x00007fff37e2a000 	/System/Library/Frameworks/Carbon.framework/Versions/A/Frameworks/SpeechRecognition.framework/Versions/A/SpeechRecognition
0x00007fff527c3000 	/System/Library/PrivateFrameworks/CoreUI.framework/Versions/A/CoreUI
0x00007fff383b9000 	/System/Library/Frameworks/CoreAudio.framework/Versions/A/CoreAudio
0x00007fff3b1e8000 	/System/Library/Frameworks/DiskArbitration.framework/Versions/A/DiskArbitration
0x00007fff5fe2d000 	/System/Library/PrivateFrameworks/MultitouchSupport.framework/Versions/A/MultitouchSupport
0x00007fff70b3a000 	/usr/lib/libenergytrace.dylib
0x00007fff3bc62000 	/System/Library/Frameworks/IOKit.framework/Versions/A/IOKit
0x00007fff3a254000 	/System/Library/Frameworks/CoreServices.framework/Versions/A/CoreServices
0x00007fff61fe5000 	/System/Library/PrivateFrameworks/PerformanceAnalysis.framework/Versions/A/PerformanceAnalysis
0x00007fff439f0000 	/System/Library/Frameworks/OpenGL.framework/Versions/A/OpenGL
0x00007fff37fd8000 	/System/Library/Frameworks/ColorSync.framework/Versions/A/ColorSync
0x00007fff39970000 	/System/Library/Frameworks/CoreImage.framework/Versions/A/CoreImage
0x00007fff3acc7000 	/System/Library/Frameworks/CoreText.framework/Versions/A/CoreText
0x00007fff3bd98000 	/System/Library/Frameworks/ImageIO.framework/Versions/A/ImageIO
0x00007fff7010b000 	/usr/lib/libcompression.dylib
0x00007fff6fc17000 	/usr/lib/libMobileGestalt.dylib
0x00007fff69b28000 	/System/Library/PrivateFrameworks/TextureIO.framework/Versions/A/TextureIO
0x00007fff6ff0e000 	/usr/lib/libate.dylib
0x00007fff5dfe6000 	/System/Library/PrivateFrameworks/InternationalSupport.framework/Versions/A/InternationalSupport
0x00007fff70ee6000 	/usr/lib/liblzma.5.dylib
0x00007fff70b61000 	/usr/lib/libfakelink.dylib
0x00007fff6fe9b000 	/usr/lib/libarchive.2.dylib
0x00007fff46872000 	/System/Library/Frameworks/SystemConfiguration.framework/Versions/A/SystemConfiguration
0x00007fff6f806000 	/usr/lib/libCRFSuite.dylib
0x00007fff376db000 	/System/Library/Frameworks/CFNetwork.framework/Versions/A/CFNetwork
0x00007fff70071000 	/usr/lib/libbsm.0.dylib
0x00007fff72de2000 	/usr/lib/system/libkxld.dylib
0x00007fff4c62c000 	/System/Library/PrivateFrameworks/AppleFSCompression.framework/Versions/A/AppleFSCompression
0x00007fff703fc000 	/usr/lib/libcoretls.dylib
0x00007fff70413000 	/usr/lib/libcoretls_cfhelpers.dylib
0x00007fff71c4f000 	/usr/lib/libpam.2.dylib
0x00007fff71d84000 	/usr/lib/libsqlite3.dylib
0x00007fff721c3000 	/usr/lib/libxar.1.dylib
0x00007fff70082000 	/usr/lib/libbz2.1.0.dylib
0x00007fff70b82000 	/usr/lib/libiconv.2.dylib
0x00007fff700f8000 	/usr/lib/libcharset.1.dylib
0x00007fff716ec000 	/usr/lib/libnetwork.dylib
0x00007fff71c56000 	/usr/lib/libpcap.A.dylib
0x00007fff6fe50000 	/usr/lib/libapple_nghttp2.dylib
0x00007fff3a60b000 	/System/Library/Frameworks/CoreServices.framework/Versions/A/Frameworks/FSEvents.framework/Versions/A/FSEvents
0x00007fff3a2db000 	/System/Library/Frameworks/CoreServices.framework/Versions/A/Frameworks/CarbonCore.framework/Versions/A/CarbonCore
0x00007fff3a84f000 	/System/Library/Frameworks/CoreServices.framework/Versions/A/Frameworks/Metadata.framework/Versions/A/Metadata
0x00007fff3a8e8000 	/System/Library/Frameworks/CoreServices.framework/Versions/A/Frameworks/OSServices.framework/Versions/A/OSServices
0x00007fff3a916000 	/System/Library/Frameworks/CoreServices.framework/Versions/A/Frameworks/SearchKit.framework/Versions/A/SearchKit
0x00007fff3a255000 	/System/Library/Frameworks/CoreServices.framework/Versions/A/Frameworks/AE.framework/Versions/A/AE
0x00007fff3a614000 	/System/Library/Frameworks/CoreServices.framework/Versions/A/Frameworks/LaunchServices.framework/Versions/A/LaunchServices
0x00007fff3a5bd000 	/System/Library/Frameworks/CoreServices.framework/Versions/A/Frameworks/DictionaryServices.framework/Versions/A/DictionaryServices
0x00007fff3a97e000 	/System/Library/Frameworks/CoreServices.framework/Versions/A/Frameworks/SharedFileList.framework/Versions/A/SharedFileList
0x00007fff3f80f000 	/System/Library/Frameworks/NetFS.framework/Versions/A/NetFS
0x00007fff6035d000 	/System/Library/PrivateFrameworks/NetAuth.framework/Versions/A/NetAuth
0x00007fff6cce6000 	/System/Library/PrivateFrameworks/login.framework/Versions/A/Frameworks/loginsupport.framework/Versions/A/loginsupport
0x00007fff695f3000 	/System/Library/PrivateFrameworks/TCC.framework/Versions/A/TCC
0x00007fff5125d000 	/System/Library/PrivateFrameworks/CoreNLP.framework/Versions/A/CoreNLP
0x00007fff5f85a000 	/System/Library/PrivateFrameworks/MetadataUtilities.framework/Versions/A/MetadataUtilities
0x00007fff70fbe000 	/usr/lib/libmecabra.dylib
0x00007fff70f16000 	/usr/lib/libmecab.dylib
0x00007fff70b72000 	/usr/lib/libgermantok.dylib
0x00007fff6fe37000 	/usr/lib/libThaiTokenizer.dylib
0x00007fff6f83d000 	/usr/lib/libChineseTokenizer.dylib
0x00007fff34b0b000 	/System/Library/Frameworks/Accelerate.framework/Versions/A/Frameworks/vImage.framework/Versions/A/vImage
0x00007fff35f75000 	/System/Library/Frameworks/Accelerate.framework/Versions/A/Frameworks/vecLib.framework/Versions/A/vecLib
0x00007fff35eb2000 	/System/Library/Frameworks/Accelerate.framework/Versions/A/Frameworks/vecLib.framework/Versions/A/libvMisc.dylib
0x00007fff35cda000 	/System/Library/Frameworks/Accelerate.framework/Versions/A/Frameworks/vecLib.framework/Versions/A/libvDSP.dylib
0x00007fff35162000 	/System/Library/Frameworks/Accelerate.framework/Versions/A/Frameworks/vecLib.framework/Versions/A/libBLAS.dylib
0x00007fff3589e000 	/System/Library/Frameworks/Accelerate.framework/Versions/A/Frameworks/vecLib.framework/Versions/A/libLAPACK.dylib
0x00007fff35c3a000 	/System/Library/Frameworks/Accelerate.framework/Versions/A/Frameworks/vecLib.framework/Versions/A/libLinearAlgebra.dylib
0x00007fff35cc7000 	/System/Library/Frameworks/Accelerate.framework/Versions/A/Frameworks/vecLib.framework/Versions/A/libSparseBLAS.dylib
0x00007fff35c50000 	/System/Library/Frameworks/Accelerate.framework/Versions/A/Frameworks/vecLib.framework/Versions/A/libQuadrature.dylib
0x00007fff353ca000 	/System/Library/Frameworks/Accelerate.framework/Versions/A/Frameworks/vecLib.framework/Versions/A/libBNNS.dylib
0x00007fff35c56000 	/System/Library/Frameworks/Accelerate.framework/Versions/A/Frameworks/vecLib.framework/Versions/A/libSparse.dylib
0x00007fff5e3ce000 	/System/Library/PrivateFrameworks/LanguageModeling.framework/Versions/A/LanguageModeling
0x00007fff50c0d000 	/System/Library/PrivateFrameworks/CoreEmoji.framework/Versions/A/CoreEmoji
0x00007fff5e4ec000 	/System/Library/PrivateFrameworks/LinguisticData.framework/Versions/A/LinguisticData
0x00007fff5e49d000 	/System/Library/PrivateFrameworks/Lexicon.framework/Versions/A/Lexicon
0x00007fff700f9000 	/usr/lib/libcmph.dylib
0x00007fff423fe000 	/System/Library/Frameworks/OpenDirectory.framework/Versions/A/Frameworks/CFOpenDirectory.framework/Versions/A/CFOpenDirectory
0x00007fff4241b000 	/System/Library/Frameworks/OpenDirectory.framework/Versions/A/OpenDirectory
0x00007fff4a85c000 	/System/Library/PrivateFrameworks/APFS.framework/Versions/A/APFS
0x00007fff45b0b000 	/System/Library/Frameworks/SecurityFoundation.framework/Versions/A/SecurityFoundation
0x00007fff721bf000 	/usr/lib/libutil.dylib
0x00007fff52142000 	/System/Library/PrivateFrameworks/CoreServicesStore.framework/Versions/A/CoreServicesStore
0x00007fff45bc2000 	/System/Library/Frameworks/ServiceManagement.framework/Versions/A/ServiceManagement
0x00007fff4ddfc000 	/System/Library/PrivateFrameworks/BackgroundTaskManagement.framework/Versions/A/BackgroundTaskManagement
0x00007fff722bc000 	/usr/lib/libxslt.1.dylib
0x00007fff4cc9f000 	/System/Library/PrivateFrameworks/AppleSystemInfo.framework/Versions/A/AppleSystemInfo
0x00007fff3bfb3000 	/System/Library/Frameworks/ImageIO.framework/Versions/A/Resources/libJPEG.dylib
0x00007fff3c272000 	/System/Library/Frameworks/ImageIO.framework/Versions/A/Resources/libTIFF.dylib
0x00007fff3c255000 	/System/Library/Frameworks/ImageIO.framework/Versions/A/Resources/libPng.dylib
0x00007fff3bef5000 	/System/Library/Frameworks/ImageIO.framework/Versions/A/Resources/libGIF.dylib
0x00007fff3bef9000 	/System/Library/Frameworks/ImageIO.framework/Versions/A/Resources/libJP2.dylib
0x00007fff3c270000 	/System/Library/Frameworks/ImageIO.framework/Versions/A/Resources/libRadiance.dylib
0x00007fff70b3b000 	/usr/lib/libexpat.1.dylib
0x00007fff4c787000 	/System/Library/PrivateFrameworks/AppleJPEG.framework/Versions/A/AppleJPEG
0x00007fff55442000 	/System/Library/PrivateFrameworks/FontServices.framework/libFontParser.dylib
0x00007fff6bce8000 	/System/Library/PrivateFrameworks/WatchdogClient.framework/Versions/A/WatchdogClient
0x00007fff5da29000 	/System/Library/PrivateFrameworks/IOAccelerator.framework/Versions/A/IOAccelerator
0x00007fff3e77f000 	/System/Library/Frameworks/MetalPerformanceShaders.framework/Versions/A/MetalPerformanceShaders
0x00007fff5a1bf000 	/System/Library/PrivateFrameworks/GPUWrangler.framework/Versions/A/GPUWrangler
0x00007fff5da3e000 	/System/Library/PrivateFrameworks/IOPresentment.framework/Versions/A/IOPresentment
0x00007fff52cc2000 	/System/Library/PrivateFrameworks/DSExternalDisplay.framework/Versions/A/DSExternalDisplay
0x00007fff42d8f000 	/System/Library/Frameworks/OpenGL.framework/Versions/A/Libraries/libCoreFSCache.dylib
0x00007fff3e4cb000 	/System/Library/Frameworks/MetalPerformanceShaders.framework/Frameworks/MPSCore.framework/Versions/A/MPSCore
0x00007fff3e509000 	/System/Library/Frameworks/MetalPerformanceShaders.framework/Frameworks/MPSImage.framework/Versions/A/MPSImage
0x00007fff3e5d0000 	/System/Library/Frameworks/MetalPerformanceShaders.framework/Frameworks/MPSNeuralNetwork.framework/Versions/A/MPSNeuralNetwork
0x00007fff3e594000 	/System/Library/Frameworks/MetalPerformanceShaders.framework/Frameworks/MPSMatrix.framework/Versions/A/MPSMatrix
0x00007fff3e72f000 	/System/Library/Frameworks/MetalPerformanceShaders.framework/Frameworks/MPSRayIntersector.framework/Versions/A/MPSRayIntersector
0x00007fff3e5ba000 	/System/Library/Frameworks/MetalPerformanceShaders.framework/Frameworks/MPSNDArray.framework/Versions/A/MPSNDArray
0x00007fff5f8a7000 	/System/Library/PrivateFrameworks/MetalTools.framework/Versions/A/MetalTools
0x00007fff4ba36000 	/System/Library/PrivateFrameworks/AggregateDictionary.framework/Versions/A/AggregateDictionary
0x00007fff50655000 	/System/Library/PrivateFrameworks/CoreAnalytics.framework/Versions/A/CoreAnalytics
0x00007fff4cbbe000 	/System/Library/PrivateFrameworks/AppleSauce.framework/Versions/A/AppleSauce
0x00007fff6faf9000 	/usr/lib/libIOReport.dylib
0x00007fff3ae7f000 	/System/Library/Frameworks/CoreVideo.framework/Versions/A/CoreVideo
0x00007fff5b638000 	/System/Library/PrivateFrameworks/GraphVisualizer.framework/Versions/A/GraphVisualizer
0x00007fff54988000 	/System/Library/PrivateFrameworks/FaceCore.framework/Versions/A/FaceCore
0x00007fff423a5000 	/System/Library/Frameworks/OpenCL.framework/Versions/A/OpenCL
0x00007fff6f91b000 	/usr/lib/libFosl_dynamic.dylib
0x00007fff60d7d000 	/System/Library/PrivateFrameworks/OTSVG.framework/Versions/A/OTSVG
0x00007fff37034000 	/System/Library/Frameworks/ApplicationServices.framework/Versions/A/Frameworks/ATS.framework/Versions/A/Resources/libFontRegistry.dylib
0x00007fff55613000 	/System/Library/PrivateFrameworks/FontServices.framework/libhvf.dylib
0x00007fff42d9a000 	/System/Library/Frameworks/OpenGL.framework/Versions/A/Libraries/libGFXShared.dylib
0x00007fff42f78000 	/System/Library/Frameworks/OpenGL.framework/Versions/A/Libraries/libGLU.dylib
0x00007fff42da3000 	/System/Library/Frameworks/OpenGL.framework/Versions/A/Libraries/libGL.dylib
0x00007fff42dae000 	/System/Library/Frameworks/OpenGL.framework/Versions/A/Libraries/libGLImage.dylib
0x00007fff42d8c000 	/System/Library/Frameworks/OpenGL.framework/Versions/A/Libraries/libCVMSPluginSupport.dylib
0x00007fff42d95000 	/System/Library/Frameworks/OpenGL.framework/Versions/A/Libraries/libCoreVMClient.dylib
0x00007fff7158d000 	/usr/lib/libncurses.5.4.dylib
0x00007fff36f30000 	/System/Library/Frameworks/ApplicationServices.framework/Versions/A/Frameworks/ATS.framework/Versions/A/ATS
0x00007fff370fd000 	/System/Library/Frameworks/ApplicationServices.framework/Versions/A/Frameworks/ColorSyncLegacy.framework/Versions/A/ColorSyncLegacy
0x00007fff3719b000 	/System/Library/Frameworks/ApplicationServices.framework/Versions/A/Frameworks/HIServices.framework/Versions/A/HIServices
0x00007fff371f3000 	/System/Library/Frameworks/ApplicationServices.framework/Versions/A/Frameworks/LangAnalysis.framework/Versions/A/LangAnalysis
0x00007fff37202000 	/System/Library/Frameworks/ApplicationServices.framework/Versions/A/Frameworks/PrintCore.framework/Versions/A/PrintCore
0x00007fff37248000 	/System/Library/Frameworks/ApplicationServices.framework/Versions/A/Frameworks/QD.framework/Versions/A/QD
0x00007fff37253000 	/System/Library/Frameworks/ApplicationServices.framework/Versions/A/Frameworks/SpeechSynthesis.framework/Versions/A/SpeechSynthesis
0x00007fff370cd000 	/System/Library/Frameworks/ApplicationServices.framework/Versions/A/Frameworks/ATSUI.framework/Versions/A/ATSUI
0x00007fff709d1000 	/usr/lib/libcups.2.dylib
0x00007fff3d81a000 	/System/Library/Frameworks/Kerberos.framework/Versions/A/Kerberos
0x00007fff3b95b000 	/System/Library/Frameworks/GSS.framework/Versions/A/GSS
0x00007fff71d10000 	/usr/lib/libresolv.9.dylib
0x00007fff5b7e5000 	/System/Library/PrivateFrameworks/Heimdal.framework/Versions/A/Heimdal
0x00007fff3d82d000 	/System/Library/Frameworks/Kerberos.framework/Versions/A/Libraries/libHeimdalProxy.dylib
0x00007fff70b78000 	/usr/lib/libheimdal-asn1.dylib
0x00007fff4faed000 	/System/Library/PrivateFrameworks/CommonAuth.framework/Versions/A/CommonAuth
0x00007fff4cd3c000 	/System/Library/PrivateFrameworks/AssertionServices.framework/Versions/A/AssertionServices
0x00007fff4d8df000 	/System/Library/PrivateFrameworks/AudioToolboxCore.framework/Versions/A/AudioToolboxCore
0x00007fff6c996000 	/System/Library/PrivateFrameworks/caulk.framework/Versions/A/caulk
0x00007fff4dea8000 	/System/Library/PrivateFrameworks/BaseBoard.framework/Versions/A/BaseBoard
0x00007fff64fe0000 	/System/Library/PrivateFrameworks/RunningBoardServices.framework/Versions/A/RunningBoardServices
0x00007fff61ff1000 	/System/Library/PrivateFrameworks/PersistentConnection.framework/Versions/A/PersistentConnection
0x00007fff649d9000 	/System/Library/PrivateFrameworks/ProtocolBuffer.framework/Versions/A/ProtocolBuffer
0x00007fff4fb11000 	/System/Library/PrivateFrameworks/CommonUtilities.framework/Versions/A/CommonUtilities
0x00007fff4e036000 	/System/Library/PrivateFrameworks/Bom.framework/Versions/A/Bom
0x00007fff6f7cc000 	/usr/lib/libAudioToolboxUtility.dylib
0x00007fff4de06000 	/System/Library/PrivateFrameworks/Backup.framework/Versions/A/Backup
0x00007fff52be3000 	/System/Library/PrivateFrameworks/CrashReporterSupport.framework/Versions/A/CrashReporterSupport
0x00007fff66a72000 	/System/Library/PrivateFrameworks/Sharing.framework/Versions/A/Sharing
0x00007fff4c34a000 	/System/Library/PrivateFrameworks/Apple80211.framework/Versions/A/Apple80211
0x00007fff4db23000 	/System/Library/PrivateFrameworks/AuthKit.framework/Versions/A/AuthKit
0x00007fff528f0000 	/System/Library/PrivateFrameworks/CoreUtils.framework/Versions/A/CoreUtils
0x00007fff3aec4000 	/System/Library/Frameworks/CoreWLAN.framework/Versions/A/CoreWLAN
0x00007fff3bae8000 	/System/Library/Frameworks/IOBluetooth.framework/Versions/A/IOBluetooth
0x00007fff5fbac000 	/System/Library/PrivateFrameworks/MobileKeyBag.framework/Versions/A/MobileKeyBag
0x00007fff516f5000 	/System/Library/PrivateFrameworks/CorePhoneNumbers.framework/Versions/A/CorePhoneNumbers
0x00007fff4c73a000 	/System/Library/PrivateFrameworks/AppleIDAuthSupport.framework/Versions/A/AppleIDAuthSupport
0x00007fff3f81c000 	/System/Library/Frameworks/Network.framework/Versions/A/Network
0x00007fff5e27a000 	/System/Library/PrivateFrameworks/KeychainCircle.framework/Versions/A/KeychainCircle
0x00007fff38915000 	/System/Library/Frameworks/CoreBluetooth.framework/Versions/A/CoreBluetooth
0x00007fff68af1000 	/System/Library/PrivateFrameworks/SpeechRecognitionCore.framework/Versions/A/SpeechRecognitionCore
0x000000010c200000 	/Users/carpediem/.vscode/extensions/redhat.java-1.23.0-darwin-x64/jre/17.0.8.1-macosx-x86_64/lib/server/libjvm.dylib
0x000000010a816000 	/Users/carpediem/.vscode/extensions/redhat.java-1.23.0-darwin-x64/jre/17.0.8.1-macosx-x86_64/lib/libjimage.dylib
0x000000010a824000 	/Users/carpediem/.vscode/extensions/redhat.java-1.23.0-darwin-x64/jre/17.0.8.1-macosx-x86_64/lib/libinstrument.dylib
0x000000010a834000 	/Users/carpediem/.vscode/extensions/redhat.java-1.23.0-darwin-x64/jre/17.0.8.1-macosx-x86_64/lib/libjava.dylib
0x000000010a9b2000 	/Users/carpediem/.vscode/extensions/redhat.java-1.23.0-darwin-x64/jre/17.0.8.1-macosx-x86_64/lib/libzip.dylib
0x000000010a9cf000 	/Users/carpediem/.vscode/extensions/redhat.java-1.23.0-darwin-x64/jre/17.0.8.1-macosx-x86_64/lib/libnio.dylib
0x000000010a9e4000 	/Users/carpediem/.vscode/extensions/redhat.java-1.23.0-darwin-x64/jre/17.0.8.1-macosx-x86_64/lib/libnet.dylib
0x00000001140fb000 	/Users/carpediem/.vscode/extensions/redhat.java-1.23.0-darwin-x64/jre/17.0.8.1-macosx-x86_64/lib/libverify.dylib


VM Arguments:
jvm_args: --add-modules=ALL-SYSTEM --add-opens=java.base/java.util=ALL-UNNAMED --add-opens=java.base/java.lang=ALL-UNNAMED --add-opens=java.base/sun.nio.fs=ALL-UNNAMED -Declipse.application=org.eclipse.jdt.ls.core.id1 -Dosgi.bundles.defaultStartLevel=4 -Declipse.product=org.eclipse.jdt.ls.core.product -Djava.import.generatesMetadataFilesAtProjectRoot=false -DDetectVMInstallationsJob.disabled=true -Dfile.encoding=utf8 -XX:+UseParallelGC -XX:GCTimeRatio=4 -XX:AdaptiveSizePolicyWeight=90 -Dsun.zip.disableMemoryMapping=true -Xmx1G -Xms100m -Xlog:disable -javaagent:/Users/carpediem/.vscode/extensions/redhat.java-1.23.0-darwin-x64/lombok/lombok-1.18.30.jar -XX:+HeapDumpOnOutOfMemoryError -XX:HeapDumpPath=/Users/carpediem/Library/Application Support/Code/User/workspaceStorage/5a4e84b38b8fdc59893cc827d908d4bb/redhat.java -Daether.dependencyCollector.impl=bf 
java_command: /Users/carpediem/.vscode/extensions/redhat.java-1.23.0-darwin-x64/server/plugins/org.eclipse.equinox.launcher_1.6.500.v20230717-2134.jar -configuration /Users/carpediem/Library/Application Support/Code/User/globalStorage/redhat.java/1.23.0/config_mac -data /Users/carpediem/Library/Application Support/Code/User/workspaceStorage/5a4e84b38b8fdc59893cc827d908d4bb/redhat.java/jdt_ws
java_class_path (initial): /Users/carpediem/.vscode/extensions/redhat.java-1.23.0-darwin-x64/server/plugins/org.eclipse.equinox.launcher_1.6.500.v20230717-2134.jar
Launcher Type: SUN_STANDARD

[Global flags]
    uintx AdaptiveSizePolicyWeight                 = 90                                        {product} {command line}
     intx CICompilerCount                          = 4                                         {product} {ergonomic}
    uintx GCTimeRatio                              = 4                                         {product} {command line}
     bool HeapDumpOnOutOfMemoryError               = true                                   {manageable} {command line}
    ccstr HeapDumpPath                             = /Users/carpediem/Library/Application Support/Code/User/workspaceStorage/5a4e84b38b8fdc59893cc827d908d4bb/redhat.java         {manageable} {command line}
   size_t InitialHeapSize                          = 104857600                                 {product} {command line}
   size_t MaxHeapSize                              = 1073741824                                {product} {command line}
   size_t MaxNewSize                               = 357564416                                 {product} {ergonomic}
   size_t MinHeapDeltaBytes                        = 524288                                    {product} {ergonomic}
   size_t MinHeapSize                              = 104857600                                 {product} {command line}
   size_t NewSize                                  = 34603008                                  {product} {ergonomic}
    uintx NonNMethodCodeHeapSize                   = 5839372                                {pd product} {ergonomic}
    uintx NonProfiledCodeHeapSize                  = 122909434                              {pd product} {ergonomic}
   size_t OldSize                                  = 70254592                                  {product} {ergonomic}
    uintx ProfiledCodeHeapSize                     = 122909434                              {pd product} {ergonomic}
    uintx ReservedCodeCacheSize                    = 251658240                              {pd product} {ergonomic}
     bool SegmentedCodeCache                       = true                                      {product} {ergonomic}
   size_t SoftMaxHeapSize                          = 1073741824                             {manageable} {ergonomic}
     bool UseCompressedClassPointers               = true                           {product lp64_product} {ergonomic}
     bool UseCompressedOops                        = true                           {product lp64_product} {ergonomic}
     bool UseNUMA                                  = false                                     {product} {ergonomic}
     bool UseNUMAInterleaving                      = false                                     {product} {ergonomic}
     bool UseParallelGC                            = true                                      {product} {command line}

Logging:
Log output configuration:
 #0: stdout all=off uptime,level,tags
 #1: stderr all=off uptime,level,tags

Environment Variables:
PATH=/usr/local/apache-ant/bin:/usr/local/apache-ant/bin:/usr/local/bin:/usr/bin:/bin:/usr/sbin:/sbin:/opt/local/bin:/opt/local/sbin
SHELL=/bin/bash
TMPDIR=/var/folders/bw/c4k0c9qs67gfjpq8q6hs8z4m0000gn/T/

Active Locale:
LC_ALL=C
LC_COLLATE=C
LC_CTYPE=C
LC_MESSAGES=C
LC_MONETARY=C
LC_NUMERIC=C
LC_TIME=C

Signal Handlers:
   SIGSEGV: crash_handler in libjvm.dylib, mask=11100110000111110111111111111111, flags=SA_RESTART|SA_SIGINFO, unblocked
    SIGBUS: crash_handler in libjvm.dylib, mask=11100110000111110111111111111111, flags=SA_RESTART|SA_SIGINFO, unblocked
    SIGFPE: crash_handler in libjvm.dylib, mask=11100110000111110111111111111111, flags=SA_RESTART|SA_SIGINFO, unblocked
   SIGPIPE: javaSignalHandler in libjvm.dylib, mask=11100110000111110111111111111111, flags=SA_RESTART|SA_SIGINFO, blocked
   SIGXFSZ: javaSignalHandler in libjvm.dylib, mask=11100110000111110111111111111111, flags=SA_RESTART|SA_SIGINFO, blocked
    SIGILL: crash_handler in libjvm.dylib, mask=11100110000111110111111111111111, flags=SA_RESTART|SA_SIGINFO, unblocked
   SIGUSR2: SR_handler in libjvm.dylib, mask=00000000000000000000000000000000, flags=SA_RESTART|SA_SIGINFO, blocked
    SIGHUP: UserHandler in libjvm.dylib, mask=11100110000111110111111111111111, flags=SA_RESTART|SA_SIGINFO, blocked
    SIGINT: UserHandler in libjvm.dylib, mask=11100110000111110111111111111111, flags=SA_RESTART|SA_SIGINFO, blocked
   SIGTERM: UserHandler in libjvm.dylib, mask=11100110000111110111111111111111, flags=SA_RESTART|SA_SIGINFO, blocked
   SIGQUIT: UserHandler in libjvm.dylib, mask=11100110000111110111111111111111, flags=SA_RESTART|SA_SIGINFO, blocked
   SIGTRAP: crash_handler in libjvm.dylib, mask=11100110000111110111111111111111, flags=SA_RESTART|SA_SIGINFO, unblocked


---------------  S Y S T E M  ---------------

OS:
uname: Darwin 19.6.0 Darwin Kernel Version 19.6.0: Thu Oct 29 22:56:45 PDT 2020; root:xnu-6153.141.2.2~1/RELEASE_X86_64 x86_64
OS uptime: 4 days 6:02 hours
rlimit (soft/hard): STACK 8192k/65532k , CORE 0k/infinity , NPROC 5568/8352 , NOFILE 10240/infinity , AS infinity/infinity , CPU infinity/infinity , DATA infinity/infinity , FSIZE infinity/infinity , MEMLOCK infinity/infinity , RSS infinity/infinity
load average: 2.05 1.30 1.23

CPU: total 12 (initial active 12) (6 cores per cpu, 2 threads per core) family 6 model 158 stepping 10 microcode 0xf4, cx8, cmov, fxsr, ht, mmx, 3dnowpref, sse, sse2, sse3, ssse3, sse4.1, sse4.2, popcnt, lzcnt, tsc, tscinvbit, avx, avx2, aes, erms, clmul, bmi1, bmi2, adx, fma, vzeroupper, clflush, clflushopt
machdep.cpu.brand_string:Intel(R) Core(TM) i7-9750H CPU @ 2.60GHz
hw.cpufrequency:2600000000
hw.cpufrequency_min:2600000000
hw.cpufrequency_max:2600000000
hw.cachelinesize:64
hw.l1icachesize:32768
hw.l1dcachesize:32768
hw.l2cachesize:262144
hw.l3cachesize:12582912

Memory: 4k page, physical 33554432k(2984132k free), swap 2097152k(1754368k free)

vm_info: OpenJDK 64-Bit Server VM (17.0.8.1+1) for bsd-amd64 JRE (17.0.8.1+1), built on Aug 23 2023 15:17:19 by "admin" with clang 4.2.1 Compatible Apple LLVM 10.0.1 (clang-1001.0.46.4)

END.
